<?xml version="1.0" encoding="UTF-8"?>
<coverage generated="1523568402717" clover="3.2.0">
  <project timestamp="1523568402717" name="All files">
    <metrics statements="907" coveredstatements="0" conditionals="408" coveredconditionals="0" methods="567" coveredmethods="0" elements="1882" coveredelements="0" complexity="0" loc="907" ncloc="907" packages="16" files="32" classes="32">
      <package name="coverage.lcov-report">
        <metrics statements="105" coveredstatements="0" conditionals="321" coveredconditionals="0" methods="52" coveredmethods="0"/>
        <file name="block-navigation.js" path="/Users/andeladeveloper/Documents/CODEBASE/eventmanager/client/coverage/lcov-report/block-navigation.js">
          <metrics statements="27" coveredstatements="0" conditionals="15" coveredconditionals="0" methods="6" coveredmethods="0"/>
          <line num="1" count="0" type="stmt"/>
          <line num="3" count="0" type="stmt"/>
          <line num="6" count="0" type="stmt"/>
          <line num="9" count="0" type="stmt"/>
          <line num="12" count="0" type="stmt"/>
          <line num="17" count="0" type="stmt"/>
          <line num="18" count="0" type="stmt"/>
          <line num="22" count="0" type="stmt"/>
          <line num="23" count="0" type="stmt"/>
          <line num="24" count="0" type="stmt"/>
          <line num="29" count="0" type="stmt"/>
          <line num="30" count="0" type="cond" truecount="0" falsecount="4"/>
          <line num="31" count="0" type="stmt"/>
          <line num="32" count="0" type="cond" truecount="0" falsecount="2"/>
          <line num="33" count="0" type="stmt"/>
          <line num="36" count="0" type="stmt"/>
          <line num="40" count="0" type="stmt"/>
          <line num="42" count="0" type="cond" truecount="0" falsecount="4"/>
          <line num="43" count="0" type="stmt"/>
          <line num="46" count="0" type="stmt"/>
          <line num="49" count="0" type="stmt"/>
          <line num="50" count="0" type="stmt"/>
          <line num="53" count="0" type="stmt"/>
          <line num="54" count="0" type="stmt"/>
          <line num="58" count="0" type="stmt"/>
          <line num="59" count="0" type="stmt"/>
          <line num="63" count="0" type="stmt"/>
        </file>
        <file name="prettify.js" path="/Users/andeladeveloper/Documents/CODEBASE/eventmanager/client/coverage/lcov-report/prettify.js">
          <metrics statements="1" coveredstatements="0" conditionals="284" coveredconditionals="0" methods="29" coveredmethods="0"/>
          <line num="1" count="0" type="cond" truecount="0" falsecount="284"/>
        </file>
        <file name="sorter.js" path="/Users/andeladeveloper/Documents/CODEBASE/eventmanager/client/coverage/lcov-report/sorter.js">
          <metrics statements="77" coveredstatements="0" conditionals="22" coveredconditionals="0" methods="17" coveredmethods="0"/>
          <line num="1" count="0" type="stmt"/>
          <line num="4" count="0" type="stmt"/>
          <line num="10" count="0" type="stmt"/>
          <line num="12" count="0" type="stmt"/>
          <line num="14" count="0" type="stmt"/>
          <line num="16" count="0" type="stmt"/>
          <line num="20" count="0" type="stmt"/>
          <line num="22" count="0" type="stmt"/>
          <line num="26" count="0" type="stmt"/>
          <line num="27" count="0" type="stmt"/>
          <line num="28" count="0" type="stmt"/>
          <line num="33" count="0" type="stmt"/>
          <line num="34" count="0" type="cond" truecount="0" falsecount="2"/>
          <line num="35" count="0" type="stmt"/>
          <line num="36" count="0" type="stmt"/>
          <line num="39" count="0" type="stmt"/>
          <line num="44" count="0" type="stmt"/>
          <line num="47" count="0" type="stmt"/>
          <line num="50" count="0" type="stmt"/>
          <line num="51" count="0" type="stmt"/>
          <line num="52" count="0" type="stmt"/>
          <line num="53" count="0" type="stmt"/>
          <line num="54" count="0" type="cond" truecount="0" falsecount="2"/>
          <line num="55" count="0" type="stmt"/>
          <line num="57" count="0" type="stmt"/>
          <line num="59" count="0" type="stmt"/>
          <line num="63" count="0" type="stmt"/>
          <line num="66" count="0" type="stmt"/>
          <line num="67" count="0" type="stmt"/>
          <line num="72" count="0" type="stmt"/>
          <line num="73" count="0" type="stmt"/>
          <line num="74" count="0" type="stmt"/>
          <line num="75" count="0" type="stmt"/>
          <line num="76" count="0" type="cond" truecount="0" falsecount="4"/>
          <line num="78" count="0" type="stmt"/>
          <line num="79" count="0" type="stmt"/>
          <line num="80" count="0" type="stmt"/>
          <line num="81" count="0" type="stmt"/>
          <line num="84" count="0" type="cond" truecount="0" falsecount="2"/>
          <line num="85" count="0" type="stmt"/>
          <line num="86" count="0" type="stmt"/>
          <line num="90" count="0" type="stmt"/>
          <line num="91" count="0" type="stmt"/>
          <line num="92" count="0" type="stmt"/>
          <line num="95" count="0" type="stmt"/>
          <line num="97" count="0" type="stmt"/>
          <line num="98" count="0" type="stmt"/>
          <line num="103" count="0" type="stmt"/>
          <line num="104" count="0" type="stmt"/>
          <line num="106" count="0" type="stmt"/>
          <line num="107" count="0" type="stmt"/>
          <line num="111" count="0" type="cond" truecount="0" falsecount="2"/>
          <line num="117" count="0" type="stmt"/>
          <line num="118" count="0" type="stmt"/>
          <line num="120" count="0" type="stmt"/>
          <line num="121" count="0" type="stmt"/>
          <line num="123" count="0" type="cond" truecount="0" falsecount="2"/>
          <line num="124" count="0" type="stmt"/>
          <line num="126" count="0" type="stmt"/>
          <line num="127" count="0" type="stmt"/>
          <line num="128" count="0" type="stmt"/>
          <line num="129" count="0" type="stmt"/>
          <line num="130" count="0" type="stmt"/>
          <line num="133" count="0" type="stmt"/>
          <line num="134" count="0" type="cond" truecount="0" falsecount="2"/>
          <line num="137" count="0" type="stmt"/>
          <line num="138" count="0" type="cond" truecount="0" falsecount="2"/>
          <line num="139" count="0" type="stmt"/>
          <line num="141" count="0" type="stmt"/>
          <line num="147" count="0" type="stmt"/>
          <line num="148" count="0" type="cond" truecount="0" falsecount="2"/>
          <line num="149" count="0" type="stmt"/>
          <line num="151" count="0" type="stmt"/>
          <line num="152" count="0" type="stmt"/>
          <line num="153" count="0" type="stmt"/>
          <line num="154" count="0" type="stmt"/>
          <line num="158" count="0" type="stmt"/>
        </file>
      </package>
      <package name="public">
        <metrics statements="400" coveredstatements="0" conditionals="8" coveredconditionals="0" methods="385" coveredmethods="0"/>
        <file name="bundle.js" path="/Users/andeladeveloper/Documents/CODEBASE/eventmanager/client/public/bundle.js">
          <metrics statements="400" coveredstatements="0" conditionals="8" coveredconditionals="0" methods="385" coveredmethods="0"/>
          <line num="1" count="0" type="stmt"/>
          <line num="3" count="0" type="stmt"/>
          <line num="9" count="0" type="cond" truecount="0" falsecount="2"/>
          <line num="10" count="0" type="stmt"/>
          <line num="13" count="0" type="stmt"/>
          <line num="20" count="0" type="stmt"/>
          <line num="23" count="0" type="stmt"/>
          <line num="26" count="0" type="stmt"/>
          <line num="31" count="0" type="stmt"/>
          <line num="34" count="0" type="stmt"/>
          <line num="37" count="0" type="stmt"/>
          <line num="38" count="0" type="cond" truecount="0" falsecount="2"/>
          <line num="39" count="0" type="stmt"/>
          <line num="48" count="0" type="stmt"/>
          <line num="49" count="0" type="cond" truecount="0" falsecount="2"/>
          <line num="50" count="0" type="cond" truecount="0" falsecount="2"/>
          <line num="51" count="0" type="stmt"/>
          <line num="52" count="0" type="stmt"/>
          <line num="53" count="0" type="stmt"/>
          <line num="57" count="0" type="stmt"/>
          <line num="60" count="0" type="stmt"/>
          <line num="63" count="0" type="stmt"/>
          <line num="71" count="0" type="stmt"/>
          <line num="77" count="0" type="stmt"/>
          <line num="83" count="0" type="stmt"/>
          <line num="89" count="0" type="stmt"/>
          <line num="96" count="0" type="stmt"/>
          <line num="102" count="0" type="stmt"/>
          <line num="109" count="0" type="stmt"/>
          <line num="116" count="0" type="stmt"/>
          <line num="123" count="0" type="stmt"/>
          <line num="130" count="0" type="stmt"/>
          <line num="136" count="0" type="stmt"/>
          <line num="142" count="0" type="stmt"/>
          <line num="149" count="0" type="stmt"/>
          <line num="155" count="0" type="stmt"/>
          <line num="162" count="0" type="stmt"/>
          <line num="168" count="0" type="stmt"/>
          <line num="175" count="0" type="stmt"/>
          <line num="182" count="0" type="stmt"/>
          <line num="188" count="0" type="stmt"/>
          <line num="194" count="0" type="stmt"/>
          <line num="201" count="0" type="stmt"/>
          <line num="208" count="0" type="stmt"/>
          <line num="215" count="0" type="stmt"/>
          <line num="221" count="0" type="stmt"/>
          <line num="227" count="0" type="stmt"/>
          <line num="234" count="0" type="stmt"/>
          <line num="241" count="0" type="stmt"/>
          <line num="248" count="0" type="stmt"/>
          <line num="255" count="0" type="stmt"/>
          <line num="261" count="0" type="stmt"/>
          <line num="268" count="0" type="stmt"/>
          <line num="274" count="0" type="stmt"/>
          <line num="281" count="0" type="stmt"/>
          <line num="287" count="0" type="stmt"/>
          <line num="293" count="0" type="stmt"/>
          <line num="300" count="0" type="stmt"/>
          <line num="307" count="0" type="stmt"/>
          <line num="314" count="0" type="stmt"/>
          <line num="320" count="0" type="stmt"/>
          <line num="327" count="0" type="stmt"/>
          <line num="333" count="0" type="stmt"/>
          <line num="339" count="0" type="stmt"/>
          <line num="345" count="0" type="stmt"/>
          <line num="352" count="0" type="stmt"/>
          <line num="358" count="0" type="stmt"/>
          <line num="364" count="0" type="stmt"/>
          <line num="371" count="0" type="stmt"/>
          <line num="378" count="0" type="stmt"/>
          <line num="385" count="0" type="stmt"/>
          <line num="392" count="0" type="stmt"/>
          <line num="399" count="0" type="stmt"/>
          <line num="406" count="0" type="stmt"/>
          <line num="413" count="0" type="stmt"/>
          <line num="420" count="0" type="stmt"/>
          <line num="427" count="0" type="stmt"/>
          <line num="434" count="0" type="stmt"/>
          <line num="441" count="0" type="stmt"/>
          <line num="447" count="0" type="stmt"/>
          <line num="453" count="0" type="stmt"/>
          <line num="459" count="0" type="stmt"/>
          <line num="465" count="0" type="stmt"/>
          <line num="472" count="0" type="stmt"/>
          <line num="479" count="0" type="stmt"/>
          <line num="486" count="0" type="stmt"/>
          <line num="493" count="0" type="stmt"/>
          <line num="499" count="0" type="stmt"/>
          <line num="505" count="0" type="stmt"/>
          <line num="511" count="0" type="stmt"/>
          <line num="518" count="0" type="stmt"/>
          <line num="524" count="0" type="stmt"/>
          <line num="530" count="0" type="stmt"/>
          <line num="537" count="0" type="stmt"/>
          <line num="543" count="0" type="stmt"/>
          <line num="549" count="0" type="stmt"/>
          <line num="556" count="0" type="stmt"/>
          <line num="563" count="0" type="stmt"/>
          <line num="570" count="0" type="stmt"/>
          <line num="577" count="0" type="stmt"/>
          <line num="584" count="0" type="stmt"/>
          <line num="591" count="0" type="stmt"/>
          <line num="598" count="0" type="stmt"/>
          <line num="605" count="0" type="stmt"/>
          <line num="612" count="0" type="stmt"/>
          <line num="619" count="0" type="stmt"/>
          <line num="626" count="0" type="stmt"/>
          <line num="633" count="0" type="stmt"/>
          <line num="640" count="0" type="stmt"/>
          <line num="647" count="0" type="stmt"/>
          <line num="654" count="0" type="stmt"/>
          <line num="661" count="0" type="stmt"/>
          <line num="668" count="0" type="stmt"/>
          <line num="675" count="0" type="stmt"/>
          <line num="682" count="0" type="stmt"/>
          <line num="688" count="0" type="stmt"/>
          <line num="694" count="0" type="stmt"/>
          <line num="700" count="0" type="stmt"/>
          <line num="706" count="0" type="stmt"/>
          <line num="713" count="0" type="stmt"/>
          <line num="719" count="0" type="stmt"/>
          <line num="726" count="0" type="stmt"/>
          <line num="733" count="0" type="stmt"/>
          <line num="739" count="0" type="stmt"/>
          <line num="746" count="0" type="stmt"/>
          <line num="752" count="0" type="stmt"/>
          <line num="758" count="0" type="stmt"/>
          <line num="765" count="0" type="stmt"/>
          <line num="771" count="0" type="stmt"/>
          <line num="777" count="0" type="stmt"/>
          <line num="783" count="0" type="stmt"/>
          <line num="789" count="0" type="stmt"/>
          <line num="795" count="0" type="stmt"/>
          <line num="801" count="0" type="stmt"/>
          <line num="807" count="0" type="stmt"/>
          <line num="813" count="0" type="stmt"/>
          <line num="819" count="0" type="stmt"/>
          <line num="825" count="0" type="stmt"/>
          <line num="831" count="0" type="stmt"/>
          <line num="837" count="0" type="stmt"/>
          <line num="843" count="0" type="stmt"/>
          <line num="850" count="0" type="stmt"/>
          <line num="857" count="0" type="stmt"/>
          <line num="864" count="0" type="stmt"/>
          <line num="871" count="0" type="stmt"/>
          <line num="877" count="0" type="stmt"/>
          <line num="883" count="0" type="stmt"/>
          <line num="889" count="0" type="stmt"/>
          <line num="895" count="0" type="stmt"/>
          <line num="901" count="0" type="stmt"/>
          <line num="907" count="0" type="stmt"/>
          <line num="913" count="0" type="stmt"/>
          <line num="919" count="0" type="stmt"/>
          <line num="925" count="0" type="stmt"/>
          <line num="931" count="0" type="stmt"/>
          <line num="937" count="0" type="stmt"/>
          <line num="943" count="0" type="stmt"/>
          <line num="949" count="0" type="stmt"/>
          <line num="956" count="0" type="stmt"/>
          <line num="963" count="0" type="stmt"/>
          <line num="970" count="0" type="stmt"/>
          <line num="977" count="0" type="stmt"/>
          <line num="984" count="0" type="stmt"/>
          <line num="991" count="0" type="stmt"/>
          <line num="997" count="0" type="stmt"/>
          <line num="1004" count="0" type="stmt"/>
          <line num="1011" count="0" type="stmt"/>
          <line num="1018" count="0" type="stmt"/>
          <line num="1025" count="0" type="stmt"/>
          <line num="1032" count="0" type="stmt"/>
          <line num="1039" count="0" type="stmt"/>
          <line num="1046" count="0" type="stmt"/>
          <line num="1053" count="0" type="stmt"/>
          <line num="1060" count="0" type="stmt"/>
          <line num="1067" count="0" type="stmt"/>
          <line num="1074" count="0" type="stmt"/>
          <line num="1081" count="0" type="stmt"/>
          <line num="1088" count="0" type="stmt"/>
          <line num="1095" count="0" type="stmt"/>
          <line num="1102" count="0" type="stmt"/>
          <line num="1109" count="0" type="stmt"/>
          <line num="1116" count="0" type="stmt"/>
          <line num="1123" count="0" type="stmt"/>
          <line num="1130" count="0" type="stmt"/>
          <line num="1137" count="0" type="stmt"/>
          <line num="1144" count="0" type="stmt"/>
          <line num="1151" count="0" type="stmt"/>
          <line num="1158" count="0" type="stmt"/>
          <line num="1165" count="0" type="stmt"/>
          <line num="1172" count="0" type="stmt"/>
          <line num="1179" count="0" type="stmt"/>
          <line num="1186" count="0" type="stmt"/>
          <line num="1193" count="0" type="stmt"/>
          <line num="1200" count="0" type="stmt"/>
          <line num="1207" count="0" type="stmt"/>
          <line num="1214" count="0" type="stmt"/>
          <line num="1220" count="0" type="stmt"/>
          <line num="1226" count="0" type="stmt"/>
          <line num="1233" count="0" type="stmt"/>
          <line num="1240" count="0" type="stmt"/>
          <line num="1247" count="0" type="stmt"/>
          <line num="1254" count="0" type="stmt"/>
          <line num="1261" count="0" type="stmt"/>
          <line num="1268" count="0" type="stmt"/>
          <line num="1275" count="0" type="stmt"/>
          <line num="1282" count="0" type="stmt"/>
          <line num="1289" count="0" type="stmt"/>
          <line num="1296" count="0" type="stmt"/>
          <line num="1303" count="0" type="stmt"/>
          <line num="1310" count="0" type="stmt"/>
          <line num="1317" count="0" type="stmt"/>
          <line num="1324" count="0" type="stmt"/>
          <line num="1331" count="0" type="stmt"/>
          <line num="1338" count="0" type="stmt"/>
          <line num="1345" count="0" type="stmt"/>
          <line num="1352" count="0" type="stmt"/>
          <line num="1359" count="0" type="stmt"/>
          <line num="1366" count="0" type="stmt"/>
          <line num="1373" count="0" type="stmt"/>
          <line num="1380" count="0" type="stmt"/>
          <line num="1387" count="0" type="stmt"/>
          <line num="1394" count="0" type="stmt"/>
          <line num="1401" count="0" type="stmt"/>
          <line num="1408" count="0" type="stmt"/>
          <line num="1415" count="0" type="stmt"/>
          <line num="1422" count="0" type="stmt"/>
          <line num="1428" count="0" type="stmt"/>
          <line num="1435" count="0" type="stmt"/>
          <line num="1442" count="0" type="stmt"/>
          <line num="1449" count="0" type="stmt"/>
          <line num="1456" count="0" type="stmt"/>
          <line num="1463" count="0" type="stmt"/>
          <line num="1470" count="0" type="stmt"/>
          <line num="1477" count="0" type="stmt"/>
          <line num="1484" count="0" type="stmt"/>
          <line num="1491" count="0" type="stmt"/>
          <line num="1498" count="0" type="stmt"/>
          <line num="1504" count="0" type="stmt"/>
          <line num="1511" count="0" type="stmt"/>
          <line num="1518" count="0" type="stmt"/>
          <line num="1524" count="0" type="stmt"/>
          <line num="1531" count="0" type="stmt"/>
          <line num="1537" count="0" type="stmt"/>
          <line num="1544" count="0" type="stmt"/>
          <line num="1550" count="0" type="stmt"/>
          <line num="1556" count="0" type="stmt"/>
          <line num="1562" count="0" type="stmt"/>
          <line num="1569" count="0" type="stmt"/>
          <line num="1575" count="0" type="stmt"/>
          <line num="1581" count="0" type="stmt"/>
          <line num="1587" count="0" type="stmt"/>
          <line num="1593" count="0" type="stmt"/>
          <line num="1599" count="0" type="stmt"/>
          <line num="1605" count="0" type="stmt"/>
          <line num="1612" count="0" type="stmt"/>
          <line num="1619" count="0" type="stmt"/>
          <line num="1626" count="0" type="stmt"/>
          <line num="1632" count="0" type="stmt"/>
          <line num="1638" count="0" type="stmt"/>
          <line num="1644" count="0" type="stmt"/>
          <line num="1650" count="0" type="stmt"/>
          <line num="1657" count="0" type="stmt"/>
          <line num="1663" count="0" type="stmt"/>
          <line num="1669" count="0" type="stmt"/>
          <line num="1675" count="0" type="stmt"/>
          <line num="1682" count="0" type="stmt"/>
          <line num="1689" count="0" type="stmt"/>
          <line num="1695" count="0" type="stmt"/>
          <line num="1701" count="0" type="stmt"/>
          <line num="1707" count="0" type="stmt"/>
          <line num="1713" count="0" type="stmt"/>
          <line num="1719" count="0" type="stmt"/>
          <line num="1725" count="0" type="stmt"/>
          <line num="1731" count="0" type="stmt"/>
          <line num="1737" count="0" type="stmt"/>
          <line num="1743" count="0" type="stmt"/>
          <line num="1749" count="0" type="stmt"/>
          <line num="1756" count="0" type="stmt"/>
          <line num="1763" count="0" type="stmt"/>
          <line num="1770" count="0" type="stmt"/>
          <line num="1777" count="0" type="stmt"/>
          <line num="1784" count="0" type="stmt"/>
          <line num="1790" count="0" type="stmt"/>
          <line num="1796" count="0" type="stmt"/>
          <line num="1802" count="0" type="stmt"/>
          <line num="1808" count="0" type="stmt"/>
          <line num="1814" count="0" type="stmt"/>
          <line num="1820" count="0" type="stmt"/>
          <line num="1826" count="0" type="stmt"/>
          <line num="1832" count="0" type="stmt"/>
          <line num="1838" count="0" type="stmt"/>
          <line num="1845" count="0" type="stmt"/>
          <line num="1852" count="0" type="stmt"/>
          <line num="1859" count="0" type="stmt"/>
          <line num="1866" count="0" type="stmt"/>
          <line num="1873" count="0" type="stmt"/>
          <line num="1880" count="0" type="stmt"/>
          <line num="1887" count="0" type="stmt"/>
          <line num="1894" count="0" type="stmt"/>
          <line num="1901" count="0" type="stmt"/>
          <line num="1908" count="0" type="stmt"/>
          <line num="1915" count="0" type="stmt"/>
          <line num="1922" count="0" type="stmt"/>
          <line num="1928" count="0" type="stmt"/>
          <line num="1935" count="0" type="stmt"/>
          <line num="1942" count="0" type="stmt"/>
          <line num="1949" count="0" type="stmt"/>
          <line num="1956" count="0" type="stmt"/>
          <line num="1963" count="0" type="stmt"/>
          <line num="1970" count="0" type="stmt"/>
          <line num="1977" count="0" type="stmt"/>
          <line num="1984" count="0" type="stmt"/>
          <line num="1990" count="0" type="stmt"/>
          <line num="1996" count="0" type="stmt"/>
          <line num="2002" count="0" type="stmt"/>
          <line num="2008" count="0" type="stmt"/>
          <line num="2014" count="0" type="stmt"/>
          <line num="2020" count="0" type="stmt"/>
          <line num="2026" count="0" type="stmt"/>
          <line num="2032" count="0" type="stmt"/>
          <line num="2038" count="0" type="stmt"/>
          <line num="2044" count="0" type="stmt"/>
          <line num="2051" count="0" type="stmt"/>
          <line num="2057" count="0" type="stmt"/>
          <line num="2063" count="0" type="stmt"/>
          <line num="2069" count="0" type="stmt"/>
          <line num="2075" count="0" type="stmt"/>
          <line num="2081" count="0" type="stmt"/>
          <line num="2087" count="0" type="stmt"/>
          <line num="2093" count="0" type="stmt"/>
          <line num="2100" count="0" type="stmt"/>
          <line num="2107" count="0" type="stmt"/>
          <line num="2114" count="0" type="stmt"/>
          <line num="2120" count="0" type="stmt"/>
          <line num="2126" count="0" type="stmt"/>
          <line num="2132" count="0" type="stmt"/>
          <line num="2138" count="0" type="stmt"/>
          <line num="2144" count="0" type="stmt"/>
          <line num="2150" count="0" type="stmt"/>
          <line num="2156" count="0" type="stmt"/>
          <line num="2162" count="0" type="stmt"/>
          <line num="2168" count="0" type="stmt"/>
          <line num="2174" count="0" type="stmt"/>
          <line num="2180" count="0" type="stmt"/>
          <line num="2187" count="0" type="stmt"/>
          <line num="2193" count="0" type="stmt"/>
          <line num="2200" count="0" type="stmt"/>
          <line num="2207" count="0" type="stmt"/>
          <line num="2214" count="0" type="stmt"/>
          <line num="2221" count="0" type="stmt"/>
          <line num="2228" count="0" type="stmt"/>
          <line num="2235" count="0" type="stmt"/>
          <line num="2242" count="0" type="stmt"/>
          <line num="2249" count="0" type="stmt"/>
          <line num="2256" count="0" type="stmt"/>
          <line num="2263" count="0" type="stmt"/>
          <line num="2270" count="0" type="stmt"/>
          <line num="2277" count="0" type="stmt"/>
          <line num="2284" count="0" type="stmt"/>
          <line num="2291" count="0" type="stmt"/>
          <line num="2298" count="0" type="stmt"/>
          <line num="2305" count="0" type="stmt"/>
          <line num="2312" count="0" type="stmt"/>
          <line num="2319" count="0" type="stmt"/>
          <line num="2326" count="0" type="stmt"/>
          <line num="2333" count="0" type="stmt"/>
          <line num="2340" count="0" type="stmt"/>
          <line num="2346" count="0" type="stmt"/>
          <line num="2353" count="0" type="stmt"/>
          <line num="2360" count="0" type="stmt"/>
          <line num="2367" count="0" type="stmt"/>
          <line num="2374" count="0" type="stmt"/>
          <line num="2381" count="0" type="stmt"/>
          <line num="2388" count="0" type="stmt"/>
          <line num="2395" count="0" type="stmt"/>
          <line num="2402" count="0" type="stmt"/>
          <line num="2409" count="0" type="stmt"/>
          <line num="2416" count="0" type="stmt"/>
          <line num="2423" count="0" type="stmt"/>
          <line num="2430" count="0" type="stmt"/>
          <line num="2437" count="0" type="stmt"/>
          <line num="2444" count="0" type="stmt"/>
          <line num="2451" count="0" type="stmt"/>
          <line num="2458" count="0" type="stmt"/>
          <line num="2465" count="0" type="stmt"/>
          <line num="2472" count="0" type="stmt"/>
          <line num="2478" count="0" type="stmt"/>
          <line num="2484" count="0" type="stmt"/>
          <line num="2490" count="0" type="stmt"/>
          <line num="2496" count="0" type="stmt"/>
          <line num="2502" count="0" type="stmt"/>
          <line num="2508" count="0" type="stmt"/>
          <line num="2514" count="0" type="stmt"/>
          <line num="2521" count="0" type="stmt"/>
          <line num="2528" count="0" type="stmt"/>
          <line num="2535" count="0" type="stmt"/>
          <line num="2542" count="0" type="stmt"/>
          <line num="2548" count="0" type="stmt"/>
          <line num="2554" count="0" type="stmt"/>
          <line num="2561" count="0" type="stmt"/>
        </file>
      </package>
      <package name="src">
        <metrics statements="27" coveredstatements="0" conditionals="2" coveredconditionals="0" methods="1" coveredmethods="0"/>
        <file name="App.js" path="/Users/andeladeveloper/Documents/CODEBASE/eventmanager/client/src/App.js">
          <metrics statements="23" coveredstatements="0" conditionals="2" coveredconditionals="0" methods="1" coveredmethods="0"/>
          <line num="1" count="0" type="stmt"/>
          <line num="2" count="0" type="stmt"/>
          <line num="3" count="0" type="stmt"/>
          <line num="4" count="0" type="stmt"/>
          <line num="5" count="0" type="stmt"/>
          <line num="6" count="0" type="stmt"/>
          <line num="7" count="0" type="stmt"/>
          <line num="8" count="0" type="stmt"/>
          <line num="9" count="0" type="stmt"/>
          <line num="10" count="0" type="stmt"/>
          <line num="11" count="0" type="stmt"/>
          <line num="13" count="0" type="stmt"/>
          <line num="14" count="0" type="stmt"/>
          <line num="15" count="0" type="stmt"/>
          <line num="16" count="0" type="stmt"/>
          <line num="17" count="0" type="stmt"/>
          <line num="20" count="0" type="stmt"/>
          <line num="22" count="0" type="stmt"/>
          <line num="26" count="0" type="cond" truecount="0" falsecount="2"/>
          <line num="27" count="0" type="stmt"/>
          <line num="34" count="0" type="stmt"/>
          <line num="35" count="0" type="stmt"/>
          <line num="38" count="0" type="stmt"/>
        </file>
        <file name="index.js" path="/Users/andeladeveloper/Documents/CODEBASE/eventmanager/client/src/index.js">
          <metrics statements="4" coveredstatements="0" conditionals="0" coveredconditionals="0" methods="0" coveredmethods="0"/>
          <line num="1" count="0" type="stmt"/>
          <line num="2" count="0" type="stmt"/>
          <line num="3" count="0" type="stmt"/>
          <line num="6" count="0" type="stmt"/>
        </file>
      </package>
      <package name="src.components">
        <metrics statements="3" coveredstatements="0" conditionals="0" coveredconditionals="0" methods="1" coveredmethods="0"/>
        <file name="NotFound.js" path="/Users/andeladeveloper/Documents/CODEBASE/eventmanager/client/src/components/NotFound.js">
          <metrics statements="3" coveredstatements="0" conditionals="0" coveredconditionals="0" methods="1" coveredmethods="0"/>
          <line num="1" count="0" type="stmt"/>
          <line num="2" count="0" type="stmt"/>
          <line num="4" count="0" type="stmt"/>
        </file>
      </package>
      <package name="src.components.Auth">
        <metrics statements="26" coveredstatements="0" conditionals="10" coveredconditionals="0" methods="9" coveredmethods="0"/>
        <file name="adminHOC.js" path="/Users/andeladeveloper/Documents/CODEBASE/eventmanager/client/src/components/Auth/adminHOC.js">
          <metrics statements="11" coveredstatements="0" conditionals="4" coveredconditionals="0" methods="4" coveredmethods="0"/>
          <line num="2" count="0" type="stmt"/>
          <line num="3" count="0" type="stmt"/>
          <line num="4" count="0" type="stmt"/>
          <line num="5" count="0" type="stmt"/>
          <line num="7" count="0" type="cond" truecount="0" falsecount="2"/>
          <line num="10" count="0" type="cond" truecount="0" falsecount="2"/>
          <line num="11" count="0" type="stmt"/>
          <line num="12" count="0" type="stmt"/>
          <line num="16" count="0" type="stmt"/>
          <line num="21" count="0" type="stmt"/>
          <line num="25" count="0" type="stmt"/>
        </file>
        <file name="auth.js" path="/Users/andeladeveloper/Documents/CODEBASE/eventmanager/client/src/components/Auth/auth.js">
          <metrics statements="4" coveredstatements="0" conditionals="2" coveredconditionals="0" methods="1" coveredmethods="0"/>
          <line num="1" count="0" type="stmt"/>
          <line num="4" count="0" type="cond" truecount="0" falsecount="2"/>
          <line num="5" count="0" type="stmt"/>
          <line num="7" count="0" type="stmt"/>
        </file>
        <file name="authHOC.js" path="/Users/andeladeveloper/Documents/CODEBASE/eventmanager/client/src/components/Auth/authHOC.js">
          <metrics statements="11" coveredstatements="0" conditionals="4" coveredconditionals="0" methods="4" coveredmethods="0"/>
          <line num="2" count="0" type="stmt"/>
          <line num="3" count="0" type="stmt"/>
          <line num="4" count="0" type="stmt"/>
          <line num="5" count="0" type="stmt"/>
          <line num="9" count="0" type="cond" truecount="0" falsecount="2"/>
          <line num="12" count="0" type="cond" truecount="0" falsecount="2"/>
          <line num="13" count="0" type="stmt"/>
          <line num="14" count="0" type="stmt"/>
          <line num="18" count="0" type="stmt"/>
          <line num="23" count="0" type="stmt"/>
          <line num="27" count="0" type="stmt"/>
        </file>
      </package>
      <package name="src.components.Center">
        <metrics statements="34" coveredstatements="0" conditionals="4" coveredconditionals="0" methods="10" coveredmethods="0"/>
        <file name="PickCenter.js" path="/Users/andeladeveloper/Documents/CODEBASE/eventmanager/client/src/components/Center/PickCenter.js">
          <metrics statements="14" coveredstatements="0" conditionals="0" coveredconditionals="0" methods="5" coveredmethods="0"/>
          <line num="1" count="0" type="stmt"/>
          <line num="2" count="0" type="stmt"/>
          <line num="3" count="0" type="stmt"/>
          <line num="4" count="0" type="stmt"/>
          <line num="5" count="0" type="stmt"/>
          <line num="9" count="0" type="stmt"/>
          <line num="12" count="0" type="stmt"/>
          <line num="13" count="0" type="stmt"/>
          <line num="24" count="0" type="stmt"/>
          <line num="27" count="0" type="stmt"/>
          <line num="38" count="0" type="stmt"/>
          <line num="49" count="0" type="stmt"/>
          <line num="53" count="0" type="stmt"/>
          <line num="54" count="0" type="stmt"/>
        </file>
        <file name="ViewCenters.js" path="/Users/andeladeveloper/Documents/CODEBASE/eventmanager/client/src/components/Center/ViewCenters.js">
          <metrics statements="16" coveredstatements="0" conditionals="4" coveredconditionals="0" methods="4" coveredmethods="0"/>
          <line num="1" count="0" type="stmt"/>
          <line num="2" count="0" type="stmt"/>
          <line num="3" count="0" type="stmt"/>
          <line num="4" count="0" type="stmt"/>
          <line num="5" count="0" type="stmt"/>
          <line num="6" count="0" type="stmt"/>
          <line num="7" count="0" type="stmt"/>
          <line num="12" count="0" type="stmt"/>
          <line num="17" count="0" type="stmt"/>
          <line num="24" count="0" type="cond" truecount="0" falsecount="2"/>
          <line num="26" count="0" type="cond" truecount="0" falsecount="2"/>
          <line num="35" count="0" type="stmt"/>
          <line num="47" count="0" type="stmt"/>
          <line num="53" count="0" type="stmt"/>
          <line num="58" count="0" type="stmt"/>
          <line num="59" count="0" type="stmt"/>
        </file>
        <file name="getCenter.js" path="/Users/andeladeveloper/Documents/CODEBASE/eventmanager/client/src/components/Center/getCenter.js">
          <metrics statements="4" coveredstatements="0" conditionals="0" coveredconditionals="0" methods="1" coveredmethods="0"/>
          <line num="1" count="0" type="stmt"/>
          <line num="2" count="0" type="stmt"/>
          <line num="4" count="0" type="stmt"/>
          <line num="23" count="0" type="stmt"/>
        </file>
      </package>
      <package name="src.components.Center.Form">
        <metrics statements="7" coveredstatements="0" conditionals="0" coveredconditionals="0" methods="3" coveredmethods="0"/>
        <file name="CenterForm.js" path="/Users/andeladeveloper/Documents/CODEBASE/eventmanager/client/src/components/Center/Form/CenterForm.js">
          <metrics statements="7" coveredstatements="0" conditionals="0" coveredconditionals="0" methods="3" coveredmethods="0"/>
          <line num="1" count="0" type="stmt"/>
          <line num="2" count="0" type="stmt"/>
          <line num="3" count="0" type="stmt"/>
          <line num="5" count="0" type="stmt"/>
          <line num="103" count="0" type="stmt"/>
          <line num="106" count="0" type="stmt"/>
          <line num="129" count="0" type="stmt"/>
        </file>
      </package>
      <package name="src.components.Event">
        <metrics statements="19" coveredstatements="0" conditionals="4" coveredconditionals="0" methods="5" coveredmethods="0"/>
        <file name="ViewEvents.js" path="/Users/andeladeveloper/Documents/CODEBASE/eventmanager/client/src/components/Event/ViewEvents.js">
          <metrics statements="15" coveredstatements="0" conditionals="4" coveredconditionals="0" methods="4" coveredmethods="0"/>
          <line num="1" count="0" type="stmt"/>
          <line num="2" count="0" type="stmt"/>
          <line num="3" count="0" type="stmt"/>
          <line num="4" count="0" type="stmt"/>
          <line num="5" count="0" type="stmt"/>
          <line num="6" count="0" type="stmt"/>
          <line num="7" count="0" type="stmt"/>
          <line num="12" count="0" type="stmt"/>
          <line num="16" count="0" type="stmt"/>
          <line num="22" count="0" type="cond" truecount="0" falsecount="4"/>
          <line num="32" count="0" type="stmt"/>
          <line num="44" count="0" type="stmt"/>
          <line num="51" count="0" type="stmt"/>
          <line num="56" count="0" type="stmt"/>
          <line num="57" count="0" type="stmt"/>
        </file>
        <file name="getEvent.js" path="/Users/andeladeveloper/Documents/CODEBASE/eventmanager/client/src/components/Event/getEvent.js">
          <metrics statements="4" coveredstatements="0" conditionals="0" coveredconditionals="0" methods="1" coveredmethods="0"/>
          <line num="1" count="0" type="stmt"/>
          <line num="2" count="0" type="stmt"/>
          <line num="5" count="0" type="stmt"/>
          <line num="22" count="0" type="stmt"/>
        </file>
      </package>
      <package name="src.components.Event.Form">
        <metrics statements="6" coveredstatements="0" conditionals="0" coveredconditionals="0" methods="2" coveredmethods="0"/>
        <file name="EventForm.js" path="/Users/andeladeveloper/Documents/CODEBASE/eventmanager/client/src/components/Event/Form/EventForm.js">
          <metrics statements="6" coveredstatements="0" conditionals="0" coveredconditionals="0" methods="2" coveredmethods="0"/>
          <line num="1" count="0" type="stmt"/>
          <line num="2" count="0" type="stmt"/>
          <line num="3" count="0" type="stmt"/>
          <line num="5" count="0" type="stmt"/>
          <line num="76" count="0" type="stmt"/>
          <line num="88" count="0" type="stmt"/>
        </file>
      </package>
      <package name="src.components.Route">
        <metrics statements="21" coveredstatements="0" conditionals="0" coveredconditionals="0" methods="1" coveredmethods="0"/>
        <file name="Route.js" path="/Users/andeladeveloper/Documents/CODEBASE/eventmanager/client/src/components/Route/Route.js">
          <metrics statements="21" coveredstatements="0" conditionals="0" coveredconditionals="0" methods="1" coveredmethods="0"/>
          <line num="1" count="0" type="stmt"/>
          <line num="2" count="0" type="stmt"/>
          <line num="3" count="0" type="stmt"/>
          <line num="4" count="0" type="stmt"/>
          <line num="5" count="0" type="stmt"/>
          <line num="6" count="0" type="stmt"/>
          <line num="7" count="0" type="stmt"/>
          <line num="8" count="0" type="stmt"/>
          <line num="9" count="0" type="stmt"/>
          <line num="10" count="0" type="stmt"/>
          <line num="11" count="0" type="stmt"/>
          <line num="12" count="0" type="stmt"/>
          <line num="13" count="0" type="stmt"/>
          <line num="14" count="0" type="stmt"/>
          <line num="15" count="0" type="stmt"/>
          <line num="16" count="0" type="stmt"/>
          <line num="17" count="0" type="stmt"/>
          <line num="18" count="0" type="stmt"/>
          <line num="19" count="0" type="stmt"/>
          <line num="20" count="0" type="stmt"/>
          <line num="23" count="0" type="stmt"/>
        </file>
      </package>
      <package name="src.components.UI">
        <metrics statements="6" coveredstatements="0" conditionals="0" coveredconditionals="0" methods="2" coveredmethods="0"/>
        <file name="Footer.js" path="/Users/andeladeveloper/Documents/CODEBASE/eventmanager/client/src/components/UI/Footer.js">
          <metrics statements="2" coveredstatements="0" conditionals="0" coveredconditionals="0" methods="1" coveredmethods="0"/>
          <line num="1" count="0" type="stmt"/>
          <line num="3" count="0" type="stmt"/>
        </file>
        <file name="Home.js" path="/Users/andeladeveloper/Documents/CODEBASE/eventmanager/client/src/components/UI/Home.js">
          <metrics statements="4" coveredstatements="0" conditionals="0" coveredconditionals="0" methods="1" coveredmethods="0"/>
          <line num="1" count="0" type="stmt"/>
          <line num="2" count="0" type="stmt"/>
          <line num="3" count="0" type="stmt"/>
          <line num="6" count="0" type="stmt"/>
        </file>
      </package>
      <package name="src.components.User">
        <metrics statements="14" coveredstatements="0" conditionals="0" coveredconditionals="0" methods="3" coveredmethods="0"/>
        <file name="EmailVerify.js" path="/Users/andeladeveloper/Documents/CODEBASE/eventmanager/client/src/components/User/EmailVerify.js">
          <metrics statements="10" coveredstatements="0" conditionals="0" coveredconditionals="0" methods="2" coveredmethods="0"/>
          <line num="1" count="0" type="stmt"/>
          <line num="2" count="0" type="stmt"/>
          <line num="3" count="0" type="stmt"/>
          <line num="4" count="0" type="stmt"/>
          <line num="8" count="0" type="stmt"/>
          <line num="13" count="0" type="stmt"/>
          <line num="16" count="0" type="stmt"/>
          <line num="26" count="0" type="stmt"/>
          <line num="36" count="0" type="stmt"/>
          <line num="37" count="0" type="stmt"/>
        </file>
        <file name="TextField.js" path="/Users/andeladeveloper/Documents/CODEBASE/eventmanager/client/src/components/User/TextField.js">
          <metrics statements="4" coveredstatements="0" conditionals="0" coveredconditionals="0" methods="1" coveredmethods="0"/>
          <line num="1" count="0" type="stmt"/>
          <line num="2" count="0" type="stmt"/>
          <line num="4" count="0" type="stmt"/>
          <line num="22" count="0" type="stmt"/>
        </file>
      </package>
      <package name="src.store.actions">
        <metrics statements="181" coveredstatements="0" conditionals="22" coveredconditionals="0" methods="85" coveredmethods="0"/>
        <file name="actionsTypes.js" path="/Users/andeladeveloper/Documents/CODEBASE/eventmanager/client/src/store/actions/actionsTypes.js">
          <metrics statements="18" coveredstatements="0" conditionals="0" coveredconditionals="0" methods="0" coveredmethods="0"/>
          <line num="1" count="0" type="stmt"/>
          <line num="2" count="0" type="stmt"/>
          <line num="3" count="0" type="stmt"/>
          <line num="4" count="0" type="stmt"/>
          <line num="7" count="0" type="stmt"/>
          <line num="8" count="0" type="stmt"/>
          <line num="9" count="0" type="stmt"/>
          <line num="10" count="0" type="stmt"/>
          <line num="11" count="0" type="stmt"/>
          <line num="12" count="0" type="stmt"/>
          <line num="13" count="0" type="stmt"/>
          <line num="15" count="0" type="stmt"/>
          <line num="16" count="0" type="stmt"/>
          <line num="17" count="0" type="stmt"/>
          <line num="18" count="0" type="stmt"/>
          <line num="19" count="0" type="stmt"/>
          <line num="20" count="0" type="stmt"/>
          <line num="23" count="0" type="stmt"/>
        </file>
        <file name="centerAction.js" path="/Users/andeladeveloper/Documents/CODEBASE/eventmanager/client/src/store/actions/centerAction.js">
          <metrics statements="48" coveredstatements="0" conditionals="4" coveredconditionals="0" methods="27" coveredmethods="0"/>
          <line num="2" count="0" type="stmt"/>
          <line num="3" count="0" type="stmt"/>
          <line num="4" count="0" type="stmt"/>
          <line num="6" count="0" type="stmt"/>
          <line num="7" count="0" type="stmt"/>
          <line num="13" count="0" type="stmt"/>
          <line num="14" count="0" type="stmt"/>
          <line num="20" count="0" type="stmt"/>
          <line num="21" count="0" type="stmt"/>
          <line num="27" count="0" type="stmt"/>
          <line num="28" count="0" type="stmt"/>
          <line num="34" count="0" type="stmt"/>
          <line num="35" count="0" type="stmt"/>
          <line num="43" count="0" type="stmt"/>
          <line num="44" count="0" type="stmt"/>
          <line num="45" count="0" type="stmt"/>
          <line num="47" count="0" type="stmt"/>
          <line num="50" count="0" type="stmt"/>
          <line num="56" count="0" type="stmt"/>
          <line num="57" count="0" type="stmt"/>
          <line num="58" count="0" type="stmt"/>
          <line num="60" count="0" type="stmt"/>
          <line num="63" count="0" type="stmt"/>
          <line num="71" count="0" type="stmt"/>
          <line num="72" count="0" type="stmt"/>
          <line num="73" count="0" type="stmt"/>
          <line num="75" count="0" type="stmt"/>
          <line num="76" count="0" type="stmt"/>
          <line num="77" count="0" type="stmt"/>
          <line num="80" count="0" type="stmt"/>
          <line num="81" count="0" type="cond" truecount="0" falsecount="2"/>
          <line num="82" count="0" type="stmt"/>
          <line num="88" count="0" type="stmt"/>
          <line num="89" count="0" type="stmt"/>
          <line num="90" count="0" type="stmt"/>
          <line num="92" count="0" type="stmt"/>
          <line num="93" count="0" type="stmt"/>
          <line num="94" count="0" type="stmt"/>
          <line num="97" count="0" type="stmt"/>
          <line num="98" count="0" type="cond" truecount="0" falsecount="2"/>
          <line num="99" count="0" type="stmt"/>
          <line num="108" count="0" type="stmt"/>
          <line num="109" count="0" type="stmt"/>
          <line num="110" count="0" type="stmt"/>
          <line num="112" count="0" type="stmt"/>
          <line num="113" count="0" type="stmt"/>
          <line num="116" count="0" type="stmt"/>
          <line num="117" count="0" type="stmt"/>
        </file>
        <file name="eventAction.js" path="/Users/andeladeveloper/Documents/CODEBASE/eventmanager/client/src/store/actions/eventAction.js">
          <metrics statements="52" coveredstatements="0" conditionals="6" coveredconditionals="0" methods="28" coveredmethods="0"/>
          <line num="2" count="0" type="stmt"/>
          <line num="3" count="0" type="stmt"/>
          <line num="4" count="0" type="stmt"/>
          <line num="6" count="0" type="stmt"/>
          <line num="7" count="0" type="stmt"/>
          <line num="13" count="0" type="stmt"/>
          <line num="14" count="0" type="cond" truecount="0" falsecount="2"/>
          <line num="15" count="0" type="stmt"/>
          <line num="21" count="0" type="stmt"/>
          <line num="22" count="0" type="stmt"/>
          <line num="28" count="0" type="stmt"/>
          <line num="29" count="0" type="stmt"/>
          <line num="35" count="0" type="stmt"/>
          <line num="36" count="0" type="stmt"/>
          <line num="43" count="0" type="stmt"/>
          <line num="44" count="0" type="stmt"/>
          <line num="50" count="0" type="stmt"/>
          <line num="51" count="0" type="stmt"/>
          <line num="52" count="0" type="stmt"/>
          <line num="54" count="0" type="stmt"/>
          <line num="57" count="0" type="stmt"/>
          <line num="63" count="0" type="stmt"/>
          <line num="64" count="0" type="stmt"/>
          <line num="65" count="0" type="stmt"/>
          <line num="67" count="0" type="stmt"/>
          <line num="70" count="0" type="stmt"/>
          <line num="77" count="0" type="stmt"/>
          <line num="78" count="0" type="stmt"/>
          <line num="79" count="0" type="stmt"/>
          <line num="81" count="0" type="stmt"/>
          <line num="82" count="0" type="stmt"/>
          <line num="83" count="0" type="stmt"/>
          <line num="86" count="0" type="stmt"/>
          <line num="87" count="0" type="cond" truecount="0" falsecount="2"/>
          <line num="88" count="0" type="stmt"/>
          <line num="97" count="0" type="stmt"/>
          <line num="98" count="0" type="stmt"/>
          <line num="99" count="0" type="stmt"/>
          <line num="101" count="0" type="stmt"/>
          <line num="102" count="0" type="stmt"/>
          <line num="103" count="0" type="stmt"/>
          <line num="106" count="0" type="stmt"/>
          <line num="107" count="0" type="cond" truecount="0" falsecount="2"/>
          <line num="108" count="0" type="stmt"/>
          <line num="115" count="0" type="stmt"/>
          <line num="116" count="0" type="stmt"/>
          <line num="117" count="0" type="stmt"/>
          <line num="119" count="0" type="stmt"/>
          <line num="120" count="0" type="stmt"/>
          <line num="121" count="0" type="stmt"/>
          <line num="124" count="0" type="stmt"/>
          <line num="125" count="0" type="stmt"/>
        </file>
        <file name="userAction.js" path="/Users/andeladeveloper/Documents/CODEBASE/eventmanager/client/src/store/actions/userAction.js">
          <metrics statements="63" coveredstatements="0" conditionals="12" coveredconditionals="0" methods="30" coveredmethods="0"/>
          <line num="2" count="0" type="stmt"/>
          <line num="3" count="0" type="stmt"/>
          <line num="4" count="0" type="stmt"/>
          <line num="5" count="0" type="stmt"/>
          <line num="7" count="0" type="stmt"/>
          <line num="8" count="0" type="stmt"/>
          <line num="15" count="0" type="stmt"/>
          <line num="16" count="0" type="stmt"/>
          <line num="22" count="0" type="stmt"/>
          <line num="23" count="0" type="stmt"/>
          <line num="30" count="0" type="stmt"/>
          <line num="31" count="0" type="stmt"/>
          <line num="38" count="0" type="stmt"/>
          <line num="39" count="0" type="stmt"/>
          <line num="40" count="0" type="stmt"/>
          <line num="42" count="0" type="stmt"/>
          <line num="43" count="0" type="stmt"/>
          <line num="44" count="0" type="stmt"/>
          <line num="47" count="0" type="stmt"/>
          <line num="48" count="0" type="cond" truecount="0" falsecount="2"/>
          <line num="51" count="0" type="stmt"/>
          <line num="57" count="0" type="stmt"/>
          <line num="58" count="0" type="stmt"/>
          <line num="59" count="0" type="stmt"/>
          <line num="61" count="0" type="stmt"/>
          <line num="62" count="0" type="stmt"/>
          <line num="63" count="0" type="stmt"/>
          <line num="64" count="0" type="stmt"/>
          <line num="65" count="0" type="stmt"/>
          <line num="66" count="0" type="stmt"/>
          <line num="69" count="0" type="stmt"/>
          <line num="70" count="0" type="cond" truecount="0" falsecount="2"/>
          <line num="73" count="0" type="stmt"/>
          <line num="79" count="0" type="stmt"/>
          <line num="80" count="0" type="stmt"/>
          <line num="81" count="0" type="stmt"/>
          <line num="82" count="0" type="stmt"/>
          <line num="83" count="0" type="stmt"/>
          <line num="84" count="0" type="stmt"/>
          <line num="89" count="0" type="stmt"/>
          <line num="90" count="0" type="stmt"/>
          <line num="91" count="0" type="stmt"/>
          <line num="93" count="0" type="stmt"/>
          <line num="94" count="0" type="stmt"/>
          <line num="97" count="0" type="stmt"/>
          <line num="98" count="0" type="cond" truecount="0" falsecount="2"/>
          <line num="101" count="0" type="stmt"/>
          <line num="107" count="0" type="stmt"/>
          <line num="108" count="0" type="stmt"/>
          <line num="109" count="0" type="stmt"/>
          <line num="111" count="0" type="stmt"/>
          <line num="112" count="0" type="stmt"/>
          <line num="114" count="0" type="stmt"/>
          <line num="115" count="0" type="cond" truecount="0" falsecount="2"/>
          <line num="118" count="0" type="stmt"/>
          <line num="124" count="0" type="stmt"/>
          <line num="125" count="0" type="stmt"/>
          <line num="126" count="0" type="stmt"/>
          <line num="128" count="0" type="stmt"/>
          <line num="129" count="0" type="stmt"/>
          <line num="131" count="0" type="stmt"/>
          <line num="132" count="0" type="stmt"/>
          <line num="133" count="0" type="stmt"/>
        </file>
      </package>
      <package name="src.store.reducers">
        <metrics statements="36" coveredstatements="0" conditionals="35" coveredconditionals="0" methods="4" coveredmethods="0"/>
        <file name="authReducer.js" path="/Users/andeladeveloper/Documents/CODEBASE/eventmanager/client/src/store/reducers/authReducer.js">
          <metrics statements="7" coveredstatements="0" conditionals="6" coveredconditionals="0" methods="1" coveredmethods="0"/>
          <line num="1" count="0" type="stmt"/>
          <line num="2" count="0" type="stmt"/>
          <line num="5" count="0" type="stmt"/>
          <line num="10" count="0" type="cond" truecount="0" falsecount="4"/>
          <line num="11" count="0" type="stmt"/>
          <line num="13" count="0" type="stmt"/>
          <line num="17" count="0" type="stmt"/>
        </file>
        <file name="centerReducer.js" path="/Users/andeladeveloper/Documents/CODEBASE/eventmanager/client/src/store/reducers/centerReducer.js">
          <metrics statements="10" coveredstatements="0" conditionals="10" coveredconditionals="0" methods="1" coveredmethods="0"/>
          <line num="1" count="0" type="stmt"/>
          <line num="3" count="0" type="stmt"/>
          <line num="11" count="0" type="cond" truecount="0" falsecount="4"/>
          <line num="12" count="0" type="stmt"/>
          <line num="14" count="0" type="stmt"/>
          <line num="20" count="0" type="stmt"/>
          <line num="26" count="0" type="stmt"/>
          <line num="32" count="0" type="stmt"/>
          <line num="38" count="0" type="stmt"/>
          <line num="43" count="0" type="stmt"/>
        </file>
        <file name="eventReducer.js" path="/Users/andeladeveloper/Documents/CODEBASE/eventmanager/client/src/store/reducers/eventReducer.js">
          <metrics statements="11" coveredstatements="0" conditionals="11" coveredconditionals="0" methods="1" coveredmethods="0"/>
          <line num="1" count="0" type="stmt"/>
          <line num="3" count="0" type="stmt"/>
          <line num="13" count="0" type="cond" truecount="0" falsecount="4"/>
          <line num="14" count="0" type="stmt"/>
          <line num="16" count="0" type="stmt"/>
          <line num="22" count="0" type="stmt"/>
          <line num="28" count="0" type="stmt"/>
          <line num="34" count="0" type="stmt"/>
          <line num="40" count="0" type="stmt"/>
          <line num="46" count="0" type="stmt"/>
          <line num="51" count="0" type="stmt"/>
        </file>
        <file name="userReducer.js" path="/Users/andeladeveloper/Documents/CODEBASE/eventmanager/client/src/store/reducers/userReducer.js">
          <metrics statements="8" coveredstatements="0" conditionals="8" coveredconditionals="0" methods="1" coveredmethods="0"/>
          <line num="1" count="0" type="stmt"/>
          <line num="3" count="0" type="stmt"/>
          <line num="8" count="0" type="cond" truecount="0" falsecount="4"/>
          <line num="9" count="0" type="stmt"/>
          <line num="11" count="0" type="stmt"/>
          <line num="17" count="0" type="stmt"/>
          <line num="23" count="0" type="stmt"/>
          <line num="28" count="0" type="stmt"/>
        </file>
      </package>
      <package name="test">
        <metrics statements="15" coveredstatements="0" conditionals="0" coveredconditionals="0" methods="3" coveredmethods="0"/>
        <file name="testConfig.js" path="/Users/andeladeveloper/Documents/CODEBASE/eventmanager/client/test/testConfig.js">
          <metrics statements="15" coveredstatements="0" conditionals="0" coveredconditionals="0" methods="3" coveredmethods="0"/>
          <line num="1" count="0" type="stmt"/>
          <line num="2" count="0" type="stmt"/>
          <line num="3" count="0" type="stmt"/>
          <line num="5" count="0" type="stmt"/>
          <line num="7" count="0" type="stmt"/>
          <line num="8" count="0" type="stmt"/>
          <line num="9" count="0" type="stmt"/>
          <line num="10" count="0" type="stmt"/>
          <line num="12" count="0" type="stmt"/>
          <line num="15" count="0" type="stmt"/>
          <line num="18" count="0" type="stmt"/>
          <line num="19" count="0" type="stmt"/>
          <line num="21" count="0" type="stmt"/>
          <line num="22" count="0" type="stmt"/>
          <line num="24" count="0" type="stmt"/>
        </file>
      </package>
      <package name="test.mocks">
        <metrics statements="7" coveredstatements="0" conditionals="2" coveredconditionals="0" methods="1" coveredmethods="0"/>
        <file name="localStorage.js" path="/Users/andeladeveloper/Documents/CODEBASE/eventmanager/client/test/mocks/localStorage.js">
          <metrics statements="7" coveredstatements="0" conditionals="2" coveredconditionals="0" methods="1" coveredmethods="0"/>
          <line num="2" count="0" type="stmt"/>
          <line num="3" count="0" type="stmt"/>
          <line num="7" count="0" type="stmt"/>
          <line num="11" count="0" type="cond" truecount="0" falsecount="2"/>
          <line num="15" count="0" type="stmt"/>
          <line num="19" count="0" type="stmt"/>
          <line num="23" count="0" type="stmt"/>
        </file>
      </package>
    </metrics>
  </project>
</coverage>
