{"/Users/andeladeveloper/Documents/CODEBASE/eventmanager/client/src/App.js": {"path":"/Users/andeladeveloper/Documents/CODEBASE/eventmanager/client/src/App.js","statementMap":{"0":{"start":{"line":1,"column":0},"end":{"line":null,"column":-1}},"1":{"start":{"line":2,"column":0},"end":{"line":null,"column":-1}},"2":{"start":{"line":3,"column":0},"end":{"line":null,"column":-1}},"3":{"start":{"line":4,"column":0},"end":{"line":null,"column":-1}},"4":{"start":{"line":5,"column":0},"end":{"line":null,"column":-1}},"5":{"start":{"line":6,"column":0},"end":{"line":null,"column":-1}},"6":{"start":{"line":7,"column":0},"end":{"line":null,"column":-1}},"7":{"start":{"line":8,"column":0},"end":{"line":null,"column":-1}},"8":{"start":{"line":9,"column":0},"end":{"line":null,"column":-1}},"9":{"start":{"line":10,"column":0},"end":{"line":null,"column":-1}},"10":{"start":{"line":11,"column":0},"end":{"line":null,"column":-1}},"11":{"start":{"line":13,"column":0},"end":{"line":null,"column":-1}},"12":{"start":{"line":14,"column":0},"end":{"line":null,"column":-1}},"13":{"start":{"line":15,"column":0},"end":{"line":null,"column":-1}},"14":{"start":{"line":16,"column":0},"end":{"line":null,"column":-1}},"15":{"start":{"line":17,"column":0},"end":{"line":null,"column":-1}},"16":{"start":{"line":20,"column":0},"end":{"line":null,"column":-1}},"17":{"start":{"line":22,"column":0},"end":{"line":null,"column":-1}},"18":{"start":{"line":26,"column":25},"end":{"line":26,"column":0}},"19":{"start":{"line":27,"column":20},"end":{"line":27,"column":0}},"20":{"start":{"line":34,"column":14},"end":{"line":34,"column":0}},"21":{"start":{"line":35,"column":0},"end":{"line":null,"column":-1}},"22":{"start":{"line":38,"column":12},"end":{"line":38,"column":0}},"23":{"start":{"line":38,"column":12},"end":{"line":null,"column":-1}}},"fnMap":{"0":{"name":"App","decl":{"start":{"line":38,"column":6},"end":{"line":38,"column":12}},"loc":{"start":{"line":38,"column":12},"end":{"line":38,"column":0}}}},"branchMap":{"0":{"loc":{"start":{"line":26,"column":25},"end":{"line":26,"column":24}},"type":"binary-expr","locations":[{"start":{"line":26,"column":25},"end":{"line":26,"column":24}},{"start":{"line":26,"column":25},"end":{"line":26,"column":0}}]}},"s":{"0":0,"1":0,"2":0,"3":0,"4":0,"5":0,"6":0,"7":0,"8":0,"9":0,"10":0,"11":0,"12":0,"13":0,"14":0,"15":0,"16":0,"17":0,"18":0,"19":0,"20":0,"21":0,"22":0,"23":0},"f":{"0":0},"b":{"0":[0,0]}}
,"/Users/andeladeveloper/Documents/CODEBASE/eventmanager/client/src/components/NotFound.js": {"path":"/Users/andeladeveloper/Documents/CODEBASE/eventmanager/client/src/components/NotFound.js","statementMap":{"0":{"start":{"line":4,"column":17},"end":{"line":17,"column":1}},"1":{"start":{"line":5,"column":2},"end":{"line":16,"column":8}}},"fnMap":{"0":{"name":"(anonymous_0)","decl":{"start":{"line":4,"column":17},"end":{"line":4,"column":18}},"loc":{"start":{"line":5,"column":2},"end":{"line":16,"column":8}},"line":5}},"branchMap":{},"s":{"0":1,"1":0},"f":{"0":0},"b":{},"_coverageSchema":"332fd63041d2c1bcb487cc26dd0d5f7d97098a6c","hash":"30e14cb96f99987558990f8abe3b778c557cdfad"}
,"/Users/andeladeveloper/Documents/CODEBASE/eventmanager/client/src/components/Auth/adminHOC.js": {"path":"/Users/andeladeveloper/Documents/CODEBASE/eventmanager/client/src/components/Auth/adminHOC.js","statementMap":{"0":{"start":{"line":10,"column":10},"end":{"line":13,"column":9}},"1":{"start":{"line":11,"column":11},"end":{"line":11,"column":39}},"2":{"start":{"line":12,"column":12},"end":{"line":12,"column":46}},"3":{"start":{"line":16,"column":6},"end":{"line":18,"column":8}},"4":{"start":{"line":21,"column":28},"end":{"line":23,"column":2}},"5":{"start":{"line":21,"column":38},"end":{"line":23,"column":1}},"6":{"start":{"line":25,"column":4},"end":{"line":25,"column":57}}},"fnMap":{"0":{"name":"(anonymous_0)","decl":{"start":{"line":7,"column":15},"end":{"line":7,"column":16}},"loc":{"start":{"line":7,"column":44},"end":{"line":26,"column":1}},"line":7},"1":{"name":"(anonymous_1)","decl":{"start":{"line":9,"column":6},"end":{"line":9,"column":7}},"loc":{"start":{"line":9,"column":26},"end":{"line":14,"column":7}},"line":9},"2":{"name":"(anonymous_2)","decl":{"start":{"line":15,"column":4},"end":{"line":15,"column":5}},"loc":{"start":{"line":15,"column":13},"end":{"line":19,"column":5}},"line":15},"3":{"name":"(anonymous_3)","decl":{"start":{"line":21,"column":28},"end":{"line":21,"column":29}},"loc":{"start":{"line":21,"column":38},"end":{"line":23,"column":1}},"line":21}},"branchMap":{"0":{"loc":{"start":{"line":10,"column":10},"end":{"line":13,"column":9}},"type":"if","locations":[{"start":{"line":10,"column":10},"end":{"line":13,"column":9}},{"start":{"line":10,"column":10},"end":{"line":13,"column":9}}],"line":10}},"s":{"0":0,"1":0,"2":0,"3":0,"4":0,"5":0,"6":0},"f":{"0":0,"1":0,"2":0,"3":0},"b":{"0":[0,0]},"_coverageSchema":"332fd63041d2c1bcb487cc26dd0d5f7d97098a6c","hash":"44ca14b58aa4be158aa8e617bf608506200b7e93"}
,"/Users/andeladeveloper/Documents/CODEBASE/eventmanager/client/src/components/Auth/afterLogin.js": {"path":"/Users/andeladeveloper/Documents/CODEBASE/eventmanager/client/src/components/Auth/afterLogin.js","statementMap":{"0":{"start":{"line":12,"column":10},"end":{"line":14,"column":9}},"1":{"start":{"line":13,"column":12},"end":{"line":13,"column":40}},"2":{"start":{"line":17,"column":6},"end":{"line":19,"column":8}},"3":{"start":{"line":22,"column":28},"end":{"line":24,"column":2}},"4":{"start":{"line":22,"column":38},"end":{"line":24,"column":1}},"5":{"start":{"line":26,"column":4},"end":{"line":26,"column":62}}},"fnMap":{"0":{"name":"(anonymous_0)","decl":{"start":{"line":9,"column":15},"end":{"line":9,"column":16}},"loc":{"start":{"line":9,"column":44},"end":{"line":27,"column":1}},"line":9},"1":{"name":"(anonymous_1)","decl":{"start":{"line":11,"column":6},"end":{"line":11,"column":7}},"loc":{"start":{"line":11,"column":26},"end":{"line":15,"column":7}},"line":11},"2":{"name":"(anonymous_2)","decl":{"start":{"line":16,"column":4},"end":{"line":16,"column":5}},"loc":{"start":{"line":16,"column":13},"end":{"line":20,"column":5}},"line":16},"3":{"name":"(anonymous_3)","decl":{"start":{"line":22,"column":28},"end":{"line":22,"column":29}},"loc":{"start":{"line":22,"column":38},"end":{"line":24,"column":1}},"line":22}},"branchMap":{"0":{"loc":{"start":{"line":12,"column":10},"end":{"line":14,"column":9}},"type":"if","locations":[{"start":{"line":12,"column":10},"end":{"line":14,"column":9}},{"start":{"line":12,"column":10},"end":{"line":14,"column":9}}],"line":12}},"s":{"0":0,"1":0,"2":0,"3":0,"4":0,"5":0},"f":{"0":0,"1":0,"2":0,"3":0},"b":{"0":[0,0]},"_coverageSchema":"332fd63041d2c1bcb487cc26dd0d5f7d97098a6c","hash":"4511a5daf0e5b36cd4986cadab53c7b87ff12662"}
,"/Users/andeladeveloper/Documents/CODEBASE/eventmanager/client/src/components/Auth/auth.js": {"path":"/Users/andeladeveloper/Documents/CODEBASE/eventmanager/client/src/components/Auth/auth.js","statementMap":{"0":{"start":{"line":1,"column":0},"end":{"line":null,"column":-1}},"1":{"start":{"line":4,"column":2},"end":{"line":8,"column":3}},"2":{"start":{"line":5,"column":4},"end":{"line":null,"column":-1}},"3":{"start":{"line":7,"column":4},"end":{"line":null,"column":-1}}},"fnMap":{"0":{"name":"setAuthToken","decl":{"start":{"line":3,"column":24},"end":{"line":3,"column":15}},"loc":{"start":{"line":3,"column":44},"end":{"line":9,"column":1}}}},"branchMap":{"0":{"loc":{"start":{"line":4,"column":2},"end":{"line":8,"column":3}},"type":"if","locations":[{"start":{"line":4,"column":2},"end":{"line":8,"column":3}},{"start":{"line":4,"column":2},"end":{"line":8,"column":3}}]}},"s":{"0":0,"1":0,"2":0,"3":0},"f":{"0":0},"b":{"0":[0,0]}}
,"/Users/andeladeveloper/Documents/CODEBASE/eventmanager/client/src/components/Auth/authHOC.js": {"path":"/Users/andeladeveloper/Documents/CODEBASE/eventmanager/client/src/components/Auth/authHOC.js","statementMap":{"0":{"start":{"line":12,"column":10},"end":{"line":15,"column":9}},"1":{"start":{"line":13,"column":12},"end":{"line":13,"column":51}},"2":{"start":{"line":14,"column":12},"end":{"line":14,"column":45}},"3":{"start":{"line":18,"column":6},"end":{"line":20,"column":8}},"4":{"start":{"line":23,"column":28},"end":{"line":25,"column":2}},"5":{"start":{"line":23,"column":38},"end":{"line":25,"column":1}},"6":{"start":{"line":27,"column":4},"end":{"line":27,"column":62}}},"fnMap":{"0":{"name":"(anonymous_0)","decl":{"start":{"line":9,"column":15},"end":{"line":9,"column":16}},"loc":{"start":{"line":9,"column":44},"end":{"line":28,"column":1}},"line":9},"1":{"name":"(anonymous_1)","decl":{"start":{"line":11,"column":6},"end":{"line":11,"column":7}},"loc":{"start":{"line":11,"column":26},"end":{"line":16,"column":7}},"line":11},"2":{"name":"(anonymous_2)","decl":{"start":{"line":17,"column":4},"end":{"line":17,"column":5}},"loc":{"start":{"line":17,"column":13},"end":{"line":21,"column":5}},"line":17},"3":{"name":"(anonymous_3)","decl":{"start":{"line":23,"column":28},"end":{"line":23,"column":29}},"loc":{"start":{"line":23,"column":38},"end":{"line":25,"column":1}},"line":23}},"branchMap":{"0":{"loc":{"start":{"line":12,"column":10},"end":{"line":15,"column":9}},"type":"if","locations":[{"start":{"line":12,"column":10},"end":{"line":15,"column":9}},{"start":{"line":12,"column":10},"end":{"line":15,"column":9}}],"line":12}},"s":{"0":0,"1":0,"2":0,"3":0,"4":0,"5":0,"6":0},"f":{"0":0,"1":0,"2":0,"3":0},"b":{"0":[0,0]},"_coverageSchema":"332fd63041d2c1bcb487cc26dd0d5f7d97098a6c","hash":"6ecc5ecbf78c89601b0d65da3de2dbe7ee360689"}
,"/Users/andeladeveloper/Documents/CODEBASE/eventmanager/client/src/components/Center/AddCenter.js": {"path":"/Users/andeladeveloper/Documents/CODEBASE/eventmanager/client/src/components/Center/AddCenter.js","statementMap":{"0":{"start":{"line":27,"column":4},"end":{"line":27,"column":81}},"1":{"start":{"line":28,"column":4},"end":{"line":28,"column":34}},"2":{"start":{"line":32,"column":5},"end":{"line":32,"column":56}},"3":{"start":{"line":36,"column":5},"end":{"line":36,"column":24}},"4":{"start":{"line":37,"column":5},"end":{"line":76,"column":6}},"5":{"start":{"line":38,"column":7},"end":{"line":38,"column":50}},"6":{"start":{"line":39,"column":12},"end":{"line":76,"column":6}},"7":{"start":{"line":40,"column":7},"end":{"line":40,"column":50}},"8":{"start":{"line":41,"column":12},"end":{"line":76,"column":6}},"9":{"start":{"line":42,"column":7},"end":{"line":42,"column":53}},"10":{"start":{"line":43,"column":12},"end":{"line":76,"column":6}},"11":{"start":{"line":44,"column":7},"end":{"line":44,"column":35}},"12":{"start":{"line":45,"column":12},"end":{"line":76,"column":6}},"13":{"start":{"line":46,"column":7},"end":{"line":46,"column":32}},"14":{"start":{"line":47,"column":12},"end":{"line":76,"column":6}},"15":{"start":{"line":48,"column":7},"end":{"line":48,"column":54}},"16":{"start":{"line":50,"column":18},"end":{"line":50,"column":32}},"17":{"start":{"line":51,"column":18},"end":{"line":51,"column":58}},"18":{"start":{"line":52,"column":7},"end":{"line":52,"column":43}},"19":{"start":{"line":53,"column":7},"end":{"line":53,"column":34}},"20":{"start":{"line":54,"column":7},"end":{"line":54,"column":50}},"21":{"start":{"line":55,"column":7},"end":{"line":75,"column":12}},"22":{"start":{"line":57,"column":25},"end":{"line":57,"column":91}},"23":{"start":{"line":58,"column":11},"end":{"line":58,"column":46}},"24":{"start":{"line":62,"column":11},"end":{"line":67,"column":14}},"25":{"start":{"line":68,"column":11},"end":{"line":71,"column":13}},"26":{"start":{"line":74,"column":11},"end":{"line":74,"column":64}},"27":{"start":{"line":80,"column":6},"end":{"line":80,"column":25}},"28":{"start":{"line":81,"column":21},"end":{"line":81,"column":37}},"29":{"start":{"line":82,"column":19},"end":{"line":82,"column":36}},"30":{"start":{"line":83,"column":6},"end":{"line":88,"column":8}},"31":{"start":{"line":84,"column":8},"end":{"line":87,"column":11}},"32":{"start":{"line":89,"column":6},"end":{"line":89,"column":33}},"33":{"start":{"line":93,"column":20},"end":{"line":93,"column":39}},"34":{"start":{"line":94,"column":6},"end":{"line":94,"column":25}},"35":{"start":{"line":95,"column":6},"end":{"line":95,"column":41}},"36":{"start":{"line":99,"column":26},"end":{"line":99,"column":36}},"37":{"start":{"line":100,"column":25},"end":{"line":100,"column":29}},"38":{"start":{"line":101,"column":6},"end":{"line":103,"column":7}},"39":{"start":{"line":102,"column":8},"end":{"line":102,"column":85}},"40":{"start":{"line":105,"column":6},"end":{"line":132,"column":8}},"41":{"start":{"line":136,"column":0},"end":{"line":139,"column":2}},"42":{"start":{"line":141,"column":27},"end":{"line":143,"column":2}},"43":{"start":{"line":141,"column":40},"end":{"line":143,"column":1}},"44":{"start":{"line":142,"column":39},"end":{"line":142,"column":87}}},"fnMap":{"0":{"name":"(anonymous_0)","decl":{"start":{"line":26,"column":12},"end":{"line":26,"column":13}},"loc":{"start":{"line":26,"column":18},"end":{"line":29,"column":3}},"line":26},"1":{"name":"(anonymous_1)","decl":{"start":{"line":31,"column":14},"end":{"line":31,"column":15}},"loc":{"start":{"line":31,"column":21},"end":{"line":33,"column":4}},"line":31},"2":{"name":"(anonymous_2)","decl":{"start":{"line":35,"column":14},"end":{"line":35,"column":15}},"loc":{"start":{"line":35,"column":21},"end":{"line":77,"column":4}},"line":35},"3":{"name":"(anonymous_3)","decl":{"start":{"line":56,"column":27},"end":{"line":56,"column":28}},"loc":{"start":{"line":56,"column":46},"end":{"line":59,"column":10}},"line":56},"4":{"name":"(anonymous_4)","decl":{"start":{"line":61,"column":15},"end":{"line":61,"column":16}},"loc":{"start":{"line":61,"column":29},"end":{"line":72,"column":10}},"line":61},"5":{"name":"(anonymous_5)","decl":{"start":{"line":73,"column":16},"end":{"line":73,"column":17}},"loc":{"start":{"line":73,"column":25},"end":{"line":75,"column":10}},"line":73},"6":{"name":"(anonymous_6)","decl":{"start":{"line":79,"column":24},"end":{"line":79,"column":25}},"loc":{"start":{"line":79,"column":31},"end":{"line":90,"column":5}},"line":79},"7":{"name":"(anonymous_7)","decl":{"start":{"line":83,"column":25},"end":{"line":83,"column":26}},"loc":{"start":{"line":83,"column":31},"end":{"line":88,"column":7}},"line":83},"8":{"name":"(anonymous_8)","decl":{"start":{"line":92,"column":21},"end":{"line":92,"column":22}},"loc":{"start":{"line":92,"column":28},"end":{"line":96,"column":5}},"line":92},"9":{"name":"(anonymous_9)","decl":{"start":{"line":98,"column":4},"end":{"line":98,"column":5}},"loc":{"start":{"line":98,"column":13},"end":{"line":133,"column":5}},"line":98},"10":{"name":"(anonymous_10)","decl":{"start":{"line":141,"column":27},"end":{"line":141,"column":28}},"loc":{"start":{"line":141,"column":40},"end":{"line":143,"column":1}},"line":141},"11":{"name":"(anonymous_11)","decl":{"start":{"line":142,"column":19},"end":{"line":142,"column":20}},"loc":{"start":{"line":142,"column":39},"end":{"line":142,"column":87}},"line":142}},"branchMap":{"0":{"loc":{"start":{"line":37,"column":5},"end":{"line":76,"column":6}},"type":"if","locations":[{"start":{"line":37,"column":5},"end":{"line":76,"column":6}},{"start":{"line":37,"column":5},"end":{"line":76,"column":6}}],"line":37},"1":{"loc":{"start":{"line":39,"column":12},"end":{"line":76,"column":6}},"type":"if","locations":[{"start":{"line":39,"column":12},"end":{"line":76,"column":6}},{"start":{"line":39,"column":12},"end":{"line":76,"column":6}}],"line":39},"2":{"loc":{"start":{"line":41,"column":12},"end":{"line":76,"column":6}},"type":"if","locations":[{"start":{"line":41,"column":12},"end":{"line":76,"column":6}},{"start":{"line":41,"column":12},"end":{"line":76,"column":6}}],"line":41},"3":{"loc":{"start":{"line":43,"column":12},"end":{"line":76,"column":6}},"type":"if","locations":[{"start":{"line":43,"column":12},"end":{"line":76,"column":6}},{"start":{"line":43,"column":12},"end":{"line":76,"column":6}}],"line":43},"4":{"loc":{"start":{"line":45,"column":12},"end":{"line":76,"column":6}},"type":"if","locations":[{"start":{"line":45,"column":12},"end":{"line":76,"column":6}},{"start":{"line":45,"column":12},"end":{"line":76,"column":6}}],"line":45},"5":{"loc":{"start":{"line":47,"column":12},"end":{"line":76,"column":6}},"type":"if","locations":[{"start":{"line":47,"column":12},"end":{"line":76,"column":6}},{"start":{"line":47,"column":12},"end":{"line":76,"column":6}}],"line":47},"6":{"loc":{"start":{"line":101,"column":6},"end":{"line":103,"column":7}},"type":"if","locations":[{"start":{"line":101,"column":6},"end":{"line":103,"column":7}},{"start":{"line":101,"column":6},"end":{"line":103,"column":7}}],"line":101}},"s":{"0":0,"1":0,"2":0,"3":0,"4":0,"5":0,"6":0,"7":0,"8":0,"9":0,"10":0,"11":0,"12":0,"13":0,"14":0,"15":0,"16":0,"17":0,"18":0,"19":0,"20":0,"21":0,"22":0,"23":0,"24":0,"25":0,"26":0,"27":0,"28":0,"29":0,"30":0,"31":0,"32":0,"33":0,"34":0,"35":0,"36":0,"37":0,"38":0,"39":0,"40":0,"41":1,"42":1,"43":0,"44":0},"f":{"0":0,"1":0,"2":0,"3":0,"4":0,"5":0,"6":0,"7":0,"8":0,"9":0,"10":0,"11":0},"b":{"0":[0,0],"1":[0,0],"2":[0,0],"3":[0,0],"4":[0,0],"5":[0,0],"6":[0,0]},"_coverageSchema":"332fd63041d2c1bcb487cc26dd0d5f7d97098a6c","hash":"257beb2b708752eec4b3c4d444d634a5b0a1f03d"}
,"/Users/andeladeveloper/Documents/CODEBASE/eventmanager/client/src/components/Center/CenterInfo.js": {"path":"/Users/andeladeveloper/Documents/CODEBASE/eventmanager/client/src/components/Center/CenterInfo.js","statementMap":{"0":{"start":{"line":11,"column":4},"end":{"line":11,"column":59}},"1":{"start":{"line":15,"column":4},"end":{"line":15,"column":23}},"2":{"start":{"line":16,"column":4},"end":{"line":19,"column":6}},"3":{"start":{"line":24,"column":18},"end":{"line":24,"column":86}},"4":{"start":{"line":26,"column":6},"end":{"line":46,"column":12}},"5":{"start":{"line":50,"column":16},"end":{"line":50,"column":39}},"6":{"start":{"line":52,"column":6},"end":{"line":64,"column":12}},"7":{"start":{"line":68,"column":6},"end":{"line":127,"column":12}},"8":{"start":{"line":99,"column":21},"end":{"line":104,"column":26}},"9":{"start":{"line":109,"column":19},"end":{"line":121,"column":26}},"10":{"start":{"line":131,"column":4},"end":{"line":135,"column":6}},"11":{"start":{"line":140,"column":24},"end":{"line":144,"column":2}},"12":{"start":{"line":140,"column":34},"end":{"line":144,"column":1}},"13":{"start":{"line":146,"column":27},"end":{"line":149,"column":2}},"14":{"start":{"line":146,"column":40},"end":{"line":149,"column":1}},"15":{"start":{"line":147,"column":25},"end":{"line":147,"column":58}},"16":{"start":{"line":148,"column":35},"end":{"line":148,"column":81}}},"fnMap":{"0":{"name":"(anonymous_0)","decl":{"start":{"line":10,"column":2},"end":{"line":10,"column":3}},"loc":{"start":{"line":10,"column":22},"end":{"line":12,"column":3}},"line":10},"1":{"name":"(anonymous_1)","decl":{"start":{"line":14,"column":17},"end":{"line":14,"column":18}},"loc":{"start":{"line":14,"column":24},"end":{"line":20,"column":3}},"line":14},"2":{"name":"(anonymous_2)","decl":{"start":{"line":23,"column":2},"end":{"line":23,"column":3}},"loc":{"start":{"line":23,"column":11},"end":{"line":136,"column":3}},"line":23},"3":{"name":"(anonymous_3)","decl":{"start":{"line":98,"column":55},"end":{"line":98,"column":56}},"loc":{"start":{"line":99,"column":21},"end":{"line":104,"column":26}},"line":99},"4":{"name":"(anonymous_4)","decl":{"start":{"line":108,"column":49},"end":{"line":108,"column":50}},"loc":{"start":{"line":109,"column":19},"end":{"line":121,"column":26}},"line":109},"5":{"name":"(anonymous_5)","decl":{"start":{"line":140,"column":24},"end":{"line":140,"column":25}},"loc":{"start":{"line":140,"column":34},"end":{"line":144,"column":1}},"line":140},"6":{"name":"(anonymous_6)","decl":{"start":{"line":146,"column":27},"end":{"line":146,"column":28}},"loc":{"start":{"line":146,"column":40},"end":{"line":149,"column":1}},"line":146},"7":{"name":"(anonymous_7)","decl":{"start":{"line":147,"column":19},"end":{"line":147,"column":20}},"loc":{"start":{"line":147,"column":25},"end":{"line":147,"column":58}},"line":147},"8":{"name":"(anonymous_8)","decl":{"start":{"line":148,"column":18},"end":{"line":148,"column":19}},"loc":{"start":{"line":148,"column":35},"end":{"line":148,"column":81}},"line":148}},"branchMap":{"0":{"loc":{"start":{"line":24,"column":18},"end":{"line":24,"column":86}},"type":"cond-expr","locations":[{"start":{"line":24,"column":50},"end":{"line":24,"column":58}},{"start":{"line":24,"column":61},"end":{"line":24,"column":86}}],"line":24},"1":{"loc":{"start":{"line":98,"column":15},"end":{"line":104,"column":28}},"type":"binary-expr","locations":[{"start":{"line":98,"column":15},"end":{"line":98,"column":18}},{"start":{"line":98,"column":22},"end":{"line":98,"column":34}},{"start":{"line":98,"column":38},"end":{"line":104,"column":28}}],"line":98},"2":{"loc":{"start":{"line":108,"column":13},"end":{"line":121,"column":28}},"type":"binary-expr","locations":[{"start":{"line":108,"column":13},"end":{"line":108,"column":16}},{"start":{"line":108,"column":20},"end":{"line":108,"column":30}},{"start":{"line":108,"column":34},"end":{"line":121,"column":28}}],"line":108},"3":{"loc":{"start":{"line":123,"column":13},"end":{"line":123,"column":51}},"type":"cond-expr","locations":[{"start":{"line":123,"column":34},"end":{"line":123,"column":44}},{"start":{"line":123,"column":47},"end":{"line":123,"column":51}}],"line":123},"4":{"loc":{"start":{"line":133,"column":10},"end":{"line":133,"column":97}},"type":"cond-expr","locations":[{"start":{"line":133,"column":79},"end":{"line":133,"column":88}},{"start":{"line":133,"column":91},"end":{"line":133,"column":97}}],"line":133},"5":{"loc":{"start":{"line":133,"column":10},"end":{"line":133,"column":76}},"type":"binary-expr","locations":[{"start":{"line":133,"column":10},"end":{"line":133,"column":47}},{"start":{"line":133,"column":51},"end":{"line":133,"column":76}}],"line":133}},"s":{"0":0,"1":0,"2":0,"3":0,"4":0,"5":0,"6":0,"7":0,"8":0,"9":0,"10":0,"11":1,"12":0,"13":1,"14":0,"15":0,"16":0},"f":{"0":0,"1":0,"2":0,"3":0,"4":0,"5":0,"6":0,"7":0,"8":0},"b":{"0":[0,0],"1":[0,0,0],"2":[0,0,0],"3":[0,0],"4":[0,0],"5":[0,0]},"_coverageSchema":"332fd63041d2c1bcb487cc26dd0d5f7d97098a6c","hash":"79a79eed664381607d54f0009836cd1b071c8d14"}
,"/Users/andeladeveloper/Documents/CODEBASE/eventmanager/client/src/components/Center/EditCenter.js": {"path":"/Users/andeladeveloper/Documents/CODEBASE/eventmanager/client/src/components/Center/EditCenter.js","statementMap":{"0":{"start":{"line":28,"column":6},"end":{"line":28,"column":83}},"1":{"start":{"line":29,"column":6},"end":{"line":29,"column":36}},"2":{"start":{"line":34,"column":4},"end":{"line":34,"column":55}},"3":{"start":{"line":38,"column":5},"end":{"line":40,"column":6}},"4":{"start":{"line":39,"column":7},"end":{"line":39,"column":26}},"5":{"start":{"line":41,"column":5},"end":{"line":41,"column":24}},"6":{"start":{"line":42,"column":5},"end":{"line":85,"column":6}},"7":{"start":{"line":43,"column":7},"end":{"line":43,"column":50}},"8":{"start":{"line":44,"column":12},"end":{"line":85,"column":6}},"9":{"start":{"line":45,"column":7},"end":{"line":45,"column":50}},"10":{"start":{"line":46,"column":12},"end":{"line":85,"column":6}},"11":{"start":{"line":47,"column":7},"end":{"line":47,"column":53}},"12":{"start":{"line":48,"column":12},"end":{"line":85,"column":6}},"13":{"start":{"line":49,"column":7},"end":{"line":49,"column":54}},"14":{"start":{"line":51,"column":18},"end":{"line":51,"column":32}},"15":{"start":{"line":52,"column":18},"end":{"line":52,"column":58}},"16":{"start":{"line":53,"column":7},"end":{"line":53,"column":43}},"17":{"start":{"line":54,"column":7},"end":{"line":54,"column":34}},"18":{"start":{"line":55,"column":7},"end":{"line":55,"column":50}},"19":{"start":{"line":56,"column":7},"end":{"line":84,"column":8}},"20":{"start":{"line":57,"column":9},"end":{"line":60,"column":11}},"21":{"start":{"line":62,"column":9},"end":{"line":83,"column":14}},"22":{"start":{"line":64,"column":27},"end":{"line":64,"column":93}},"23":{"start":{"line":65,"column":13},"end":{"line":65,"column":48}},"24":{"start":{"line":69,"column":13},"end":{"line":74,"column":16}},"25":{"start":{"line":75,"column":13},"end":{"line":79,"column":15}},"26":{"start":{"line":82,"column":13},"end":{"line":82,"column":66}},"27":{"start":{"line":89,"column":6},"end":{"line":89,"column":25}},"28":{"start":{"line":90,"column":21},"end":{"line":90,"column":37}},"29":{"start":{"line":91,"column":19},"end":{"line":91,"column":36}},"30":{"start":{"line":92,"column":6},"end":{"line":97,"column":8}},"31":{"start":{"line":93,"column":8},"end":{"line":96,"column":11}},"32":{"start":{"line":98,"column":6},"end":{"line":98,"column":33}},"33":{"start":{"line":102,"column":20},"end":{"line":102,"column":39}},"34":{"start":{"line":103,"column":6},"end":{"line":103,"column":25}},"35":{"start":{"line":104,"column":6},"end":{"line":104,"column":41}},"36":{"start":{"line":109,"column":26},"end":{"line":109,"column":36}},"37":{"start":{"line":110,"column":25},"end":{"line":110,"column":29}},"38":{"start":{"line":111,"column":6},"end":{"line":113,"column":7}},"39":{"start":{"line":112,"column":8},"end":{"line":112,"column":85}},"40":{"start":{"line":115,"column":6},"end":{"line":140,"column":8}},"41":{"start":{"line":144,"column":0},"end":{"line":161,"column":2}},"42":{"start":{"line":164,"column":0},"end":{"line":173,"column":2}},"43":{"start":{"line":176,"column":24},"end":{"line":178,"column":2}},"44":{"start":{"line":176,"column":34},"end":{"line":178,"column":1}},"45":{"start":{"line":180,"column":27},"end":{"line":182,"column":2}},"46":{"start":{"line":180,"column":40},"end":{"line":182,"column":1}},"47":{"start":{"line":181,"column":42},"end":{"line":181,"column":93}}},"fnMap":{"0":{"name":"(anonymous_0)","decl":{"start":{"line":27,"column":14},"end":{"line":27,"column":15}},"loc":{"start":{"line":27,"column":20},"end":{"line":30,"column":5}},"line":27},"1":{"name":"(anonymous_1)","decl":{"start":{"line":33,"column":13},"end":{"line":33,"column":14}},"loc":{"start":{"line":33,"column":20},"end":{"line":35,"column":3}},"line":33},"2":{"name":"(anonymous_2)","decl":{"start":{"line":37,"column":14},"end":{"line":37,"column":15}},"loc":{"start":{"line":37,"column":21},"end":{"line":86,"column":4}},"line":37},"3":{"name":"(anonymous_3)","decl":{"start":{"line":63,"column":29},"end":{"line":63,"column":30}},"loc":{"start":{"line":63,"column":48},"end":{"line":66,"column":12}},"line":63},"4":{"name":"(anonymous_4)","decl":{"start":{"line":68,"column":17},"end":{"line":68,"column":18}},"loc":{"start":{"line":68,"column":31},"end":{"line":80,"column":12}},"line":68},"5":{"name":"(anonymous_5)","decl":{"start":{"line":81,"column":18},"end":{"line":81,"column":19}},"loc":{"start":{"line":81,"column":27},"end":{"line":83,"column":12}},"line":81},"6":{"name":"(anonymous_6)","decl":{"start":{"line":88,"column":24},"end":{"line":88,"column":25}},"loc":{"start":{"line":88,"column":31},"end":{"line":99,"column":5}},"line":88},"7":{"name":"(anonymous_7)","decl":{"start":{"line":92,"column":25},"end":{"line":92,"column":26}},"loc":{"start":{"line":92,"column":31},"end":{"line":97,"column":7}},"line":92},"8":{"name":"(anonymous_8)","decl":{"start":{"line":101,"column":21},"end":{"line":101,"column":22}},"loc":{"start":{"line":101,"column":28},"end":{"line":105,"column":5}},"line":101},"9":{"name":"(anonymous_9)","decl":{"start":{"line":108,"column":4},"end":{"line":108,"column":5}},"loc":{"start":{"line":108,"column":13},"end":{"line":141,"column":5}},"line":108},"10":{"name":"(anonymous_10)","decl":{"start":{"line":176,"column":24},"end":{"line":176,"column":25}},"loc":{"start":{"line":176,"column":34},"end":{"line":178,"column":1}},"line":176},"11":{"name":"(anonymous_11)","decl":{"start":{"line":180,"column":27},"end":{"line":180,"column":28}},"loc":{"start":{"line":180,"column":40},"end":{"line":182,"column":1}},"line":180},"12":{"name":"(anonymous_12)","decl":{"start":{"line":181,"column":18},"end":{"line":181,"column":19}},"loc":{"start":{"line":181,"column":42},"end":{"line":181,"column":93}},"line":181}},"branchMap":{"0":{"loc":{"start":{"line":16,"column":16},"end":{"line":16,"column":54}},"type":"binary-expr","locations":[{"start":{"line":16,"column":16},"end":{"line":16,"column":48}},{"start":{"line":16,"column":52},"end":{"line":16,"column":54}}],"line":16},"1":{"loc":{"start":{"line":38,"column":5},"end":{"line":40,"column":6}},"type":"if","locations":[{"start":{"line":38,"column":5},"end":{"line":40,"column":6}},{"start":{"line":38,"column":5},"end":{"line":40,"column":6}}],"line":38},"2":{"loc":{"start":{"line":38,"column":9},"end":{"line":38,"column":54}},"type":"binary-expr","locations":[{"start":{"line":38,"column":9},"end":{"line":38,"column":36}},{"start":{"line":38,"column":40},"end":{"line":38,"column":54}}],"line":38},"3":{"loc":{"start":{"line":42,"column":5},"end":{"line":85,"column":6}},"type":"if","locations":[{"start":{"line":42,"column":5},"end":{"line":85,"column":6}},{"start":{"line":42,"column":5},"end":{"line":85,"column":6}}],"line":42},"4":{"loc":{"start":{"line":44,"column":12},"end":{"line":85,"column":6}},"type":"if","locations":[{"start":{"line":44,"column":12},"end":{"line":85,"column":6}},{"start":{"line":44,"column":12},"end":{"line":85,"column":6}}],"line":44},"5":{"loc":{"start":{"line":46,"column":12},"end":{"line":85,"column":6}},"type":"if","locations":[{"start":{"line":46,"column":12},"end":{"line":85,"column":6}},{"start":{"line":46,"column":12},"end":{"line":85,"column":6}}],"line":46},"6":{"loc":{"start":{"line":48,"column":12},"end":{"line":85,"column":6}},"type":"if","locations":[{"start":{"line":48,"column":12},"end":{"line":85,"column":6}},{"start":{"line":48,"column":12},"end":{"line":85,"column":6}}],"line":48},"7":{"loc":{"start":{"line":56,"column":7},"end":{"line":84,"column":8}},"type":"if","locations":[{"start":{"line":56,"column":7},"end":{"line":84,"column":8}},{"start":{"line":56,"column":7},"end":{"line":84,"column":8}}],"line":56},"8":{"loc":{"start":{"line":111,"column":6},"end":{"line":113,"column":7}},"type":"if","locations":[{"start":{"line":111,"column":6},"end":{"line":113,"column":7}},{"start":{"line":111,"column":6},"end":{"line":113,"column":7}}],"line":111}},"s":{"0":0,"1":0,"2":0,"3":0,"4":0,"5":0,"6":0,"7":0,"8":0,"9":0,"10":0,"11":0,"12":0,"13":0,"14":0,"15":0,"16":0,"17":0,"18":0,"19":0,"20":0,"21":0,"22":0,"23":0,"24":0,"25":0,"26":0,"27":0,"28":0,"29":0,"30":0,"31":0,"32":0,"33":0,"34":0,"35":0,"36":0,"37":0,"38":0,"39":0,"40":0,"41":1,"42":1,"43":1,"44":0,"45":1,"46":0,"47":0},"f":{"0":0,"1":0,"2":0,"3":0,"4":0,"5":0,"6":0,"7":0,"8":0,"9":0,"10":0,"11":0,"12":0},"b":{"0":[0,0],"1":[0,0],"2":[0,0],"3":[0,0],"4":[0,0],"5":[0,0],"6":[0,0],"7":[0,0],"8":[0,0]},"_coverageSchema":"332fd63041d2c1bcb487cc26dd0d5f7d97098a6c","hash":"7cf79e83fe84b573e1e240004d985df64a8b1493"}
,"/Users/andeladeveloper/Documents/CODEBASE/eventmanager/client/src/components/Center/PickCenter.js": {"path":"/Users/andeladeveloper/Documents/CODEBASE/eventmanager/client/src/components/Center/PickCenter.js","statementMap":{"0":{"start":{"line":9,"column":4},"end":{"line":9,"column":31}},"1":{"start":{"line":13,"column":20},"end":{"line":26,"column":8}},"2":{"start":{"line":15,"column":8},"end":{"line":25,"column":10}},"3":{"start":{"line":24,"column":30},"end":{"line":24,"column":57}},"4":{"start":{"line":27,"column":4},"end":{"line":34,"column":6}},"5":{"start":{"line":38,"column":0},"end":{"line":47,"column":2}},"6":{"start":{"line":49,"column":24},"end":{"line":51,"column":2}},"7":{"start":{"line":49,"column":34},"end":{"line":51,"column":1}},"8":{"start":{"line":53,"column":27},"end":{"line":55,"column":2}},"9":{"start":{"line":53,"column":40},"end":{"line":55,"column":1}},"10":{"start":{"line":54,"column":23},"end":{"line":54,"column":54}}},"fnMap":{"0":{"name":"(anonymous_0)","decl":{"start":{"line":8,"column":2},"end":{"line":8,"column":3}},"loc":{"start":{"line":8,"column":23},"end":{"line":10,"column":3}},"line":8},"1":{"name":"(anonymous_1)","decl":{"start":{"line":12,"column":2},"end":{"line":12,"column":3}},"loc":{"start":{"line":12,"column":11},"end":{"line":35,"column":3}},"line":12},"2":{"name":"(anonymous_2)","decl":{"start":{"line":13,"column":42},"end":{"line":13,"column":43}},"loc":{"start":{"line":15,"column":8},"end":{"line":25,"column":10}},"line":15},"3":{"name":"(anonymous_3)","decl":{"start":{"line":24,"column":24},"end":{"line":24,"column":25}},"loc":{"start":{"line":24,"column":30},"end":{"line":24,"column":57}},"line":24},"4":{"name":"(anonymous_4)","decl":{"start":{"line":49,"column":24},"end":{"line":49,"column":25}},"loc":{"start":{"line":49,"column":34},"end":{"line":51,"column":1}},"line":49},"5":{"name":"(anonymous_5)","decl":{"start":{"line":53,"column":27},"end":{"line":53,"column":28}},"loc":{"start":{"line":53,"column":40},"end":{"line":55,"column":1}},"line":53},"6":{"name":"(anonymous_6)","decl":{"start":{"line":54,"column":17},"end":{"line":54,"column":18}},"loc":{"start":{"line":54,"column":23},"end":{"line":54,"column":54}},"line":54}},"branchMap":{},"s":{"0":0,"1":0,"2":0,"3":0,"4":0,"5":1,"6":1,"7":0,"8":1,"9":0,"10":0},"f":{"0":0,"1":0,"2":0,"3":0,"4":0,"5":0,"6":0},"b":{},"_coverageSchema":"332fd63041d2c1bcb487cc26dd0d5f7d97098a6c","hash":"ae7fe3b172cb0cbedf3ac12bc3a805273aaaa3f5"}
,"/Users/andeladeveloper/Documents/CODEBASE/eventmanager/client/src/components/Center/ViewCenters.js": {"path":"/Users/andeladeveloper/Documents/CODEBASE/eventmanager/client/src/components/Center/ViewCenters.js","statementMap":{"0":{"start":{"line":12,"column":4},"end":{"line":12,"column":31}},"1":{"start":{"line":17,"column":6},"end":{"line":22,"column":12}},"2":{"start":{"line":24,"column":20},"end":{"line":34,"column":10}},"3":{"start":{"line":27,"column":9},"end":{"line":33,"column":15}},"4":{"start":{"line":35,"column":4},"end":{"line":43,"column":6}},"5":{"start":{"line":47,"column":0},"end":{"line":51,"column":2}},"6":{"start":{"line":53,"column":24},"end":{"line":56,"column":2}},"7":{"start":{"line":53,"column":34},"end":{"line":56,"column":1}},"8":{"start":{"line":58,"column":27},"end":{"line":60,"column":2}},"9":{"start":{"line":58,"column":40},"end":{"line":60,"column":1}},"10":{"start":{"line":59,"column":23},"end":{"line":59,"column":54}}},"fnMap":{"0":{"name":"(anonymous_0)","decl":{"start":{"line":11,"column":2},"end":{"line":11,"column":3}},"loc":{"start":{"line":11,"column":22},"end":{"line":13,"column":3}},"line":11},"1":{"name":"(anonymous_1)","decl":{"start":{"line":15,"column":2},"end":{"line":15,"column":3}},"loc":{"start":{"line":15,"column":11},"end":{"line":44,"column":3}},"line":15},"2":{"name":"(anonymous_2)","decl":{"start":{"line":26,"column":40},"end":{"line":26,"column":41}},"loc":{"start":{"line":27,"column":9},"end":{"line":33,"column":15}},"line":27},"3":{"name":"(anonymous_3)","decl":{"start":{"line":53,"column":24},"end":{"line":53,"column":25}},"loc":{"start":{"line":53,"column":34},"end":{"line":56,"column":1}},"line":53},"4":{"name":"(anonymous_4)","decl":{"start":{"line":58,"column":27},"end":{"line":58,"column":28}},"loc":{"start":{"line":58,"column":40},"end":{"line":60,"column":1}},"line":58},"5":{"name":"(anonymous_5)","decl":{"start":{"line":59,"column":17},"end":{"line":59,"column":18}},"loc":{"start":{"line":59,"column":23},"end":{"line":59,"column":54}},"line":59}},"branchMap":{"0":{"loc":{"start":{"line":24,"column":20},"end":{"line":34,"column":10}},"type":"cond-expr","locations":[{"start":{"line":26,"column":6},"end":{"line":26,"column":15}},{"start":{"line":26,"column":18},"end":{"line":34,"column":10}}],"line":24},"1":{"loc":{"start":{"line":24,"column":20},"end":{"line":25,"column":42}},"type":"binary-expr","locations":[{"start":{"line":24,"column":20},"end":{"line":25,"column":13}},{"start":{"line":25,"column":17},"end":{"line":25,"column":42}}],"line":24}},"s":{"0":0,"1":0,"2":0,"3":0,"4":0,"5":2,"6":2,"7":0,"8":2,"9":0,"10":0},"f":{"0":0,"1":0,"2":0,"3":0,"4":0,"5":0},"b":{"0":[0,0],"1":[0,0]},"_coverageSchema":"332fd63041d2c1bcb487cc26dd0d5f7d97098a6c","hash":"7ce3aab4fbdbd229500af7ff2d8b9fba33b3672a"}
,"/Users/andeladeveloper/Documents/CODEBASE/eventmanager/client/src/components/Center/getCenter.js": {"path":"/Users/andeladeveloper/Documents/CODEBASE/eventmanager/client/src/components/Center/getCenter.js","statementMap":{"0":{"start":{"line":4,"column":18},"end":{"line":21,"column":1}},"1":{"start":{"line":5,"column":2},"end":{"line":20,"column":8}},"2":{"start":{"line":23,"column":0},"end":{"line":26,"column":2}}},"fnMap":{"0":{"name":"(anonymous_0)","decl":{"start":{"line":4,"column":18},"end":{"line":4,"column":19}},"loc":{"start":{"line":5,"column":2},"end":{"line":20,"column":8}},"line":5}},"branchMap":{},"s":{"0":2,"1":0,"2":2},"f":{"0":0},"b":{},"_coverageSchema":"332fd63041d2c1bcb487cc26dd0d5f7d97098a6c","hash":"a5d87a803a32ba6cd8b13644ac855963271cbae9"}
,"/Users/andeladeveloper/Documents/CODEBASE/eventmanager/client/src/components/Center/pickCenterProp.js": {"path":"/Users/andeladeveloper/Documents/CODEBASE/eventmanager/client/src/components/Center/pickCenterProp.js","statementMap":{"0":{"start":{"line":6,"column":4},"end":{"line":6,"column":43}},"1":{"start":{"line":10,"column":4},"end":{"line":39,"column":6}},"2":{"start":{"line":25,"column":46},"end":{"line":27,"column":17}},"3":{"start":{"line":43,"column":0},"end":{"line":52,"column":2}}},"fnMap":{"0":{"name":"(anonymous_0)","decl":{"start":{"line":5,"column":12},"end":{"line":5,"column":13}},"loc":{"start":{"line":5,"column":18},"end":{"line":7,"column":3}},"line":5},"1":{"name":"(anonymous_1)","decl":{"start":{"line":9,"column":2},"end":{"line":9,"column":3}},"loc":{"start":{"line":9,"column":11},"end":{"line":40,"column":3}},"line":9},"2":{"name":"(anonymous_2)","decl":{"start":{"line":25,"column":37},"end":{"line":25,"column":38}},"loc":{"start":{"line":25,"column":46},"end":{"line":27,"column":17}},"line":25}},"branchMap":{},"s":{"0":0,"1":0,"2":0,"3":1},"f":{"0":0,"1":0,"2":0},"b":{},"_coverageSchema":"332fd63041d2c1bcb487cc26dd0d5f7d97098a6c","hash":"d79f603fd98e686a47b98f54b8777e39c043a34c"}
,"/Users/andeladeveloper/Documents/CODEBASE/eventmanager/client/src/components/Center/Form/CenterForm.js": {"path":"/Users/andeladeveloper/Documents/CODEBASE/eventmanager/client/src/components/Center/Form/CenterForm.js","statementMap":{"0":{"start":{"line":5,"column":19},"end":{"line":126,"column":1}},"1":{"start":{"line":6,"column":2},"end":{"line":125,"column":8}},"2":{"start":{"line":104,"column":11},"end":{"line":107,"column":16}},"3":{"start":{"line":106,"column":81},"end":{"line":106,"column":104}},"4":{"start":{"line":129,"column":0},"end":{"line":142,"column":2}}},"fnMap":{"0":{"name":"(anonymous_0)","decl":{"start":{"line":5,"column":19},"end":{"line":5,"column":20}},"loc":{"start":{"line":6,"column":2},"end":{"line":125,"column":8}},"line":6},"1":{"name":"(anonymous_1)","decl":{"start":{"line":103,"column":28},"end":{"line":103,"column":29}},"loc":{"start":{"line":104,"column":11},"end":{"line":107,"column":16}},"line":104},"2":{"name":"(anonymous_2)","decl":{"start":{"line":106,"column":75},"end":{"line":106,"column":76}},"loc":{"start":{"line":106,"column":81},"end":{"line":106,"column":104}},"line":106}},"branchMap":{},"s":{"0":1,"1":0,"2":0,"3":0,"4":1},"f":{"0":0,"1":0,"2":0},"b":{},"_coverageSchema":"332fd63041d2c1bcb487cc26dd0d5f7d97098a6c","hash":"9c57d312c9381d5267deeb408ce5bf3daa5bb745"}
,"/Users/andeladeveloper/Documents/CODEBASE/eventmanager/client/src/components/Event/Addevent.js": {"path":"/Users/andeladeveloper/Documents/CODEBASE/eventmanager/client/src/components/Event/Addevent.js","statementMap":{"0":{"start":{"line":18,"column":4},"end":{"line":18,"column":55}},"1":{"start":{"line":22,"column":4},"end":{"line":22,"column":23}},"2":{"start":{"line":23,"column":4},"end":{"line":38,"column":5}},"3":{"start":{"line":24,"column":6},"end":{"line":24,"column":48}},"4":{"start":{"line":25,"column":11},"end":{"line":38,"column":5}},"5":{"start":{"line":26,"column":6},"end":{"line":26,"column":48}},"6":{"start":{"line":27,"column":11},"end":{"line":38,"column":5}},"7":{"start":{"line":28,"column":6},"end":{"line":28,"column":48}},"8":{"start":{"line":29,"column":11},"end":{"line":38,"column":5}},"9":{"start":{"line":30,"column":6},"end":{"line":30,"column":51}},"10":{"start":{"line":31,"column":11},"end":{"line":38,"column":5}},"11":{"start":{"line":32,"column":6},"end":{"line":32,"column":49}},"12":{"start":{"line":34,"column":6},"end":{"line":37,"column":8}},"13":{"start":{"line":42,"column":4},"end":{"line":42,"column":27}},"14":{"start":{"line":46,"column":4},"end":{"line":63,"column":6}},"15":{"start":{"line":59,"column":32},"end":{"line":59,"column":53}},"16":{"start":{"line":67,"column":0},"end":{"line":70,"column":2}},"17":{"start":{"line":73,"column":27},"end":{"line":75,"column":2}},"18":{"start":{"line":73,"column":40},"end":{"line":75,"column":1}},"19":{"start":{"line":74,"column":37},"end":{"line":74,"column":83}}},"fnMap":{"0":{"name":"(anonymous_0)","decl":{"start":{"line":17,"column":13},"end":{"line":17,"column":14}},"loc":{"start":{"line":17,"column":20},"end":{"line":19,"column":3}},"line":17},"1":{"name":"(anonymous_1)","decl":{"start":{"line":21,"column":13},"end":{"line":21,"column":14}},"loc":{"start":{"line":21,"column":20},"end":{"line":39,"column":3}},"line":21},"2":{"name":"(anonymous_2)","decl":{"start":{"line":41,"column":17},"end":{"line":41,"column":18}},"loc":{"start":{"line":41,"column":25},"end":{"line":43,"column":3}},"line":41},"3":{"name":"(anonymous_3)","decl":{"start":{"line":45,"column":2},"end":{"line":45,"column":3}},"loc":{"start":{"line":45,"column":11},"end":{"line":64,"column":3}},"line":45},"4":{"name":"(anonymous_4)","decl":{"start":{"line":59,"column":26},"end":{"line":59,"column":27}},"loc":{"start":{"line":59,"column":32},"end":{"line":59,"column":53}},"line":59},"5":{"name":"(anonymous_5)","decl":{"start":{"line":73,"column":27},"end":{"line":73,"column":28}},"loc":{"start":{"line":73,"column":40},"end":{"line":75,"column":1}},"line":73},"6":{"name":"(anonymous_6)","decl":{"start":{"line":74,"column":17},"end":{"line":74,"column":18}},"loc":{"start":{"line":74,"column":37},"end":{"line":74,"column":83}},"line":74}},"branchMap":{"0":{"loc":{"start":{"line":23,"column":4},"end":{"line":38,"column":5}},"type":"if","locations":[{"start":{"line":23,"column":4},"end":{"line":38,"column":5}},{"start":{"line":23,"column":4},"end":{"line":38,"column":5}}],"line":23},"1":{"loc":{"start":{"line":25,"column":11},"end":{"line":38,"column":5}},"type":"if","locations":[{"start":{"line":25,"column":11},"end":{"line":38,"column":5}},{"start":{"line":25,"column":11},"end":{"line":38,"column":5}}],"line":25},"2":{"loc":{"start":{"line":27,"column":11},"end":{"line":38,"column":5}},"type":"if","locations":[{"start":{"line":27,"column":11},"end":{"line":38,"column":5}},{"start":{"line":27,"column":11},"end":{"line":38,"column":5}}],"line":27},"3":{"loc":{"start":{"line":29,"column":11},"end":{"line":38,"column":5}},"type":"if","locations":[{"start":{"line":29,"column":11},"end":{"line":38,"column":5}},{"start":{"line":29,"column":11},"end":{"line":38,"column":5}}],"line":29},"4":{"loc":{"start":{"line":31,"column":11},"end":{"line":38,"column":5}},"type":"if","locations":[{"start":{"line":31,"column":11},"end":{"line":38,"column":5}},{"start":{"line":31,"column":11},"end":{"line":38,"column":5}}],"line":31}},"s":{"0":0,"1":0,"2":0,"3":0,"4":0,"5":0,"6":0,"7":0,"8":0,"9":0,"10":0,"11":0,"12":0,"13":0,"14":0,"15":0,"16":1,"17":1,"18":0,"19":0},"f":{"0":0,"1":0,"2":0,"3":0,"4":0,"5":0,"6":0},"b":{"0":[0,0],"1":[0,0],"2":[0,0],"3":[0,0],"4":[0,0]},"_coverageSchema":"332fd63041d2c1bcb487cc26dd0d5f7d97098a6c","hash":"6782329760cb99f6dd6cbe00fe3391d7d2afa1b9"}
,"/Users/andeladeveloper/Documents/CODEBASE/eventmanager/client/src/components/Event/EditEvent.js": {"path":"/Users/andeladeveloper/Documents/CODEBASE/eventmanager/client/src/components/Event/EditEvent.js","statementMap":{"0":{"start":{"line":18,"column":5},"end":{"line":18,"column":55}},"1":{"start":{"line":22,"column":4},"end":{"line":22,"column":55}},"2":{"start":{"line":26,"column":5},"end":{"line":26,"column":24}},"3":{"start":{"line":27,"column":5},"end":{"line":42,"column":6}},"4":{"start":{"line":28,"column":7},"end":{"line":28,"column":49}},"5":{"start":{"line":29,"column":12},"end":{"line":42,"column":6}},"6":{"start":{"line":30,"column":7},"end":{"line":30,"column":49}},"7":{"start":{"line":31,"column":12},"end":{"line":42,"column":6}},"8":{"start":{"line":32,"column":7},"end":{"line":32,"column":49}},"9":{"start":{"line":33,"column":12},"end":{"line":42,"column":6}},"10":{"start":{"line":34,"column":7},"end":{"line":34,"column":52}},"11":{"start":{"line":35,"column":12},"end":{"line":42,"column":6}},"12":{"start":{"line":36,"column":7},"end":{"line":36,"column":50}},"13":{"start":{"line":38,"column":7},"end":{"line":41,"column":9}},"14":{"start":{"line":46,"column":5},"end":{"line":46,"column":28}},"15":{"start":{"line":50,"column":5},"end":{"line":67,"column":7}},"16":{"start":{"line":63,"column":33},"end":{"line":63,"column":54}},"17":{"start":{"line":71,"column":0},"end":{"line":88,"column":2}},"18":{"start":{"line":91,"column":24},"end":{"line":94,"column":2}},"19":{"start":{"line":91,"column":34},"end":{"line":94,"column":1}},"20":{"start":{"line":96,"column":27},"end":{"line":99,"column":2}},"21":{"start":{"line":96,"column":40},"end":{"line":99,"column":1}},"22":{"start":{"line":97,"column":20},"end":{"line":97,"column":56}},"23":{"start":{"line":98,"column":42},"end":{"line":98,"column":93}}},"fnMap":{"0":{"name":"(anonymous_0)","decl":{"start":{"line":17,"column":3},"end":{"line":17,"column":4}},"loc":{"start":{"line":17,"column":24},"end":{"line":19,"column":4}},"line":17},"1":{"name":"(anonymous_1)","decl":{"start":{"line":21,"column":13},"end":{"line":21,"column":14}},"loc":{"start":{"line":21,"column":20},"end":{"line":23,"column":3}},"line":21},"2":{"name":"(anonymous_2)","decl":{"start":{"line":25,"column":14},"end":{"line":25,"column":15}},"loc":{"start":{"line":25,"column":21},"end":{"line":43,"column":4}},"line":25},"3":{"name":"(anonymous_3)","decl":{"start":{"line":45,"column":18},"end":{"line":45,"column":19}},"loc":{"start":{"line":45,"column":26},"end":{"line":47,"column":4}},"line":45},"4":{"name":"(anonymous_4)","decl":{"start":{"line":49,"column":3},"end":{"line":49,"column":4}},"loc":{"start":{"line":49,"column":12},"end":{"line":68,"column":4}},"line":49},"5":{"name":"(anonymous_5)","decl":{"start":{"line":63,"column":27},"end":{"line":63,"column":28}},"loc":{"start":{"line":63,"column":33},"end":{"line":63,"column":54}},"line":63},"6":{"name":"(anonymous_6)","decl":{"start":{"line":91,"column":24},"end":{"line":91,"column":25}},"loc":{"start":{"line":91,"column":34},"end":{"line":94,"column":1}},"line":91},"7":{"name":"(anonymous_7)","decl":{"start":{"line":96,"column":27},"end":{"line":96,"column":28}},"loc":{"start":{"line":96,"column":40},"end":{"line":99,"column":1}},"line":96},"8":{"name":"(anonymous_8)","decl":{"start":{"line":97,"column":14},"end":{"line":97,"column":15}},"loc":{"start":{"line":97,"column":20},"end":{"line":97,"column":56}},"line":97},"9":{"name":"(anonymous_9)","decl":{"start":{"line":98,"column":17},"end":{"line":98,"column":18}},"loc":{"start":{"line":98,"column":42},"end":{"line":98,"column":93}},"line":98}},"branchMap":{"0":{"loc":{"start":{"line":27,"column":5},"end":{"line":42,"column":6}},"type":"if","locations":[{"start":{"line":27,"column":5},"end":{"line":42,"column":6}},{"start":{"line":27,"column":5},"end":{"line":42,"column":6}}],"line":27},"1":{"loc":{"start":{"line":29,"column":12},"end":{"line":42,"column":6}},"type":"if","locations":[{"start":{"line":29,"column":12},"end":{"line":42,"column":6}},{"start":{"line":29,"column":12},"end":{"line":42,"column":6}}],"line":29},"2":{"loc":{"start":{"line":31,"column":12},"end":{"line":42,"column":6}},"type":"if","locations":[{"start":{"line":31,"column":12},"end":{"line":42,"column":6}},{"start":{"line":31,"column":12},"end":{"line":42,"column":6}}],"line":31},"3":{"loc":{"start":{"line":33,"column":12},"end":{"line":42,"column":6}},"type":"if","locations":[{"start":{"line":33,"column":12},"end":{"line":42,"column":6}},{"start":{"line":33,"column":12},"end":{"line":42,"column":6}}],"line":33},"4":{"loc":{"start":{"line":35,"column":12},"end":{"line":42,"column":6}},"type":"if","locations":[{"start":{"line":35,"column":12},"end":{"line":42,"column":6}},{"start":{"line":35,"column":12},"end":{"line":42,"column":6}}],"line":35}},"s":{"0":0,"1":0,"2":0,"3":0,"4":0,"5":0,"6":0,"7":0,"8":0,"9":0,"10":0,"11":0,"12":0,"13":0,"14":0,"15":0,"16":0,"17":1,"18":1,"19":0,"20":1,"21":0,"22":0,"23":0},"f":{"0":0,"1":0,"2":0,"3":0,"4":0,"5":0,"6":0,"7":0,"8":0,"9":0},"b":{"0":[0,0],"1":[0,0],"2":[0,0],"3":[0,0],"4":[0,0]},"_coverageSchema":"332fd63041d2c1bcb487cc26dd0d5f7d97098a6c","hash":"a220e2cc19e1ce235698f60b43746ba0638c8053"}
,"/Users/andeladeveloper/Documents/CODEBASE/eventmanager/client/src/components/Event/EventInfo.js": {"path":"/Users/andeladeveloper/Documents/CODEBASE/eventmanager/client/src/components/Event/EventInfo.js","statementMap":{"0":{"start":{"line":10,"column":4},"end":{"line":10,"column":54}},"1":{"start":{"line":14,"column":4},"end":{"line":14,"column":23}},"2":{"start":{"line":15,"column":4},"end":{"line":15,"column":77}},"3":{"start":{"line":20,"column":6},"end":{"line":30,"column":12}},"4":{"start":{"line":38,"column":8},"end":{"line":38,"column":25}},"5":{"start":{"line":41,"column":6},"end":{"line":73,"column":12}},"6":{"start":{"line":75,"column":38},"end":{"line":75,"column":53}},"7":{"start":{"line":76,"column":15},"end":{"line":76,"column":81}},"8":{"start":{"line":77,"column":20},"end":{"line":77,"column":107}},"9":{"start":{"line":80,"column":6},"end":{"line":113,"column":12}},"10":{"start":{"line":115,"column":4},"end":{"line":119,"column":6}},"11":{"start":{"line":123,"column":0},"end":{"line":151,"column":2}},"12":{"start":{"line":165,"column":24},"end":{"line":169,"column":2}},"13":{"start":{"line":165,"column":34},"end":{"line":169,"column":1}},"14":{"start":{"line":171,"column":27},"end":{"line":174,"column":2}},"15":{"start":{"line":171,"column":40},"end":{"line":174,"column":1}},"16":{"start":{"line":172,"column":20},"end":{"line":172,"column":56}},"17":{"start":{"line":173,"column":34},"end":{"line":173,"column":79}}},"fnMap":{"0":{"name":"(anonymous_0)","decl":{"start":{"line":9,"column":2},"end":{"line":9,"column":3}},"loc":{"start":{"line":9,"column":23},"end":{"line":11,"column":3}},"line":9},"1":{"name":"(anonymous_1)","decl":{"start":{"line":13,"column":16},"end":{"line":13,"column":17}},"loc":{"start":{"line":13,"column":23},"end":{"line":16,"column":3}},"line":13},"2":{"name":"(anonymous_2)","decl":{"start":{"line":18,"column":2},"end":{"line":18,"column":3}},"loc":{"start":{"line":18,"column":11},"end":{"line":120,"column":3}},"line":18},"3":{"name":"(anonymous_3)","decl":{"start":{"line":165,"column":24},"end":{"line":165,"column":25}},"loc":{"start":{"line":165,"column":34},"end":{"line":169,"column":1}},"line":165},"4":{"name":"(anonymous_4)","decl":{"start":{"line":171,"column":27},"end":{"line":171,"column":28}},"loc":{"start":{"line":171,"column":40},"end":{"line":174,"column":1}},"line":171},"5":{"name":"(anonymous_5)","decl":{"start":{"line":172,"column":14},"end":{"line":172,"column":15}},"loc":{"start":{"line":172,"column":20},"end":{"line":172,"column":56}},"line":172},"6":{"name":"(anonymous_6)","decl":{"start":{"line":173,"column":17},"end":{"line":173,"column":18}},"loc":{"start":{"line":173,"column":34},"end":{"line":173,"column":79}},"line":173}},"branchMap":{"0":{"loc":{"start":{"line":76,"column":15},"end":{"line":76,"column":81}},"type":"cond-expr","locations":[{"start":{"line":76,"column":47},"end":{"line":76,"column":55}},{"start":{"line":76,"column":58},"end":{"line":76,"column":81}}],"line":76},"1":{"loc":{"start":{"line":77,"column":31},"end":{"line":77,"column":106}},"type":"binary-expr","locations":[{"start":{"line":77,"column":31},"end":{"line":77,"column":48}},{"start":{"line":77,"column":52},"end":{"line":77,"column":77}},{"start":{"line":77,"column":81},"end":{"line":77,"column":106}}],"line":77},"2":{"loc":{"start":{"line":107,"column":18},"end":{"line":107,"column":89}},"type":"cond-expr","locations":[{"start":{"line":107,"column":72},"end":{"line":107,"column":76}},{"start":{"line":107,"column":79},"end":{"line":107,"column":89}}],"line":107},"3":{"loc":{"start":{"line":107,"column":18},"end":{"line":107,"column":69}},"type":"binary-expr","locations":[{"start":{"line":107,"column":18},"end":{"line":107,"column":49}},{"start":{"line":107,"column":53},"end":{"line":107,"column":69}}],"line":107},"4":{"loc":{"start":{"line":117,"column":10},"end":{"line":117,"column":89}},"type":"cond-expr","locations":[{"start":{"line":117,"column":73},"end":{"line":117,"column":82}},{"start":{"line":117,"column":85},"end":{"line":117,"column":89}}],"line":117},"5":{"loc":{"start":{"line":117,"column":10},"end":{"line":117,"column":70}},"type":"binary-expr","locations":[{"start":{"line":117,"column":10},"end":{"line":117,"column":41}},{"start":{"line":117,"column":45},"end":{"line":117,"column":70}}],"line":117}},"s":{"0":0,"1":0,"2":0,"3":0,"4":0,"5":0,"6":0,"7":0,"8":0,"9":0,"10":0,"11":1,"12":1,"13":0,"14":1,"15":0,"16":0,"17":0},"f":{"0":0,"1":0,"2":0,"3":0,"4":0,"5":0,"6":0},"b":{"0":[0,0],"1":[0,0,0],"2":[0,0],"3":[0,0],"4":[0,0],"5":[0,0]},"_coverageSchema":"332fd63041d2c1bcb487cc26dd0d5f7d97098a6c","hash":"5d2f2f14fcfa619690d7beadc15815124ed5426f"}
,"/Users/andeladeveloper/Documents/CODEBASE/eventmanager/client/src/components/Event/ViewEvents.js": {"path":"/Users/andeladeveloper/Documents/CODEBASE/eventmanager/client/src/components/Event/ViewEvents.js","statementMap":{"0":{"start":{"line":12,"column":4},"end":{"line":12,"column":29}},"1":{"start":{"line":16,"column":6},"end":{"line":19,"column":12}},"2":{"start":{"line":22,"column":19},"end":{"line":30,"column":8}},"3":{"start":{"line":23,"column":7},"end":{"line":29,"column":13}},"4":{"start":{"line":32,"column":4},"end":{"line":40,"column":6}},"5":{"start":{"line":44,"column":0},"end":{"line":49,"column":2}},"6":{"start":{"line":51,"column":24},"end":{"line":54,"column":2}},"7":{"start":{"line":51,"column":34},"end":{"line":54,"column":1}},"8":{"start":{"line":56,"column":27},"end":{"line":58,"column":2}},"9":{"start":{"line":56,"column":40},"end":{"line":58,"column":1}},"10":{"start":{"line":57,"column":21},"end":{"line":57,"column":51}}},"fnMap":{"0":{"name":"(anonymous_0)","decl":{"start":{"line":11,"column":2},"end":{"line":11,"column":3}},"loc":{"start":{"line":11,"column":22},"end":{"line":13,"column":3}},"line":11},"1":{"name":"(anonymous_1)","decl":{"start":{"line":14,"column":2},"end":{"line":14,"column":3}},"loc":{"start":{"line":14,"column":11},"end":{"line":41,"column":3}},"line":14},"2":{"name":"(anonymous_2)","decl":{"start":{"line":22,"column":116},"end":{"line":22,"column":117}},"loc":{"start":{"line":23,"column":7},"end":{"line":29,"column":13}},"line":23},"3":{"name":"(anonymous_3)","decl":{"start":{"line":51,"column":24},"end":{"line":51,"column":25}},"loc":{"start":{"line":51,"column":34},"end":{"line":54,"column":1}},"line":51},"4":{"name":"(anonymous_4)","decl":{"start":{"line":56,"column":27},"end":{"line":56,"column":28}},"loc":{"start":{"line":56,"column":40},"end":{"line":58,"column":1}},"line":56},"5":{"name":"(anonymous_5)","decl":{"start":{"line":57,"column":15},"end":{"line":57,"column":16}},"loc":{"start":{"line":57,"column":21},"end":{"line":57,"column":51}},"line":57}},"branchMap":{"0":{"loc":{"start":{"line":22,"column":19},"end":{"line":30,"column":8}},"type":"cond-expr","locations":[{"start":{"line":22,"column":82},"end":{"line":22,"column":91}},{"start":{"line":22,"column":94},"end":{"line":30,"column":8}}],"line":22},"1":{"loc":{"start":{"line":22,"column":19},"end":{"line":22,"column":79}},"type":"binary-expr","locations":[{"start":{"line":22,"column":19},"end":{"line":22,"column":50}},{"start":{"line":22,"column":54},"end":{"line":22,"column":79}}],"line":22}},"s":{"0":0,"1":0,"2":0,"3":0,"4":0,"5":1,"6":1,"7":0,"8":1,"9":0,"10":0},"f":{"0":0,"1":0,"2":0,"3":0,"4":0,"5":0},"b":{"0":[0,0],"1":[0,0]},"_coverageSchema":"332fd63041d2c1bcb487cc26dd0d5f7d97098a6c","hash":"d59ecbaaf0043e3465570f7c68869d82928b4f39"}
,"/Users/andeladeveloper/Documents/CODEBASE/eventmanager/client/src/components/Event/getEvent.js": {"path":"/Users/andeladeveloper/Documents/CODEBASE/eventmanager/client/src/components/Event/getEvent.js","statementMap":{"0":{"start":{"line":5,"column":16},"end":{"line":20,"column":1}},"1":{"start":{"line":6,"column":2},"end":{"line":19,"column":8}},"2":{"start":{"line":22,"column":0},"end":{"line":26,"column":2}}},"fnMap":{"0":{"name":"(anonymous_0)","decl":{"start":{"line":5,"column":16},"end":{"line":5,"column":17}},"loc":{"start":{"line":6,"column":2},"end":{"line":19,"column":8}},"line":6}},"branchMap":{},"s":{"0":1,"1":0,"2":1},"f":{"0":0},"b":{},"_coverageSchema":"332fd63041d2c1bcb487cc26dd0d5f7d97098a6c","hash":"7d7038304f9ad3c75dc5fcfb4e8e9ffc7de8ee8b"}
,"/Users/andeladeveloper/Documents/CODEBASE/eventmanager/client/src/components/Event/Form/EventForm.js": {"path":"/Users/andeladeveloper/Documents/CODEBASE/eventmanager/client/src/components/Event/Form/EventForm.js","statementMap":{"0":{"start":{"line":5,"column":18},"end":{"line":86,"column":1}},"1":{"start":{"line":6,"column":2},"end":{"line":84,"column":8}},"2":{"start":{"line":76,"column":44},"end":{"line":76,"column":66}},"3":{"start":{"line":88,"column":0},"end":{"line":96,"column":2}}},"fnMap":{"0":{"name":"(anonymous_0)","decl":{"start":{"line":5,"column":18},"end":{"line":5,"column":19}},"loc":{"start":{"line":6,"column":2},"end":{"line":84,"column":8}},"line":6},"1":{"name":"(anonymous_1)","decl":{"start":{"line":76,"column":38},"end":{"line":76,"column":39}},"loc":{"start":{"line":76,"column":44},"end":{"line":76,"column":66}},"line":76}},"branchMap":{},"s":{"0":1,"1":0,"2":0,"3":1},"f":{"0":0,"1":0},"b":{},"_coverageSchema":"332fd63041d2c1bcb487cc26dd0d5f7d97098a6c","hash":"257ee901c1bf1fae14567b559d0716145c3ab4ca"}
,"/Users/andeladeveloper/Documents/CODEBASE/eventmanager/client/src/components/Route/Route.js": {"path":"/Users/andeladeveloper/Documents/CODEBASE/eventmanager/client/src/components/Route/Route.js","statementMap":{"0":{"start":{"line":23,"column":16},"end":{"line":42,"column":1}},"1":{"start":{"line":24,"column":2},"end":{"line":41,"column":11}}},"fnMap":{"0":{"name":"(anonymous_0)","decl":{"start":{"line":23,"column":16},"end":{"line":23,"column":17}},"loc":{"start":{"line":24,"column":2},"end":{"line":41,"column":11}},"line":24}},"branchMap":{},"s":{"0":1,"1":0},"f":{"0":0},"b":{},"_coverageSchema":"332fd63041d2c1bcb487cc26dd0d5f7d97098a6c","hash":"2eb9c05bdc42828910ef56bdc17188573710ef36"}
,"/Users/andeladeveloper/Documents/CODEBASE/eventmanager/client/src/components/UI/Footer.js": {"path":"/Users/andeladeveloper/Documents/CODEBASE/eventmanager/client/src/components/UI/Footer.js","statementMap":{"0":{"start":{"line":3,"column":15},"end":{"line":57,"column":1}},"1":{"start":{"line":4,"column":2},"end":{"line":55,"column":8}}},"fnMap":{"0":{"name":"(anonymous_0)","decl":{"start":{"line":3,"column":15},"end":{"line":3,"column":16}},"loc":{"start":{"line":4,"column":2},"end":{"line":55,"column":8}},"line":4}},"branchMap":{},"s":{"0":2,"1":0},"f":{"0":0},"b":{},"_coverageSchema":"332fd63041d2c1bcb487cc26dd0d5f7d97098a6c","hash":"983476d74369f2279dde7f1039c0d9aedffbd8d0"}
,"/Users/andeladeveloper/Documents/CODEBASE/eventmanager/client/src/components/UI/Home.js": {"path":"/Users/andeladeveloper/Documents/CODEBASE/eventmanager/client/src/components/UI/Home.js","statementMap":{"0":{"start":{"line":4,"column":13},"end":{"line":79,"column":1}},"1":{"start":{"line":5,"column":2},"end":{"line":77,"column":8}}},"fnMap":{"0":{"name":"(anonymous_0)","decl":{"start":{"line":4,"column":13},"end":{"line":4,"column":14}},"loc":{"start":{"line":5,"column":2},"end":{"line":77,"column":8}},"line":5}},"branchMap":{},"s":{"0":2,"1":3},"f":{"0":3},"b":{},"_coverageSchema":"332fd63041d2c1bcb487cc26dd0d5f7d97098a6c","hash":"babfa96eeef539348997c77d1bb6e7d9e35062ae"}
,"/Users/andeladeveloper/Documents/CODEBASE/eventmanager/client/src/components/UI/NavBar.js": {"path":"/Users/andeladeveloper/Documents/CODEBASE/eventmanager/client/src/components/UI/NavBar.js","statementMap":{"0":{"start":{"line":9,"column":15},"end":{"line":11,"column":1}},"1":{"start":{"line":15,"column":4},"end":{"line":15,"column":23}},"2":{"start":{"line":16,"column":4},"end":{"line":16,"column":44}},"3":{"start":{"line":20,"column":32},"end":{"line":20,"column":47}},"4":{"start":{"line":21,"column":18},"end":{"line":21,"column":86}},"5":{"start":{"line":24,"column":6},"end":{"line":33,"column":11}},"6":{"start":{"line":37,"column":6},"end":{"line":53,"column":11}},"7":{"start":{"line":57,"column":6},"end":{"line":74,"column":11}},"8":{"start":{"line":77,"column":4},"end":{"line":135,"column":6}},"9":{"start":{"line":139,"column":0},"end":{"line":149,"column":2}},"10":{"start":{"line":152,"column":24},"end":{"line":154,"column":2}},"11":{"start":{"line":152,"column":34},"end":{"line":154,"column":1}},"12":{"start":{"line":156,"column":27},"end":{"line":158,"column":2}},"13":{"start":{"line":156,"column":40},"end":{"line":158,"column":1}},"14":{"start":{"line":157,"column":23},"end":{"line":157,"column":63}}},"fnMap":{"0":{"name":"(anonymous_0)","decl":{"start":{"line":14,"column":11},"end":{"line":14,"column":12}},"loc":{"start":{"line":14,"column":18},"end":{"line":17,"column":3}},"line":14},"1":{"name":"(anonymous_1)","decl":{"start":{"line":19,"column":2},"end":{"line":19,"column":3}},"loc":{"start":{"line":19,"column":11},"end":{"line":136,"column":3}},"line":19},"2":{"name":"(anonymous_2)","decl":{"start":{"line":152,"column":24},"end":{"line":152,"column":25}},"loc":{"start":{"line":152,"column":34},"end":{"line":154,"column":1}},"line":152},"3":{"name":"(anonymous_3)","decl":{"start":{"line":156,"column":27},"end":{"line":156,"column":28}},"loc":{"start":{"line":156,"column":40},"end":{"line":158,"column":1}},"line":156},"4":{"name":"(anonymous_4)","decl":{"start":{"line":157,"column":12},"end":{"line":157,"column":13}},"loc":{"start":{"line":157,"column":23},"end":{"line":157,"column":63}},"line":157}},"branchMap":{"0":{"loc":{"start":{"line":21,"column":18},"end":{"line":21,"column":86}},"type":"cond-expr","locations":[{"start":{"line":21,"column":50},"end":{"line":21,"column":58}},{"start":{"line":21,"column":61},"end":{"line":21,"column":86}}],"line":21},"1":{"loc":{"start":{"line":127,"column":15},"end":{"line":127,"column":49}},"type":"cond-expr","locations":[{"start":{"line":127,"column":36},"end":{"line":127,"column":42}},{"start":{"line":127,"column":45},"end":{"line":127,"column":49}}],"line":127},"2":{"loc":{"start":{"line":130,"column":14},"end":{"line":130,"column":52}},"type":"cond-expr","locations":[{"start":{"line":130,"column":32},"end":{"line":130,"column":40}},{"start":{"line":130,"column":43},"end":{"line":130,"column":52}}],"line":130}},"s":{"0":1,"1":0,"2":0,"3":0,"4":0,"5":0,"6":0,"7":0,"8":0,"9":1,"10":1,"11":0,"12":1,"13":0,"14":0},"f":{"0":0,"1":0,"2":0,"3":0,"4":0},"b":{"0":[0,0],"1":[0,0],"2":[0,0]},"_coverageSchema":"332fd63041d2c1bcb487cc26dd0d5f7d97098a6c","hash":"e7c1d33683ce58655b501283c00999a999e90aca"}
,"/Users/andeladeveloper/Documents/CODEBASE/eventmanager/client/src/components/User/EmailVerify.js": {"path":"/Users/andeladeveloper/Documents/CODEBASE/eventmanager/client/src/components/User/EmailVerify.js","statementMap":{"0":{"start":{"line":8,"column":4},"end":{"line":8,"column":82}},"1":{"start":{"line":13,"column":6},"end":{"line":13,"column":32}},"2":{"start":{"line":16,"column":4},"end":{"line":21,"column":6}},"3":{"start":{"line":26,"column":0},"end":{"line":34,"column":2}},"4":{"start":{"line":36,"column":27},"end":{"line":38,"column":2}},"5":{"start":{"line":36,"column":40},"end":{"line":38,"column":1}},"6":{"start":{"line":37,"column":39},"end":{"line":37,"column":87}}},"fnMap":{"0":{"name":"(anonymous_0)","decl":{"start":{"line":7,"column":2},"end":{"line":7,"column":3}},"loc":{"start":{"line":7,"column":23},"end":{"line":9,"column":3}},"line":7},"1":{"name":"(anonymous_1)","decl":{"start":{"line":11,"column":2},"end":{"line":11,"column":3}},"loc":{"start":{"line":11,"column":11},"end":{"line":22,"column":3}},"line":11},"2":{"name":"(anonymous_2)","decl":{"start":{"line":36,"column":27},"end":{"line":36,"column":28}},"loc":{"start":{"line":36,"column":40},"end":{"line":38,"column":1}},"line":36},"3":{"name":"(anonymous_3)","decl":{"start":{"line":37,"column":19},"end":{"line":37,"column":20}},"loc":{"start":{"line":37,"column":39},"end":{"line":37,"column":87}},"line":37}},"branchMap":{},"s":{"0":0,"1":0,"2":0,"3":1,"4":1,"5":0,"6":0},"f":{"0":0,"1":0,"2":0,"3":0},"b":{},"_coverageSchema":"332fd63041d2c1bcb487cc26dd0d5f7d97098a6c","hash":"5f8563cdc4cf278539681177d1c14f46d2428aa4"}
,"/Users/andeladeveloper/Documents/CODEBASE/eventmanager/client/src/components/User/ForgotPassword.js": {"path":"/Users/andeladeveloper/Documents/CODEBASE/eventmanager/client/src/components/User/ForgotPassword.js","statementMap":{"0":{"start":{"line":14,"column":4},"end":{"line":14,"column":55}},"1":{"start":{"line":18,"column":4},"end":{"line":18,"column":23}},"2":{"start":{"line":19,"column":4},"end":{"line":23,"column":5}},"3":{"start":{"line":20,"column":6},"end":{"line":20,"column":43}},"4":{"start":{"line":22,"column":6},"end":{"line":22,"column":69}},"5":{"start":{"line":27,"column":4},"end":{"line":54,"column":6}},"6":{"start":{"line":58,"column":0},"end":{"line":61,"column":2}},"7":{"start":{"line":63,"column":27},"end":{"line":65,"column":2}},"8":{"start":{"line":63,"column":40},"end":{"line":65,"column":1}},"9":{"start":{"line":64,"column":42},"end":{"line":64,"column":93}}},"fnMap":{"0":{"name":"(anonymous_0)","decl":{"start":{"line":13,"column":12},"end":{"line":13,"column":13}},"loc":{"start":{"line":13,"column":19},"end":{"line":15,"column":3}},"line":13},"1":{"name":"(anonymous_1)","decl":{"start":{"line":17,"column":13},"end":{"line":17,"column":14}},"loc":{"start":{"line":17,"column":20},"end":{"line":24,"column":3}},"line":17},"2":{"name":"(anonymous_2)","decl":{"start":{"line":26,"column":2},"end":{"line":26,"column":3}},"loc":{"start":{"line":26,"column":11},"end":{"line":55,"column":3}},"line":26},"3":{"name":"(anonymous_3)","decl":{"start":{"line":63,"column":27},"end":{"line":63,"column":28}},"loc":{"start":{"line":63,"column":40},"end":{"line":65,"column":1}},"line":63},"4":{"name":"(anonymous_4)","decl":{"start":{"line":64,"column":23},"end":{"line":64,"column":24}},"loc":{"start":{"line":64,"column":42},"end":{"line":64,"column":93}},"line":64}},"branchMap":{"0":{"loc":{"start":{"line":19,"column":4},"end":{"line":23,"column":5}},"type":"if","locations":[{"start":{"line":19,"column":4},"end":{"line":23,"column":5}},{"start":{"line":19,"column":4},"end":{"line":23,"column":5}}],"line":19}},"s":{"0":0,"1":0,"2":0,"3":0,"4":0,"5":0,"6":1,"7":1,"8":0,"9":0},"f":{"0":0,"1":0,"2":0,"3":0,"4":0},"b":{"0":[0,0]},"_coverageSchema":"332fd63041d2c1bcb487cc26dd0d5f7d97098a6c","hash":"0a24eafa088fe4cf7d4ad028beb44e21f6dcce2c"}
,"/Users/andeladeveloper/Documents/CODEBASE/eventmanager/client/src/components/User/Login.js": {"path":"/Users/andeladeveloper/Documents/CODEBASE/eventmanager/client/src/components/User/Login.js","statementMap":{"0":{"start":{"line":16,"column":4},"end":{"line":16,"column":55}},"1":{"start":{"line":20,"column":4},"end":{"line":20,"column":23}},"2":{"start":{"line":21,"column":4},"end":{"line":30,"column":5}},"3":{"start":{"line":22,"column":6},"end":{"line":22,"column":43}},"4":{"start":{"line":23,"column":11},"end":{"line":30,"column":5}},"5":{"start":{"line":24,"column":6},"end":{"line":24,"column":46}},"6":{"start":{"line":26,"column":6},"end":{"line":29,"column":8}},"7":{"start":{"line":34,"column":4},"end":{"line":72,"column":6}},"8":{"start":{"line":76,"column":0},"end":{"line":79,"column":2}},"9":{"start":{"line":82,"column":24},"end":{"line":84,"column":2}},"10":{"start":{"line":82,"column":34},"end":{"line":84,"column":1}},"11":{"start":{"line":87,"column":27},"end":{"line":89,"column":2}},"12":{"start":{"line":87,"column":40},"end":{"line":89,"column":1}},"13":{"start":{"line":88,"column":36},"end":{"line":88,"column":81}}},"fnMap":{"0":{"name":"(anonymous_0)","decl":{"start":{"line":15,"column":12},"end":{"line":15,"column":13}},"loc":{"start":{"line":15,"column":19},"end":{"line":17,"column":3}},"line":15},"1":{"name":"(anonymous_1)","decl":{"start":{"line":19,"column":13},"end":{"line":19,"column":14}},"loc":{"start":{"line":19,"column":20},"end":{"line":31,"column":3}},"line":19},"2":{"name":"(anonymous_2)","decl":{"start":{"line":33,"column":2},"end":{"line":33,"column":3}},"loc":{"start":{"line":33,"column":11},"end":{"line":73,"column":3}},"line":33},"3":{"name":"(anonymous_3)","decl":{"start":{"line":82,"column":24},"end":{"line":82,"column":25}},"loc":{"start":{"line":82,"column":34},"end":{"line":84,"column":1}},"line":82},"4":{"name":"(anonymous_4)","decl":{"start":{"line":87,"column":27},"end":{"line":87,"column":28}},"loc":{"start":{"line":87,"column":40},"end":{"line":89,"column":1}},"line":87},"5":{"name":"(anonymous_5)","decl":{"start":{"line":88,"column":17},"end":{"line":88,"column":18}},"loc":{"start":{"line":88,"column":36},"end":{"line":88,"column":81}},"line":88}},"branchMap":{"0":{"loc":{"start":{"line":21,"column":4},"end":{"line":30,"column":5}},"type":"if","locations":[{"start":{"line":21,"column":4},"end":{"line":30,"column":5}},{"start":{"line":21,"column":4},"end":{"line":30,"column":5}}],"line":21},"1":{"loc":{"start":{"line":23,"column":11},"end":{"line":30,"column":5}},"type":"if","locations":[{"start":{"line":23,"column":11},"end":{"line":30,"column":5}},{"start":{"line":23,"column":11},"end":{"line":30,"column":5}}],"line":23}},"s":{"0":0,"1":0,"2":0,"3":0,"4":0,"5":0,"6":0,"7":0,"8":1,"9":1,"10":0,"11":1,"12":0,"13":0},"f":{"0":0,"1":0,"2":0,"3":0,"4":0,"5":0},"b":{"0":[0,0],"1":[0,0]},"_coverageSchema":"332fd63041d2c1bcb487cc26dd0d5f7d97098a6c","hash":"64cb64b1f56eb2ed99caf54808e968d639a6aaf0"}
,"/Users/andeladeveloper/Documents/CODEBASE/eventmanager/client/src/components/User/PasswordReset.js": {"path":"/Users/andeladeveloper/Documents/CODEBASE/eventmanager/client/src/components/User/PasswordReset.js","statementMap":{"0":{"start":{"line":15,"column":4},"end":{"line":15,"column":55}},"1":{"start":{"line":19,"column":4},"end":{"line":19,"column":23}},"2":{"start":{"line":20,"column":4},"end":{"line":31,"column":5}},"3":{"start":{"line":21,"column":6},"end":{"line":21,"column":46}},"4":{"start":{"line":22,"column":11},"end":{"line":31,"column":5}},"5":{"start":{"line":23,"column":6},"end":{"line":23,"column":58}},"6":{"start":{"line":24,"column":11},"end":{"line":31,"column":5}},"7":{"start":{"line":25,"column":6},"end":{"line":25,"column":62}},"8":{"start":{"line":27,"column":6},"end":{"line":30,"column":8}},"9":{"start":{"line":35,"column":4},"end":{"line":71,"column":6}},"10":{"start":{"line":75,"column":0},"end":{"line":83,"column":2}},"11":{"start":{"line":85,"column":27},"end":{"line":87,"column":2}},"12":{"start":{"line":85,"column":40},"end":{"line":87,"column":1}},"13":{"start":{"line":86,"column":47},"end":{"line":86,"column":103}}},"fnMap":{"0":{"name":"(anonymous_0)","decl":{"start":{"line":14,"column":12},"end":{"line":14,"column":13}},"loc":{"start":{"line":14,"column":19},"end":{"line":16,"column":3}},"line":14},"1":{"name":"(anonymous_1)","decl":{"start":{"line":18,"column":13},"end":{"line":18,"column":14}},"loc":{"start":{"line":18,"column":20},"end":{"line":32,"column":3}},"line":18},"2":{"name":"(anonymous_2)","decl":{"start":{"line":34,"column":2},"end":{"line":34,"column":3}},"loc":{"start":{"line":34,"column":11},"end":{"line":72,"column":3}},"line":34},"3":{"name":"(anonymous_3)","decl":{"start":{"line":85,"column":27},"end":{"line":85,"column":28}},"loc":{"start":{"line":85,"column":40},"end":{"line":87,"column":1}},"line":85},"4":{"name":"(anonymous_4)","decl":{"start":{"line":86,"column":21},"end":{"line":86,"column":22}},"loc":{"start":{"line":86,"column":47},"end":{"line":86,"column":103}},"line":86}},"branchMap":{"0":{"loc":{"start":{"line":20,"column":4},"end":{"line":31,"column":5}},"type":"if","locations":[{"start":{"line":20,"column":4},"end":{"line":31,"column":5}},{"start":{"line":20,"column":4},"end":{"line":31,"column":5}}],"line":20},"1":{"loc":{"start":{"line":22,"column":11},"end":{"line":31,"column":5}},"type":"if","locations":[{"start":{"line":22,"column":11},"end":{"line":31,"column":5}},{"start":{"line":22,"column":11},"end":{"line":31,"column":5}}],"line":22},"2":{"loc":{"start":{"line":24,"column":11},"end":{"line":31,"column":5}},"type":"if","locations":[{"start":{"line":24,"column":11},"end":{"line":31,"column":5}},{"start":{"line":24,"column":11},"end":{"line":31,"column":5}}],"line":24}},"s":{"0":0,"1":0,"2":0,"3":0,"4":0,"5":0,"6":0,"7":0,"8":0,"9":0,"10":1,"11":1,"12":0,"13":0},"f":{"0":0,"1":0,"2":0,"3":0,"4":0},"b":{"0":[0,0],"1":[0,0],"2":[0,0]},"_coverageSchema":"332fd63041d2c1bcb487cc26dd0d5f7d97098a6c","hash":"71ce726a9c50dab29e57ff8a89232a36d589a3bf"}
,"/Users/andeladeveloper/Documents/CODEBASE/eventmanager/client/src/components/User/Signup.js": {"path":"/Users/andeladeveloper/Documents/CODEBASE/eventmanager/client/src/components/User/Signup.js","statementMap":{"0":{"start":{"line":18,"column":4},"end":{"line":18,"column":55}},"1":{"start":{"line":22,"column":4},"end":{"line":22,"column":23}},"2":{"start":{"line":23,"column":4},"end":{"line":38,"column":5}},"3":{"start":{"line":24,"column":6},"end":{"line":24,"column":47}},"4":{"start":{"line":25,"column":11},"end":{"line":38,"column":5}},"5":{"start":{"line":26,"column":6},"end":{"line":26,"column":43}},"6":{"start":{"line":27,"column":11},"end":{"line":38,"column":5}},"7":{"start":{"line":28,"column":6},"end":{"line":28,"column":46}},"8":{"start":{"line":29,"column":11},"end":{"line":38,"column":5}},"9":{"start":{"line":30,"column":6},"end":{"line":30,"column":58}},"10":{"start":{"line":31,"column":11},"end":{"line":38,"column":5}},"11":{"start":{"line":32,"column":6},"end":{"line":32,"column":62}},"12":{"start":{"line":34,"column":6},"end":{"line":37,"column":8}},"13":{"start":{"line":43,"column":4},"end":{"line":103,"column":6}},"14":{"start":{"line":107,"column":0},"end":{"line":110,"column":2}},"15":{"start":{"line":112,"column":24},"end":{"line":114,"column":2}},"16":{"start":{"line":112,"column":34},"end":{"line":114,"column":1}},"17":{"start":{"line":117,"column":27},"end":{"line":119,"column":2}},"18":{"start":{"line":117,"column":40},"end":{"line":119,"column":1}},"19":{"start":{"line":118,"column":35},"end":{"line":118,"column":75}}},"fnMap":{"0":{"name":"(anonymous_0)","decl":{"start":{"line":17,"column":13},"end":{"line":17,"column":14}},"loc":{"start":{"line":17,"column":20},"end":{"line":19,"column":3}},"line":17},"1":{"name":"(anonymous_1)","decl":{"start":{"line":21,"column":13},"end":{"line":21,"column":14}},"loc":{"start":{"line":21,"column":20},"end":{"line":39,"column":3}},"line":21},"2":{"name":"(anonymous_2)","decl":{"start":{"line":42,"column":2},"end":{"line":42,"column":3}},"loc":{"start":{"line":42,"column":11},"end":{"line":104,"column":3}},"line":42},"3":{"name":"(anonymous_3)","decl":{"start":{"line":112,"column":24},"end":{"line":112,"column":25}},"loc":{"start":{"line":112,"column":34},"end":{"line":114,"column":1}},"line":112},"4":{"name":"(anonymous_4)","decl":{"start":{"line":117,"column":27},"end":{"line":117,"column":28}},"loc":{"start":{"line":117,"column":40},"end":{"line":119,"column":1}},"line":117},"5":{"name":"(anonymous_5)","decl":{"start":{"line":118,"column":16},"end":{"line":118,"column":17}},"loc":{"start":{"line":118,"column":35},"end":{"line":118,"column":75}},"line":118}},"branchMap":{"0":{"loc":{"start":{"line":23,"column":4},"end":{"line":38,"column":5}},"type":"if","locations":[{"start":{"line":23,"column":4},"end":{"line":38,"column":5}},{"start":{"line":23,"column":4},"end":{"line":38,"column":5}}],"line":23},"1":{"loc":{"start":{"line":25,"column":11},"end":{"line":38,"column":5}},"type":"if","locations":[{"start":{"line":25,"column":11},"end":{"line":38,"column":5}},{"start":{"line":25,"column":11},"end":{"line":38,"column":5}}],"line":25},"2":{"loc":{"start":{"line":27,"column":11},"end":{"line":38,"column":5}},"type":"if","locations":[{"start":{"line":27,"column":11},"end":{"line":38,"column":5}},{"start":{"line":27,"column":11},"end":{"line":38,"column":5}}],"line":27},"3":{"loc":{"start":{"line":29,"column":11},"end":{"line":38,"column":5}},"type":"if","locations":[{"start":{"line":29,"column":11},"end":{"line":38,"column":5}},{"start":{"line":29,"column":11},"end":{"line":38,"column":5}}],"line":29},"4":{"loc":{"start":{"line":31,"column":11},"end":{"line":38,"column":5}},"type":"if","locations":[{"start":{"line":31,"column":11},"end":{"line":38,"column":5}},{"start":{"line":31,"column":11},"end":{"line":38,"column":5}}],"line":31}},"s":{"0":0,"1":0,"2":0,"3":0,"4":0,"5":0,"6":0,"7":0,"8":0,"9":0,"10":0,"11":0,"12":0,"13":0,"14":1,"15":1,"16":0,"17":1,"18":0,"19":0},"f":{"0":0,"1":0,"2":0,"3":0,"4":0,"5":0},"b":{"0":[0,0],"1":[0,0],"2":[0,0],"3":[0,0],"4":[0,0]},"_coverageSchema":"332fd63041d2c1bcb487cc26dd0d5f7d97098a6c","hash":"7311d7e4666027d1c5fbc2686ddbd0e9d7a7817f"}
,"/Users/andeladeveloper/Documents/CODEBASE/eventmanager/client/src/components/User/TextField.js": {"path":"/Users/andeladeveloper/Documents/CODEBASE/eventmanager/client/src/components/User/TextField.js","statementMap":{"0":{"start":{"line":4,"column":18},"end":{"line":19,"column":1}},"1":{"start":{"line":7,"column":2},"end":{"line":18,"column":8}},"2":{"start":{"line":22,"column":0},"end":{"line":29,"column":2}}},"fnMap":{"0":{"name":"(anonymous_0)","decl":{"start":{"line":4,"column":18},"end":{"line":4,"column":19}},"loc":{"start":{"line":7,"column":2},"end":{"line":18,"column":8}},"line":7}},"branchMap":{},"s":{"0":1,"1":0,"2":1},"f":{"0":0},"b":{},"_coverageSchema":"332fd63041d2c1bcb487cc26dd0d5f7d97098a6c","hash":"d9d133e005772ee46054fd1d22c0b87ddeb0e3ca"}
[...]
d":{"line":42,"column":41}},"12":{"start":{"line":43,"column":10},"end":{"line":43,"column":35}},"13":{"start":{"line":44,"column":10},"end":{"line":44,"column":27}},"14":{"start":{"line":47,"column":27},"end":{"line":47,"column":59}},"15":{"start":{"line":48,"column":10},"end":{"line":50,"column":38}},"16":{"start":{"line":49,"column":10},"end":{"line":49,"column":26}},"17":{"start":{"line":51,"column":10},"end":{"line":51,"column":37}},"18":{"start":{"line":57,"column":29},"end":{"line":76,"column":1}},"19":{"start":{"line":58,"column":2},"end":{"line":75,"column":4}},"20":{"start":{"line":59,"column":7},"end":{"line":74,"column":10}},"21":{"start":{"line":61,"column":10},"end":{"line":61,"column":41}},"22":{"start":{"line":62,"column":10},"end":{"line":62,"column":27}},"23":{"start":{"line":63,"column":24},"end":{"line":63,"column":38}},"24":{"start":{"line":64,"column":10},"end":{"line":64,"column":50}},"25":{"start":{"line":65,"column":10},"end":{"line":65,"column":47}},"26":{"start":{"line":66,"column":10},"end":{"line":66,"column":43}},"27":{"start":{"line":69,"column":27},"end":{"line":69,"column":59}},"28":{"start":{"line":70,"column":10},"end":{"line":72,"column":38}},"29":{"start":{"line":71,"column":10},"end":{"line":71,"column":26}},"30":{"start":{"line":73,"column":10},"end":{"line":73,"column":36}},"31":{"start":{"line":79,"column":30},"end":{"line":86,"column":1}},"32":{"start":{"line":80,"column":2},"end":{"line":85,"column":3}},"33":{"start":{"line":81,"column":4},"end":{"line":81,"column":40}},"34":{"start":{"line":82,"column":4},"end":{"line":82,"column":39}},"35":{"start":{"line":83,"column":4},"end":{"line":83,"column":21}},"36":{"start":{"line":84,"column":4},"end":{"line":84,"column":25}},"37":{"start":{"line":89,"column":35},"end":{"line":104,"column":1}},"38":{"start":{"line":90,"column":3},"end":{"line":103,"column":4}},"39":{"start":{"line":91,"column":7},"end":{"line":102,"column":10}},"40":{"start":{"line":93,"column":10},"end":{"line":93,"column":41}},"41":{"start":{"line":94,"column":10},"end":{"line":94,"column":27}},"42":{"start":{"line":97,"column":27},"end":{"line":97,"column":59}},"43":{"start":{"line":98,"column":10},"end":{"line":100,"column":60}},"44":{"start":{"line":99,"column":10},"end":{"line":99,"column":26}},"45":{"start":{"line":101,"column":10},"end":{"line":101,"column":36}},"46":{"start":{"line":107,"column":33},"end":{"line":121,"column":1}},"47":{"start":{"line":108,"column":2},"end":{"line":120,"column":3}},"48":{"start":{"line":109,"column":6},"end":{"line":119,"column":8}},"49":{"start":{"line":111,"column":8},"end":{"line":111,"column":39}},"50":{"start":{"line":112,"column":8},"end":{"line":112,"column":30}},"51":{"start":{"line":114,"column":25},"end":{"line":114,"column":57}},"52":{"start":{"line":115,"column":8},"end":{"line":117,"column":61}},"53":{"start":{"line":116,"column":8},"end":{"line":116,"column":24}},"54":{"start":{"line":118,"column":7},"end":{"line":118,"column":33}},"55":{"start":{"line":124,"column":31},"end":{"line":136,"column":1}},"56":{"start":{"line":125,"column":2},"end":{"line":135,"column":3}},"57":{"start":{"line":126,"column":4},"end":{"line":134,"column":6}},"58":{"start":{"line":128,"column":6},"end":{"line":128,"column":37}},"59":{"start":{"line":129,"column":6},"end":{"line":129,"column":32}},"60":{"start":{"line":131,"column":6},"end":{"line":131,"column":46}},"61":{"start":{"line":132,"column":6},"end":{"line":132,"column":32}},"62":{"start":{"line":133,"column":6},"end":{"line":133,"column":32}}},"fnMap":{"0":{"name":"(anonymous_0)","decl":{"start":{"line":7,"column":26},"end":{"line":7,"column":27}},"loc":{"start":{"line":7,"column":36},"end":{"line":12,"column":1}},"line":7},"1":{"name":"(anonymous_1)","decl":{"start":{"line":15,"column":21},"end":{"line":15,"column":22}},"loc":{"start":{"line":15,"column":31},"end":{"line":20,"column":1}},"line":15},"2":{"name":"(anonymous_2)","decl":{"start":{"line":22,"column":23},"end":{"line":22,"column":24}},"loc":{"start":{"line":22,"column":33},"end":{"line":27,"column":1}},"line":22},"3":{"name":"(anonymous_3)","decl":{"start":{"line":30,"column":25},"end":{"line":30,"column":26}},"loc":{"start":{"line":30,"column":36},"end":{"line":35,"column":1}},"line":30},"4":{"name":"(anonymous_4)","decl":{"start":{"line":38,"column":24},"end":{"line":38,"column":25}},"loc":{"start":{"line":38,"column":45},"end":{"line":54,"column":1}},"line":38},"5":{"name":"(anonymous_5)","decl":{"start":{"line":39,"column":9},"end":{"line":39,"column":10}},"loc":{"start":{"line":39,"column":21},"end":{"line":53,"column":5}},"line":39},"6":{"name":"(anonymous_6)","decl":{"start":{"line":41,"column":14},"end":{"line":41,"column":15}},"loc":{"start":{"line":41,"column":23},"end":{"line":45,"column":9}},"line":41},"7":{"name":"(anonymous_7)","decl":{"start":{"line":46,"column":15},"end":{"line":46,"column":16}},"loc":{"start":{"line":46,"column":26},"end":{"line":52,"column":9}},"line":46},"8":{"name":"(anonymous_8)","decl":{"start":{"line":48,"column":34},"end":{"line":48,"column":35}},"loc":{"start":{"line":49,"column":10},"end":{"line":49,"column":26}},"line":49},"9":{"name":"(anonymous_9)","decl":{"start":{"line":57,"column":29},"end":{"line":57,"column":30}},"loc":{"start":{"line":57,"column":50},"end":{"line":76,"column":1}},"line":57},"10":{"name":"(anonymous_10)","decl":{"start":{"line":58,"column":9},"end":{"line":58,"column":10}},"loc":{"start":{"line":58,"column":21},"end":{"line":75,"column":3}},"line":58},"11":{"name":"(anonymous_11)","decl":{"start":{"line":60,"column":14},"end":{"line":60,"column":15}},"loc":{"start":{"line":60,"column":23},"end":{"line":67,"column":9}},"line":60},"12":{"name":"(anonymous_12)","decl":{"start":{"line":68,"column":15},"end":{"line":68,"column":16}},"loc":{"start":{"line":68,"column":26},"end":{"line":74,"column":9}},"line":68},"13":{"name":"(anonymous_13)","decl":{"start":{"line":70,"column":34},"end":{"line":70,"column":35}},"loc":{"start":{"line":71,"column":10},"end":{"line":71,"column":26}},"line":71},"14":{"name":"(anonymous_14)","decl":{"start":{"line":79,"column":30},"end":{"line":79,"column":31}},"loc":{"start":{"line":79,"column":43},"end":{"line":86,"column":1}},"line":79},"15":{"name":"(anonymous_15)","decl":{"start":{"line":80,"column":9},"end":{"line":80,"column":10}},"loc":{"start":{"line":80,"column":21},"end":{"line":85,"column":3}},"line":80},"16":{"name":"(anonymous_16)","decl":{"start":{"line":89,"column":35},"end":{"line":89,"column":36}},"loc":{"start":{"line":89,"column":54},"end":{"line":104,"column":1}},"line":89},"17":{"name":"(anonymous_17)","decl":{"start":{"line":90,"column":10},"end":{"line":90,"column":11}},"loc":{"start":{"line":90,"column":22},"end":{"line":103,"column":3}},"line":90},"18":{"name":"(anonymous_18)","decl":{"start":{"line":92,"column":14},"end":{"line":92,"column":15}},"loc":{"start":{"line":92,"column":23},"end":{"line":95,"column":9}},"line":92},"19":{"name":"(anonymous_19)","decl":{"start":{"line":96,"column":15},"end":{"line":96,"column":16}},"loc":{"start":{"line":96,"column":26},"end":{"line":102,"column":9}},"line":96},"20":{"name":"(anonymous_20)","decl":{"start":{"line":98,"column":34},"end":{"line":98,"column":35}},"loc":{"start":{"line":99,"column":10},"end":{"line":99,"column":26}},"line":99},"21":{"name":"(anonymous_21)","decl":{"start":{"line":107,"column":33},"end":{"line":107,"column":34}},"loc":{"start":{"line":107,"column":60},"end":{"line":121,"column":1}},"line":107},"22":{"name":"(anonymous_22)","decl":{"start":{"line":108,"column":9},"end":{"line":108,"column":10}},"loc":{"start":{"line":108,"column":21},"end":{"line":120,"column":3}},"line":108},"23":{"name":"(anonymous_23)","decl":{"start":{"line":110,"column":12},"end":{"line":110,"column":13}},"loc":{"start":{"line":110,"column":21},"end":{"line":113,"column":7}},"line":110},"24":{"name":"(anonymous_24)","decl":{"start":{"line":113,"column":15},"end":{"line":113,"column":16}},"loc":{"start":{"line":113,"column":26},"end":{"line":119,"column":7}},"line":113},"25":{"name":"(anonymous_25)","decl":{"start":{"line":115,"column":32},"end":{"line":115,"column":33}},"loc":{"start":{"line":116,"column":8},"end":{"line":116,"column":24}},"line":116},"26":{"name":"(anonymous_26)","decl":{"start":{"line":124,"column":31},"end":{"line":124,"column":32}},"loc":{"start":{"line":124,"column":51},"end":{"line":136,"column":1}},"line":124},"27":{"name":"(anonymous_27)","decl":{"start":{"line":125,"column":9},"end":{"line":125,"column":10}},"loc":{"start":{"line":125,"column":21},"end":{"line":135,"column":3}},"line":125},"28":{"name":"(anonymous_28)","decl":{"start":{"line":127,"column":10},"end":{"line":127,"column":11}},"loc":{"start":{"line":127,"column":19},"end":{"line":130,"column":5}},"line":127},"29":{"name":"(anonymous_29)","decl":{"start":{"line":130,"column":13},"end":{"line":130,"column":14}},"loc":{"start":{"line":130,"column":24},"end":{"line":134,"column":5}},"line":130}},"branchMap":{"0":{"loc":{"start":{"line":48,"column":10},"end":{"line":50,"column":38}},"type":"cond-expr","locations":[{"start":{"line":48,"column":21},"end":{"line":49,"column":27}},{"start":{"line":49,"column":30},"end":{"line":50,"column":38}}],"line":48},"1":{"loc":{"start":{"line":70,"column":10},"end":{"line":72,"column":38}},"type":"cond-expr","locations":[{"start":{"line":70,"column":21},"end":{"line":71,"column":27}},{"start":{"line":71,"column":30},"end":{"line":72,"column":38}}],"line":70},"2":{"loc":{"start":{"line":98,"column":10},"end":{"line":100,"column":60}},"type":"cond-expr","locations":[{"start":{"line":98,"column":21},"end":{"line":99,"column":27}},{"start":{"line":99,"column":30},"end":{"line":100,"column":60}}],"line":98},"3":{"loc":{"start":{"line":99,"column":30},"end":{"line":100,"column":60}},"type":"binary-expr","locations":[{"start":{"line":99,"column":30},"end":{"line":100,"column":38}},{"start":{"line":100,"column":43},"end":{"line":100,"column":60}}],"line":99},"4":{"loc":{"start":{"line":115,"column":8},"end":{"line":117,"column":61}},"type":"cond-expr","locations":[{"start":{"line":115,"column":19},"end":{"line":116,"column":25}},{"start":{"line":116,"column":28},"end":{"line":117,"column":61}}],"line":115},"5":{"loc":{"start":{"line":116,"column":28},"end":{"line":117,"column":61}},"type":"binary-expr","locations":[{"start":{"line":116,"column":28},"end":{"line":117,"column":36}},{"start":{"line":117,"column":41},"end":{"line":117,"column":61}}],"line":116}},"s":{"0":2,"1":0,"2":2,"3":0,"4":2,"5":0,"6":2,"7":0,"8":2,"9":0,"10":0,"11":0,"12":0,"13":0,"14":0,"15":0,"16":0,"17":0,"18":2,"19":0,"20":0,"21":0,"22":0,"23":0,"24":0,"25":0,"26":0,"27":0,"28":0,"29":0,"30":0,"31":2,"32":0,"33":0,"34":0,"35":0,"36":0,"37":2,"38":0,"39":0,"40":0,"41":0,"42":0,"43":0,"44":0,"45":0,"46":2,"47":0,"48":0,"49":0,"50":0,"51":0,"52":0,"53":0,"54":0,"55":2,"56":0,"57":0,"58":0,"59":0,"60":0,"61":0,"62":0},"f":{"0":0,"1":0,"2":0,"3":0,"4":0,"5":0,"6":0,"7":0,"8":0,"9":0,"10":0,"11":0,"12":0,"13":0,"14":0,"15":0,"16":0,"17":0,"18":0,"19":0,"20":0,"21":0,"22":0,"23":0,"24":0,"25":0,"26":0,"27":0,"28":0,"29":0},"b":{"0":[0,0],"1":[0,0],"2":[0,0],"3":[0,0],"4":[0,0],"5":[0,0]},"_coverageSchema":"332fd63041d2c1bcb487cc26dd0d5f7d97098a6c","hash":"8b9c4acfafbf2f8a03a45f40ca0af06850408114"}
,"/Users/andeladeveloper/Documents/CODEBASE/eventmanager/client/src/store/reducers/authReducer.js": {"path":"/Users/andeladeveloper/Documents/CODEBASE/eventmanager/client/src/store/reducers/authReducer.js","statementMap":{"0":{"start":{"line":1,"column":0},"end":{"line":null,"column":-1}},"1":{"start":{"line":2,"column":0},"end":{"line":null,"column":-1}},"2":{"start":{"line":5,"column":21},"end":{"line":5,"column":0}},"3":{"start":{"line":10,"column":16},"end":{"line":10,"column":0}},"4":{"start":{"line":10,"column":50},"end":{"line":10,"column":49}},"5":{"start":{"line":10,"column":50},"end":{"line":null,"column":-1}},"6":{"start":{"line":11,"column":2},"end":{"line":null,"column":-1}},"7":{"start":{"line":13,"column":6},"end":{"line":null,"column":-1}},"8":{"start":{"line":17,"column":13},"end":{"line":null,"column":-1}}},"fnMap":{"0":{"name":"reducer","decl":{"start":{"line":10,"column":6},"end":{"line":10,"column":16}},"loc":{"start":{"line":10,"column":50},"end":{"line":10,"column":0}}}},"branchMap":{"0":{"loc":{"start":{"line":10,"column":50},"end":{"line":10,"column":24}},"type":"cond-expr","locations":[{"start":{"line":10,"column":50},"end":{"line":10,"column":24}},{"start":{"line":10,"column":25},"end":{"line":10,"column":50}}]},"1":{"loc":{"start":{"line":10,"column":50},"end":{"line":10,"column":24}},"type":"binary-expr","locations":[{"start":{"line":10,"column":50},"end":{"line":10,"column":24}},{"start":{"line":10,"column":50},"end":{"line":10,"column":24}}]},"2":{"loc":{"start":{"line":12,"column":4},"end":{"line":13,"column":6}},"type":"switch","locations":[{"start":{"line":12,"column":4},"end":{"line":13,"column":6}},{"start":{"line":17,"column":4},"end":{"line":17,"column":13}}]}},"s":{"0":0,"1":0,"2":0,"3":0,"4":0,"5":0,"6":0,"7":0,"8":0},"f":{"0":0},"b":{"0":[0,0],"1":[0,0],"2":[0,0]}}
,"/Users/andeladeveloper/Documents/CODEBASE/eventmanager/client/src/store/reducers/centerReducer.js": {"path":"/Users/andeladeveloper/Documents/CODEBASE/eventmanager/client/src/store/reducers/centerReducer.js","statementMap":{"0":{"start":{"line":1,"column":0},"end":{"line":null,"column":-1}},"1":{"start":{"line":3,"column":21},"end":{"line":3,"column":0}},"2":{"start":{"line":11,"column":16},"end":{"line":11,"column":0}},"3":{"start":{"line":11,"column":50},"end":{"line":11,"column":49}},"4":{"start":{"line":11,"column":50},"end":{"line":null,"column":-1}},"5":{"start":{"line":12,"column":2},"end":{"line":null,"column":-1}},"6":{"start":{"line":14,"column":6},"end":{"line":null,"column":-1}},"7":{"start":{"line":20,"column":6},"end":{"line":null,"column":-1}},"8":{"start":{"line":26,"column":6},"end":{"line":null,"column":-1}},"9":{"start":{"line":32,"column":6},"end":{"line":null,"column":-1}},"10":{"start":{"line":38,"column":6},"end":{"line":null,"column":-1}},"11":{"start":{"line":43,"column":6},"end":{"line":null,"column":-1}}},"fnMap":{"0":{"name":"reducer","decl":{"start":{"line":11,"column":6},"end":{"line":11,"column":16}},"loc":{"start":{"line":11,"column":50},"end":{"line":11,"column":0}}}},"branchMap":{"0":{"loc":{"start":{"line":11,"column":50},"end":{"line":11,"column":24}},"type":"cond-expr","locations":[{"start":{"line":11,"column":50},"end":{"line":11,"column":24}},{"start":{"line":11,"column":25},"end":{"line":11,"column":50}}]},"1":{"loc":{"start":{"line":11,"column":50},"end":{"line":11,"column":24}},"type":"binary-expr","locations":[{"start":{"line":11,"column":50},"end":{"line":11,"column":24}},{"start":{"line":11,"column":50},"end":{"line":11,"column":24}}]},"2":{"loc":{"start":{"line":13,"column":4},"end":{"line":14,"column":6}},"type":"switch","locations":[{"start":{"line":13,"column":4},"end":{"line":14,"column":6}},{"start":{"line":19,"column":4},"end":{"line":20,"column":6}},{"start":{"line":25,"column":4},"end":{"line":26,"column":6}},{"start":{"line":31,"column":4},"end":{"line":32,"column":6}},{"start":{"line":37,"column":4},"end":{"line":38,"column":6}},{"start":{"line":42,"column":4},"end":{"line":43,"column":6}}]}},"s":{"0":0,"1":0,"2":0,"3":0,"4":0,"5":0,"6":0,"7":0,"8":0,"9":0,"10":0,"11":0},"f":{"0":0},"b":{"0":[0,0],"1":[0,0],"2":[0,0,0,0,0,0]}}
,"/Users/andeladeveloper/Documents/CODEBASE/eventmanager/client/src/store/reducers/eventReducer.js": {"path":"/Users/andeladeveloper/Documents/CODEBASE/eventmanager/client/src/store/reducers/eventReducer.js","statementMap":{"0":{"start":{"line":1,"column":0},"end":{"line":null,"column":-1}},"1":{"start":{"line":3,"column":21},"end":{"line":3,"column":0}},"2":{"start":{"line":13,"column":16},"end":{"line":13,"column":0}},"3":{"start":{"line":13,"column":50},"end":{"line":13,"column":49}},"4":{"start":{"line":13,"column":50},"end":{"line":null,"column":-1}},"5":{"start":{"line":14,"column":2},"end":{"line":null,"column":-1}},"6":{"start":{"line":16,"column":6},"end":{"line":null,"column":-1}},"7":{"start":{"line":22,"column":6},"end":{"line":null,"column":-1}},"8":{"start":{"line":28,"column":6},"end":{"line":null,"column":-1}},"9":{"start":{"line":34,"column":6},"end":{"line":null,"column":-1}},"10":{"start":{"line":40,"column":6},"end":{"line":null,"column":-1}},"11":{"start":{"line":46,"column":6},"end":{"line":null,"column":-1}},"12":{"start":{"line":51,"column":6},"end":{"line":null,"column":-1}}},"fnMap":{"0":{"name":"reducer","decl":{"start":{"line":13,"column":6},"end":{"line":13,"column":16}},"loc":{"start":{"line":13,"column":50},"end":{"line":13,"column":0}}}},"branchMap":{"0":{"loc":{"start":{"line":13,"column":50},"end":{"line":13,"column":24}},"type":"cond-expr","locations":[{"start":{"line":13,"column":50},"end":{"line":13,"column":24}},{"start":{"line":13,"column":25},"end":{"line":13,"column":50}}]},"1":{"loc":{"start":{"line":13,"column":50},"end":{"line":13,"column":24}},"type":"binary-expr","locations":[{"start":{"line":13,"column":50},"end":{"line":13,"column":24}},{"start":{"line":13,"column":50},"end":{"line":13,"column":24}}]},"2":{"loc":{"start":{"line":15,"column":4},"end":{"line":16,"column":6}},"type":"switch","locations":[{"start":{"line":15,"column":4},"end":{"line":16,"column":6}},{"start":{"line":21,"column":4},"end":{"line":22,"column":6}},{"start":{"line":27,"column":4},"end":{"line":28,"column":6}},{"start":{"line":33,"column":4},"end":{"line":34,"column":6}},{"start":{"line":39,"column":4},"end":{"line":44,"column":5}},{"start":{"line":45,"column":4},"end":{"line":46,"column":6}},{"start":{"line":50,"column":4},"end":{"line":51,"column":6}}]}},"s":{"0":0,"1":0,"2":0,"3":0,"4":0,"5":0,"6":0,"7":0,"8":0,"9":0,"10":0,"11":0,"12":0},"f":{"0":0},"b":{"0":[0,0],"1":[0,0],"2":[0,0,0,0,0,0,0]}}
,"/Users/andeladeveloper/Documents/CODEBASE/eventmanager/client/src/store/reducers/userReducer.js": {"path":"/Users/andeladeveloper/Documents/CODEBASE/eventmanager/client/src/store/reducers/userReducer.js","statementMap":{"0":{"start":{"line":1,"column":0},"end":{"line":null,"column":-1}},"1":{"start":{"line":3,"column":21},"end":{"line":3,"column":0}},"2":{"start":{"line":8,"column":16},"end":{"line":8,"column":0}},"3":{"start":{"line":8,"column":50},"end":{"line":8,"column":49}},"4":{"start":{"line":8,"column":50},"end":{"line":null,"column":-1}},"5":{"start":{"line":9,"column":2},"end":{"line":null,"column":-1}},"6":{"start":{"line":11,"column":6},"end":{"line":null,"column":-1}},"7":{"start":{"line":17,"column":6},"end":{"line":null,"column":-1}},"8":{"start":{"line":23,"column":6},"end":{"line":null,"column":-1}},"9":{"start":{"line":28,"column":6},"end":{"line":null,"column":-1}}},"fnMap":{"0":{"name":"reducer","decl":{"start":{"line":8,"column":6},"end":{"line":8,"column":16}},"loc":{"start":{"line":8,"column":50},"end":{"line":8,"column":0}}}},"branchMap":{"0":{"loc":{"start":{"line":8,"column":50},"end":{"line":8,"column":24}},"type":"cond-expr","locations":[{"start":{"line":8,"column":50},"end":{"line":8,"column":24}},{"start":{"line":8,"column":25},"end":{"line":8,"column":50}}]},"1":{"loc":{"start":{"line":8,"column":50},"end":{"line":8,"column":24}},"type":"binary-expr","locations":[{"start":{"line":8,"column":50},"end":{"line":8,"column":24}},{"start":{"line":8,"column":50},"end":{"line":8,"column":24}}]},"2":{"loc":{"start":{"line":10,"column":4},"end":{"line":11,"column":6}},"type":"switch","locations":[{"start":{"line":10,"column":4},"end":{"line":11,"column":6}},{"start":{"line":16,"column":4},"end":{"line":17,"column":6}},{"start":{"line":22,"column":4},"end":{"line":23,"column":6}},{"start":{"line":27,"column":4},"end":{"line":28,"column":6}}]}},"s":{"0":0,"1":0,"2":0,"3":0,"4":0,"5":0,"6":0,"7":0,"8":0,"9":0},"f":{"0":0},"b":{"0":[0,0],"1":[0,0],"2":[0,0,0,0]}}
}
