TN:
SF:/Users/andeladeveloper/Documents/CODEBASE/eventmanager/client/src/App.js
FN:38,App
FNF:1
FNH:0
FNDA:0,App
DA:1,0
DA:2,0
DA:3,0
DA:4,0
DA:5,0
DA:6,0
DA:7,0
DA:8,0
DA:9,0
DA:10,0
DA:11,0
DA:13,0
DA:14,0
DA:15,0
DA:16,0
DA:17,0
DA:20,0
DA:22,0
DA:26,0
DA:27,0
DA:34,0
DA:35,0
DA:38,0
LF:23
LH:0
BRDA:26,0,0,0
BRDA:26,0,1,0
BRF:2
BRH:0
end_of_record
TN:
SF:/Users/andeladeveloper/Documents/CODEBASE/eventmanager/client/src/components/NotFound.js
FN:4,(anonymous_0)
FNF:1
FNH:0
FNDA:0,(anonymous_0)
DA:4,1
DA:5,0
LF:2
LH:1
BRF:0
BRH:0
end_of_record
TN:
SF:/Users/andeladeveloper/Documents/CODEBASE/eventmanager/client/src/components/Auth/adminHOC.js
FN:7,(anonymous_0)
FN:9,(anonymous_1)
FN:15,(anonymous_2)
FN:21,(anonymous_3)
FNF:4
FNH:0
FNDA:0,(anonymous_0)
FNDA:0,(anonymous_1)
FNDA:0,(anonymous_2)
FNDA:0,(anonymous_3)
DA:10,0
DA:11,0
DA:12,0
DA:16,0
DA:21,0
DA:25,0
LF:6
LH:0
BRDA:10,0,0,0
BRDA:10,0,1,0
BRF:2
BRH:0
end_of_record
TN:
SF:/Users/andeladeveloper/Documents/CODEBASE/eventmanager/client/src/components/Auth/afterLogin.js
FN:9,(anonymous_0)
FN:11,(anonymous_1)
FN:16,(anonymous_2)
FN:22,(anonymous_3)
FNF:4
FNH:0
FNDA:0,(anonymous_0)
FNDA:0,(anonymous_1)
FNDA:0,(anonymous_2)
FNDA:0,(anonymous_3)
DA:12,0
DA:13,0
DA:17,0
DA:22,0
DA:26,0
LF:5
LH:0
BRDA:12,0,0,0
BRDA:12,0,1,0
BRF:2
BRH:0
end_of_record
TN:
SF:/Users/andeladeveloper/Documents/CODEBASE/eventmanager/client/src/components/Auth/auth.js
FN:3,setAuthToken
FNF:1
FNH:0
FNDA:0,setAuthToken
DA:1,0
DA:4,0
DA:5,0
DA:7,0
LF:4
LH:0
BRDA:4,0,0,0
BRDA:4,0,1,0
BRF:2
BRH:0
end_of_record
TN:
SF:/Users/andeladeveloper/Documents/CODEBASE/eventmanager/client/src/components/Auth/authHOC.js
FN:9,(anonymous_0)
FN:11,(anonymous_1)
FN:17,(anonymous_2)
FN:23,(anonymous_3)
FNF:4
FNH:0
FNDA:0,(anonymous_0)
FNDA:0,(anonymous_1)
FNDA:0,(anonymous_2)
FNDA:0,(anonymous_3)
DA:12,0
DA:13,0
DA:14,0
DA:18,0
DA:23,0
DA:27,0
LF:6
LH:0
BRDA:12,0,0,0
BRDA:12,0,1,0
BRF:2
BRH:0
end_of_record
TN:
SF:/Users/andeladeveloper/Documents/CODEBASE/eventmanager/client/src/components/Center/AddCenter.js
FN:26,(anonymous_0)
FN:31,(anonymous_1)
FN:35,(anonymous_2)
FN:56,(anonymous_3)
FN:61,(anonymous_4)
FN:73,(anonymous_5)
FN:79,(anonymous_6)
FN:83,(anonymous_7)
FN:92,(anonymous_8)
FN:98,(anonymous_9)
FN:141,(anonymous_10)
FN:142,(anonymous_11)
FNF:12
FNH:0
FNDA:0,(anonymous_0)
FNDA:0,(anonymous_1)
FNDA:0,(anonymous_2)
FNDA:0,(anonymous_3)
FNDA:0,(anonymous_4)
FNDA:0,(anonymous_5)
FNDA:0,(anonymous_6)
FNDA:0,(anonymous_7)
FNDA:0,(anonymous_8)
FNDA:0,(anonymous_9)
FNDA:0,(anonymous_10)
FNDA:0,(anonymous_11)
DA:27,0
DA:28,0
DA:32,0
DA:36,0
DA:37,0
DA:38,0
DA:39,0
DA:40,0
DA:41,0
DA:42,0
DA:43,0
DA:44,0
DA:45,0
DA:46,0
DA:47,0
DA:48,0
DA:50,0
DA:51,0
DA:52,0
DA:53,0
DA:54,0
DA:55,0
DA:57,0
DA:58,0
DA:62,0
DA:68,0
DA:74,0
DA:80,0
DA:81,0
DA:82,0
DA:83,0
DA:84,0
DA:89,0
DA:93,0
DA:94,0
DA:95,0
DA:99,0
DA:100,0
DA:101,0
DA:102,0
DA:105,0
DA:136,1
DA:141,1
DA:142,0
LF:44
LH:2
BRDA:37,0,0,0
BRDA:37,0,1,0
BRDA:39,1,0,0
BRDA:39,1,1,0
BRDA:41,2,0,0
BRDA:41,2,1,0
BRDA:43,3,0,0
BRDA:43,3,1,0
BRDA:45,4,0,0
BRDA:45,4,1,0
BRDA:47,5,0,0
BRDA:47,5,1,0
BRDA:101,6,0,0
BRDA:101,6,1,0
BRF:14
BRH:0
end_of_record
TN:
SF:/Users/andeladeveloper/Documents/CODEBASE/eventmanager/client/src/components/Center/CenterInfo.js
FN:10,(anonymous_0)
FN:14,(anonymous_1)
FN:23,(anonymous_2)
FN:98,(anonymous_3)
FN:108,(anonymous_4)
FN:140,(anonymous_5)
FN:146,(anonymous_6)
FN:147,(anonymous_7)
FN:148,(anonymous_8)
FNF:9
FNH:0
FNDA:0,(anonymous_0)
FNDA:0,(anonymous_1)
FNDA:0,(anonymous_2)
FNDA:0,(anonymous_3)
FNDA:0,(anonymous_4)
FNDA:0,(anonymous_5)
FNDA:0,(anonymous_6)
FNDA:0,(anonymous_7)
FNDA:0,(anonymous_8)
DA:11,0
DA:15,0
DA:16,0
DA:24,0
DA:26,0
DA:50,0
DA:52,0
DA:68,0
DA:99,0
DA:109,0
DA:131,0
DA:140,1
DA:146,1
DA:147,0
DA:148,0
LF:15
LH:2
BRDA:24,0,0,0
BRDA:24,0,1,0
BRDA:98,1,0,0
BRDA:98,1,1,0
BRDA:98,1,2,0
BRDA:108,2,0,0
BRDA:108,2,1,0
BRDA:108,2,2,0
BRDA:123,3,0,0
BRDA:123,3,1,0
BRDA:133,4,0,0
BRDA:133,4,1,0
BRDA:133,5,0,0
BRDA:133,5,1,0
BRF:14
BRH:0
end_of_record
TN:
SF:/Users/andeladeveloper/Documents/CODEBASE/eventmanager/client/src/components/Center/EditCenter.js
FN:27,(anonymous_0)
FN:33,(anonymous_1)
FN:37,(anonymous_2)
FN:63,(anonymous_3)
FN:68,(anonymous_4)
FN:81,(anonymous_5)
FN:88,(anonymous_6)
FN:92,(anonymous_7)
FN:101,(anonymous_8)
FN:108,(anonymous_9)
FN:176,(anonymous_10)
FN:180,(anonymous_11)
FN:181,(anonymous_12)
FNF:13
FNH:0
FNDA:0,(anonymous_0)
FNDA:0,(anonymous_1)
FNDA:0,(anonymous_2)
FNDA:0,(anonymous_3)
FNDA:0,(anonymous_4)
FNDA:0,(anonymous_5)
FNDA:0,(anonymous_6)
FNDA:0,(anonymous_7)
FNDA:0,(anonymous_8)
FNDA:0,(anonymous_9)
FNDA:0,(anonymous_10)
FNDA:0,(anonymous_11)
FNDA:0,(anonymous_12)
DA:28,0
DA:29,0
DA:34,0
DA:38,0
DA:39,0
DA:41,0
DA:42,0
DA:43,0
DA:44,0
DA:45,0
DA:46,0
DA:47,0
DA:48,0
DA:49,0
DA:51,0
DA:52,0
DA:53,0
DA:54,0
DA:55,0
DA:56,0
DA:57,0
DA:62,0
DA:64,0
DA:65,0
DA:69,0
DA:75,0
DA:82,0
DA:89,0
DA:90,0
DA:91,0
DA:92,0
DA:93,0
DA:98,0
DA:102,0
DA:103,0
DA:104,0
DA:109,0
DA:110,0
DA:111,0
DA:112,0
DA:115,0
DA:144,1
DA:164,1
DA:176,1
DA:180,1
DA:181,0
LF:46
LH:4
BRDA:16,0,0,0
BRDA:16,0,1,0
BRDA:38,1,0,0
BRDA:38,1,1,0
BRDA:38,2,0,0
BRDA:38,2,1,0
BRDA:42,3,0,0
BRDA:42,3,1,0
BRDA:44,4,0,0
BRDA:44,4,1,0
BRDA:46,5,0,0
BRDA:46,5,1,0
BRDA:48,6,0,0
BRDA:48,6,1,0
BRDA:56,7,0,0
BRDA:56,7,1,0
BRDA:111,8,0,0
BRDA:111,8,1,0
BRF:18
BRH:0
end_of_record
TN:
SF:/Users/andeladeveloper/Documents/CODEBASE/eventmanager/client/src/components/Center/PickCenter.js
FN:8,(anonymous_0)
FN:12,(anonymous_1)
FN:13,(anonymous_2)
FN:24,(anonymous_3)
FN:49,(anonymous_4)
FN:53,(anonymous_5)
FN:54,(anonymous_6)
FNF:7
FNH:0
FNDA:0,(anonymous_0)
FNDA:0,(anonymous_1)
FNDA:0,(anonymous_2)
FNDA:0,(anonymous_3)
FNDA:0,(anonymous_4)
FNDA:0,(anonymous_5)
FNDA:0,(anonymous_6)
DA:9,0
DA:13,0
DA:15,0
DA:24,0
DA:27,0
DA:38,1
DA:49,1
DA:53,1
DA:54,0
LF:9
LH:3
BRF:0
BRH:0
end_of_record
TN:
SF:/Users/andeladeveloper/Documents/CODEBASE/eventmanager/client/src/components/Center/ViewCenters.js
FN:11,(anonymous_0)
FN:15,(anonymous_1)
FN:26,(anonymous_2)
FN:53,(anonymous_3)
FN:58,(anonymous_4)
FN:59,(anonymous_5)
FNF:6
FNH:0
FNDA:0,(anonymous_0)
FNDA:0,(anonymous_1)
FNDA:0,(anonymous_2)
FNDA:0,(anonymous_3)
FNDA:0,(anonymous_4)
FNDA:0,(anonymous_5)
DA:12,0
DA:17,0
DA:24,0
DA:27,0
DA:35,0
DA:47,2
DA:53,2
DA:58,2
DA:59,0
LF:9
LH:3
BRDA:24,0,0,0
BRDA:24,0,1,0
BRDA:24,1,0,0
BRDA:24,1,1,0
BRF:4
BRH:0
end_of_record
TN:
SF:/Users/andeladeveloper/Documents/CODEBASE/eventmanager/client/src/components/Center/getCenter.js
FN:4,(anonymous_0)
FNF:1
FNH:0
FNDA:0,(anonymous_0)
DA:4,2
DA:5,0
DA:23,2
LF:3
LH:2
BRF:0
BRH:0
end_of_record
TN:
SF:/Users/andeladeveloper/Documents/CODEBASE/eventmanager/client/src/components/Center/pickCenterProp.js
FN:5,(anonymous_0)
FN:9,(anonymous_1)
FN:25,(anonymous_2)
FNF:3
FNH:0
FNDA:0,(anonymous_0)
FNDA:0,(anonymous_1)
FNDA:0,(anonymous_2)
DA:6,0
DA:10,0
DA:25,0
DA:43,1
LF:4
LH:1
BRF:0
BRH:0
end_of_record
TN:
SF:/Users/andeladeveloper/Documents/CODEBASE/eventmanager/client/src/components/Center/Form/CenterForm.js
FN:5,(anonymous_0)
FN:103,(anonymous_1)
FN:106,(anonymous_2)
FNF:3
FNH:0
FNDA:0,(anonymous_0)
FNDA:0,(anonymous_1)
FNDA:0,(anonymous_2)
DA:5,1
DA:6,0
DA:104,0
DA:106,0
DA:129,1
LF:5
LH:2
BRF:0
BRH:0
end_of_record
TN:
SF:/Users/andeladeveloper/Documents/CODEBASE/eventmanager/client/src/components/Event/Addevent.js
FN:17,(anonymous_0)
FN:21,(anonymous_1)
FN:41,(anonymous_2)
FN:45,(anonymous_3)
FN:59,(anonymous_4)
FN:73,(anonymous_5)
FN:74,(anonymous_6)
FNF:7
FNH:0
FNDA:0,(anonymous_0)
FNDA:0,(anonymous_1)
FNDA:0,(anonymous_2)
FNDA:0,(anonymous_3)
FNDA:0,(anonymous_4)
FNDA:0,(anonymous_5)
FNDA:0,(anonymous_6)
DA:18,0
DA:22,0
DA:23,0
DA:24,0
DA:25,0
DA:26,0
DA:27,0
DA:28,0
DA:29,0
DA:30,0
DA:31,0
DA:32,0
DA:34,0
DA:42,0
DA:46,0
DA:59,0
DA:67,1
DA:73,1
DA:74,0
LF:19
LH:2
BRDA:23,0,0,0
BRDA:23,0,1,0
BRDA:25,1,0,0
BRDA:25,1,1,0
BRDA:27,2,0,0
BRDA:27,2,1,0
BRDA:29,3,0,0
BRDA:29,3,1,0
BRDA:31,4,0,0
BRDA:31,4,1,0
BRF:10
BRH:0
end_of_record
TN:
SF:/Users/andeladeveloper/Documents/CODEBASE/eventmanager/client/src/components/Event/EditEvent.js
FN:17,(anonymous_0)
FN:21,(anonymous_1)
FN:25,(anonymous_2)
FN:45,(anonymous_3)
FN:49,(anonymous_4)
FN:63,(anonymous_5)
FN:91,(anonymous_6)
FN:96,(anonymous_7)
FN:97,(anonymous_8)
FN:98,(anonymous_9)
FNF:10
FNH:0
FNDA:0,(anonymous_0)
FNDA:0,(anonymous_1)
FNDA:0,(anonymous_2)
FNDA:0,(anonymous_3)
FNDA:0,(anonymous_4)
FNDA:0,(anonymous_5)
FNDA:0,(anonymous_6)
FNDA:0,(anonymous_7)
FNDA:0,(anonymous_8)
FNDA:0,(anonymous_9)
DA:18,0
DA:22,0
DA:26,0
DA:27,0
DA:28,0
DA:29,0
DA:30,0
DA:31,0
DA:32,0
DA:33,0
DA:34,0
DA:35,0
DA:36,0
DA:38,0
DA:46,0
DA:50,0
DA:63,0
DA:71,1
DA:91,1
DA:96,1
DA:97,0
DA:98,0
LF:22
LH:3
BRDA:27,0,0,0
BRDA:27,0,1,0
BRDA:29,1,0,0
BRDA:29,1,1,0
BRDA:31,2,0,0
BRDA:31,2,1,0
BRDA:33,3,0,0
BRDA:33,3,1,0
BRDA:35,4,0,0
BRDA:35,4,1,0
BRF:10
BRH:0
end_of_record
TN:
SF:/Users/andeladeveloper/Documents/CODEBASE/eventmanager/client/src/components/Event/EventInfo.js
FN:9,(anonymous_0)
FN:13,(anonymous_1)
FN:18,(anonymous_2)
FN:165,(anonymous_3)
FN:171,(anonymous_4)
FN:172,(anonymous_5)
FN:173,(anonymous_6)
FNF:7
FNH:0
FNDA:0,(anonymous_0)
FNDA:0,(anonymous_1)
FNDA:0,(anonymous_2)
FNDA:0,(anonymous_3)
FNDA:0,(anonymous_4)
FNDA:0,(anonymous_5)
FNDA:0,(anonymous_6)
DA:10,0
DA:14,0
DA:15,0
DA:20,0
DA:38,0
DA:41,0
DA:75,0
DA:76,0
DA:77,0
DA:80,0
DA:115,0
DA:123,1
DA:165,1
DA:171,1
DA:172,0
DA:173,0
LF:16
LH:3
BRDA:76,0,0,0
BRDA:76,0,1,0
BRDA:77,1,0,0
BRDA:77,1,1,0
BRDA:77,1,2,0
BRDA:107,2,0,0
BRDA:107,2,1,0
BRDA:107,3,0,0
BRDA:107,3,1,0
BRDA:117,4,0,0
BRDA:117,4,1,0
BRDA:117,5,0,0
BRDA:117,5,1,0
BRF:13
BRH:0
end_of_record
TN:
SF:/Users/andeladeveloper/Documents/CODEBASE/eventmanager/client/src/components/Event/ViewEvents.js
FN:11,(anonymous_0)
FN:14,(anonymous_1)
FN:22,(anonymous_2)
FN:51,(anonymous_3)
FN:56,(anonymous_4)
FN:57,(anonymous_5)
FNF:6
FNH:0
FNDA:0,(anonymous_0)
FNDA:0,(anonymous_1)
FNDA:0,(anonymous_2)
FNDA:0,(anonymous_3)
FNDA:0,(anonymous_4)
FNDA:0,(anonymous_5)
DA:12,0
DA:16,0
DA:22,0
DA:23,0
DA:32,0
DA:44,1
DA:51,1
DA:56,1
DA:57,0
LF:9
LH:3
BRDA:22,0,0,0
BRDA:22,0,1,0
BRDA:22,1,0,0
BRDA:22,1,1,0
BRF:4
BRH:0
end_of_record
TN:
SF:/Users/andeladeveloper/Documents/CODEBASE/eventmanager/client/src/components/Event/getEvent.js
FN:5,(anonymous_0)
FNF:1
FNH:0
FNDA:0,(anonymous_0)
DA:5,1
DA:6,0
DA:22,1
LF:3
LH:2
BRF:0
BRH:0
end_of_record
TN:
SF:/Users/andeladeveloper/Documents/CODEBASE/eventmanager/client/src/components/Event/Form/EventForm.js
FN:5,(anonymous_0)
FN:76,(anonymous_1)
FNF:2
FNH:0
FNDA:0,(anonymous_0)
FNDA:0,(anonymous_1)
DA:5,1
DA:6,0
DA:76,0
DA:88,1
LF:4
LH:2
BRF:0
BRH:0
end_of_record
TN:
SF:/Users/andeladeveloper/Documents/CODEBASE/eventmanager/client/src/components/Route/Route.js
FN:23,(anonymous_0)
FNF:1
FNH:0
FNDA:0,(anonymous_0)
DA:23,1
DA:24,0
LF:2
LH:1
BRF:0
BRH:0
end_of_record
TN:
SF:/Users/andeladeveloper/Documents/CODEBASE/eventmanager/client/src/components/UI/Footer.js
FN:3,(anonymous_0)
FNF:1
FNH:0
FNDA:0,(anonymous_0)
DA:3,2
DA:4,0
LF:2
LH:1
BRF:0
BRH:0
end_of_record
TN:
SF:/Users/andeladeveloper/Documents/CODEBASE/eventmanager/client/src/components/UI/Home.js
FN:4,(anonymous_0)
FNF:1
FNH:1
FNDA:3,(anonymous_0)
DA:4,2
DA:5,3
LF:2
LH:2
BRF:0
BRH:0
end_of_record
TN:
SF:/Users/andeladeveloper/Documents/CODEBASE/eventmanager/client/src/components/UI/NavBar.js
FN:14,(anonymous_0)
FN:19,(anonymous_1)
FN:152,(anonymous_2)
FN:156,(anonymous_3)
FN:157,(anonymous_4)
FNF:5
FNH:0
FNDA:0,(anonymous_0)
FNDA:0,(anonymous_1)
FNDA:0,(anonymous_2)
FNDA:0,(anonymous_3)
FNDA:0,(anonymous_4)
DA:9,1
DA:15,0
DA:16,0
DA:20,0
DA:21,0
DA:24,0
DA:37,0
DA:57,0
DA:77,0
DA:139,1
DA:152,1
DA:156,1
DA:157,0
LF:13
LH:4
BRDA:21,0,0,0
BRDA:21,0,1,0
BRDA:127,1,0,0
BRDA:127,1,1,0
BRDA:130,2,0,0
BRDA:130,2,1,0
BRF:6
BRH:0
end_of_record
TN:
SF:/Users/andeladeveloper/Documents/CODEBASE/eventmanager/client/src/components/User/EmailVerify.js
FN:7,(anonymous_0)
FN:11,(anonymous_1)
FN:36,(anonymous_2)
FN:37,(anonymous_3)
FNF:4
FNH:0
FNDA:0,(anonymous_0)
FNDA:0,(anonymous_1)
FNDA:0,(anonymous_2)
FNDA:0,(anonymous_3)
DA:8,0
DA:13,0
DA:16,0
DA:26,1
DA:36,1
DA:37,0
LF:6
LH:2
BRF:0
BRH:0
end_of_record
TN:
SF:/Users/andeladeveloper/Documents/CODEBASE/eventmanager/client/src/components/User/ForgotPassword.js
FN:13,(anonymous_0)
FN:17,(anonymous_1)
FN:26,(anonymous_2)
FN:63,(anonymous_3)
FN:64,(anonymous_4)
FNF:5
FNH:0
FNDA:0,(anonymous_0)
FNDA:0,(anonymous_1)
FNDA:0,(anonymous_2)
FNDA:0,(anonymous_3)
FNDA:0,(anonymous_4)
DA:14,0
DA:18,0
DA:19,0
DA:20,0
DA:22,0
DA:27,0
DA:58,1
DA:63,1
DA:64,0
LF:9
LH:2
BRDA:19,0,0,0
BRDA:19,0,1,0
BRF:2
BRH:0
end_of_record
TN:
SF:/Users/andeladeveloper/Documents/CODEBASE/eventmanager/client/src/components/User/Login.js
FN:15,(anonymous_0)
FN:19,(anonymous_1)
FN:33,(anonymous_2)
FN:82,(anonymous_3)
FN:87,(anonymous_4)
FN:88,(anonymous_5)
FNF:6
FNH:0
FNDA:0,(anonymous_0)
FNDA:0,(anonymous_1)
FNDA:0,(anonymous_2)
FNDA:0,(anonymous_3)
FNDA:0,(anonymous_4)
FNDA:0,(anonymous_5)
DA:16,0
DA:20,0
DA:21,0
DA:22,0
DA:23,0
DA:24,0
DA:26,0
DA:34,0
DA:76,1
DA:82,1
DA:87,1
DA:88,0
LF:12
LH:3
BRDA:21,0,0,0
BRDA:21,0,1,0
BRDA:23,1,0,0
BRDA:23,1,1,0
BRF:4
BRH:0
end_of_record
TN:
SF:/Users/andeladeveloper/Documents/CODEBASE/eventmanager/client/src/components/User/PasswordReset.js
FN:14,(anonymous_0)
FN:18,(anonymous_1)
FN:34,(anonymous_2)
FN:85,(anonymous_3)
FN:86,(anonymous_4)
FNF:5
FNH:0
FNDA:0,(anonymous_0)
FNDA:0,(anonymous_1)
FNDA:0,(anonymous_2)
FNDA:0,(anonymous_3)
FNDA:0,(anonymous_4)
DA:15,0
DA:19,0
DA:20,0
DA:21,0
DA:22,0
DA:23,0
DA:24,0
DA:25,0
DA:27,0
DA:35,0
DA:75,1
DA:85,1
DA:86,0
LF:13
LH:2
BRDA:20,0,0,0
BRDA:20,0,1,0
BRDA:22,1,0,0
BRDA:22,1,1,0
BRDA:24,2,0,0
BRDA:24,2,1,0
BRF:6
BRH:0
end_of_record
TN:
SF:/Users/andeladeveloper/Documents/CODEBASE/eventmanager/client/src/components/User/Signup.js
FN:17,(anonymous_0)
FN:21,(anonymous_1)
FN:42,(anonymous_2)
FN:112,(anonymous_3)
FN:117,(anonymous_4)
FN:118,(anonymous_5)
FNF:6
FNH:0
FNDA:0,(anonymous_0)
FNDA:0,(anonymous_1)
FNDA:0,(anonymous_2)
FNDA:0,(anonymous_3)
FNDA:0,(anonymous_4)
FNDA:0,(anonymous_5)
DA:18,0
DA:22,0
DA:23,0
DA:24,0
DA:25,0
DA:26,0
DA:27,0
DA:28,0
DA:29,0
DA:30,0
DA:31,0
DA:32,0
DA:34,0
DA:43,0
DA:107,1
DA:112,1
DA:117,1
DA:118,0
LF:18
LH:3
BRDA:23,0,0,0
BRDA:23,0,1,0
BRDA:25,1,0,0
BRDA:25,1,1,0
BRDA:27,2,0,0
BRDA:27,2,1,0
BRDA:29,3,0,0
BRDA:29,3,1,0
BRDA:31,4,0,0
BRDA:31,4,1,0
BRF:10
BRH:0
end_of_record
TN:
SF:/Users/andeladeveloper/Documents/CODEBASE/eventmanager/client/src/components/User/TextField.js
FN:4,(anonymous_0)
FNF:1
FNH:0
FNDA:0,(anonymous_0)
DA:4,1
DA:7,0
DA:22,1
LF:3
LH:2
BRF:0
BRH:0
end_of_record
TN:
SF:/Users/andeladeveloper/Documents/CODEBASE/eventmanager/client/src/store/actions/actionsTypes.js
FNF:0
FNH:0
DA:1,2
DA:2,2
DA:3,2
DA:4,2
DA:7,2
DA:8,2
DA:9,2
DA:10,2
DA:11,2
DA:12,2
DA:13,2
DA:15,2
DA:16,2
DA:17,2
DA:18,2
DA:19,2
DA:20,2
DA:23,2
LF:18
LH:18
BRF:0
BRH:0
end_of_record
TN:
SF:/Users/andeladeveloper/Documents/CODEBASE/eventmanager/client/src/store/actions/centerAction.js
FN:6,(anonymous_0)
FN:13,(anonymous_1)
FN:20,(anonymous_2)
FN:27,(anonymous_3)
FN:34,(anonymous_4)
FN:43,(anonymous_5)
FN:44,(anonymous_6)
FN:46,(anonymous_7)
FN:49,(anonymous_8)
FN:56,(anonymous_9)
FN:57,(anonymous_10)
FN:59,(anonymous_11)
FN:62,(anonymous_12)
FN:71,(anonymous_13)
FN:72,(anonymous_14)
FN:74,(anonymous_15)
FN:79,(anonymous_16)
FN:81,(anonymous_17)
FN:88,(anonymous_18)
FN:89,(anonymous_19)
FN:91,(anonymous_20)
FN:96,(anonymous_21)
FN:98,(anonymous_22)
FN:108,(anonymous_23)
FN:109,(anonymous_24)
FN:111,(anonymous_25)
FN:115,(anonymous_26)
FNF:27
FNH:0
FNDA:0,(anonymous_0)
FNDA:0,(anonymous_1)
FNDA:0,(anonymous_2)
FNDA:0,(anonymous_3)
FNDA:0,(anonymous_4)
FNDA:0,(anonymous_5)
FNDA:0,(anonymous_6)
FNDA:0,(anonymous_7)
FNDA:0,(anonymous_8)
FNDA:0,(anonymous_9)
FNDA:0,(anonymous_10)
FNDA:0,(anonymous_11)
FNDA:0,(anonymous_12)
FNDA:0,(anonymous_13)
FNDA:0,(anonymous_14)
FNDA:0,(anonymous_15)
FNDA:0,(anonymous_16)
FNDA:0,(anonymous_17)
FNDA:0,(anonymous_18)
FNDA:0,(anonymous_19)
FNDA:0,(anonymous_20)
FNDA:0,(anonymous_21)
FNDA:0,(anonymous_22)
FNDA:0,(anonymous_23)
FNDA:0,(anonymous_24)
FNDA:0,(anonymous_25)
FNDA:0,(anonymous_26)
DA:6,2
DA:7,0
DA:13,2
DA:14,0
DA:20,2
DA:21,0
DA:27,2
DA:28,0
DA:34,2
DA:35,0
DA:43,2
DA:44,0
DA:45,0
DA:47,0
DA:50,0
DA:56,2
DA:57,0
DA:58,0
DA:60,0
DA:63,0
DA:71,2
DA:72,0
DA:73,0
DA:75,0
DA:76,0
DA:77,0
DA:80,0
DA:81,0
DA:82,0
DA:88,2
DA:89,0
DA:90,0
DA:92,0
DA:93,0
DA:94,0
DA:97,0
DA:98,0
DA:99,0
DA:108,2
DA:109,0
DA:110,0
DA:112,0
DA:113,0
DA:116,0
DA:117,0
LF:45
LH:10
BRDA:81,0,0,0
BRDA:81,0,1,0
BRDA:98,1,0,0
BRDA:98,1,1,0
BRF:4
BRH:0
end_of_record
TN:
SF:/Users/andeladeveloper/Documents/CODEBASE/eventmanager/client/src/store/actions/eventAction.js
FN:6,(anonymous_0)
FN:13,(anonymous_1)
FN:21,(anonymous_2)
FN:28,(anonymous_3)
FN:35,(anonymous_4)
FN:43,(anonymous_5)
FN:50,(anonymous_6)
FN:51,(anonymous_7)
FN:53,(anonymous_8)
FN:56,(anonymous_9)
FN:63,(anonymous_10)
FN:64,(anonymous_11)
FN:66,(anonymous_12)
FN:69,(anonymous_13)
FN:77,(anonymous_14)
FN:78,(anonymous_15)
FN:80,(anonymous_16)
FN:85,(anonymous_17)
FN:87,(anonymous_18)
FN:97,(anonymous_19)
FN:98,(anonymous_20)
FN:100,(anonymous_21)
FN:105,(anonymous_22)
FN:107,(anonymous_23)
FN:115,(anonymous_24)
FN:116,(anonymous_25)
FN:118,(anonymous_26)
FN:123,(anonymous_27)
FNF:28
FNH:0
FNDA:0,(anonymous_0)
FNDA:0,(anonymous_1)
FNDA:0,(anonymous_2)
FNDA:0,(anonymous_3)
FNDA:0,(anonymous_4)
FNDA:0,(anonymous_5)
FNDA:0,(anonymous_6)
FNDA:0,(anonymous_7)
FNDA:0,(anonymous_8)
FNDA:0,(anonymous_9)
FNDA:0,(anonymous_10)
FNDA:0,(anonymous_11)
FNDA:0,(anonymous_12)
FNDA:0,(anonymous_13)
FNDA:0,(anonymous_14)
FNDA:0,(anonymous_15)
FNDA:0,(anonymous_16)
FNDA:0,(anonymous_17)
FNDA:0,(anonymous_18)
FNDA:0,(anonymous_19)
FNDA:0,(anonymous_20)
FNDA:0,(anonymous_21)
FNDA:0,(anonymous_22)
FNDA:0,(anonymous_23)
FNDA:0,(anonymous_24)
FNDA:0,(anonymous_25)
FNDA:0,(anonymous_26)
FNDA:0,(anonymous_27)
DA:6,2
DA:7,0
DA:13,2
DA:14,0
DA:15,0
DA:21,2
DA:22,0
DA:28,2
DA:29,0
DA:35,2
DA:36,0
DA:43,2
DA:44,0
DA:50,2
DA:51,0
DA:52,0
DA:54,0
DA:57,0
DA:63,2
DA:64,0
DA:65,0
DA:67,0
DA:70,0
DA:77,2
DA:78,0
DA:79,0
DA:81,0
DA:82,0
DA:83,0
DA:86,0
DA:87,0
DA:88,0
DA:97,2
DA:98,0
DA:99,0
DA:101,0
DA:102,0
DA:103,0
DA:106,0
DA:107,0
DA:108,0
DA:115,2
DA:116,0
DA:117,0
DA:119,0
DA:120,0
DA:121,0
DA:124,0
DA:125,0
LF:49
LH:11
BRDA:87,0,0,0
BRDA:87,0,1,0
BRDA:107,1,0,0
BRDA:107,1,1,0
BRF:4
BRH:0
end_of_record
TN:
SF:/Users/andeladeveloper/Documents/CODEBASE/eventmanager/client/src/store/actions/userAction.js
FN:7,(anonymous_0)
FN:15,(anonymous_1)
FN:22,(anonymous_2)
FN:30,(anonymous_3)
FN:38,(anonymous_4)
FN:39,(anonymous_5)
FN:41,(anonymous_6)
FN:46,(anonymous_7)
FN:48,(anonymous_8)
FN:57,(anonymous_9)
FN:58,(anonymous_10)
FN:60,(anonymous_11)
FN:68,(anonymous_12)
FN:70,(anonymous_13)
FN:79,(anonymous_14)
FN:80,(anonymous_15)
FN:89,(anonymous_16)
FN:90,(anonymous_17)
FN:92,(anonymous_18)
FN:96,(anonymous_19)
FN:98,(anonymous_20)
FN:107,(anonymous_21)
FN:108,(anonymous_22)
FN:110,(anonymous_23)
FN:113,(anonymous_24)
FN:115,(anonymous_25)
FN:124,(anonymous_26)
FN:125,(anonymous_27)
FN:127,(anonymous_28)
FN:130,(anonymous_29)
FNF:30
FNH:0
FNDA:0,(anonymous_0)
FNDA:0,(anonymous_1)
FNDA:0,(anonymous_2)
FNDA:0,(anonymous_3)
FNDA:0,(anonymous_4)
FNDA:0,(anonymous_5)
FNDA:0,(anonymous_6)
FNDA:0,(anonymous_7)
FNDA:0,(anonymous_8)
FNDA:0,(anonymous_9)
FNDA:0,(anonymous_10)
FNDA:0,(anonymous_11)
FNDA:0,(anonymous_12)
FNDA:0,(anonymous_13)
FNDA:0,(anonymous_14)
FNDA:0,(anonymous_15)
FNDA:0,(anonymous_16)
FNDA:0,(anonymous_17)
FNDA:0,(anonymous_18)
FNDA:0,(anonymous_19)
FNDA:0,(anonymous_20)
FNDA:0,(anonymous_21)
FNDA:0,(anonymous_22)
FNDA:0,(anonymous_23)
FNDA:0,(anonymous_24)
FNDA:0,(anonymous_25)
FNDA:0,(anonymous_26)
FNDA:0,(anonymous_27)
FNDA:0,(anonymous_28)
FNDA:0,(anonymous_29)
DA:7,2
DA:8,0
DA:15,2
DA:16,0
DA:22,2
DA:23,0
DA:30,2
DA:31,0
DA:38,2
DA:39,0
DA:40,0
DA:42,0
DA:43,0
DA:44,0
DA:47,0
DA:48,0
DA:49,0
DA:51,0
DA:57,2
DA:58,0
DA:59,0
DA:61,0
DA:62,0
DA:63,0
DA:64,0
DA:65,0
DA:66,0
DA:69,0
DA:70,0
DA:71,0
DA:73,0
DA:79,2
DA:80,0
DA:81,0
DA:82,0
DA:83,0
DA:84,0
DA:89,2
DA:90,0
DA:91,0
DA:93,0
DA:94,0
DA:97,0
DA:98,0
DA:99,0
DA:101,0
DA:107,2
DA:108,0
DA:109,0
DA:111,0
DA:112,0
DA:114,0
DA:115,0
DA:116,0
DA:118,0
DA:124,2
DA:125,0
DA:126,0
DA:128,0
DA:129,0
DA:131,0
DA:132,0
DA:133,0
LF:63
LH:10
BRDA:48,0,0,0
BRDA:48,0,1,0
BRDA:70,1,0,0
BRDA:70,1,1,0
BRDA:98,2,0,0
BRDA:98,2,1,0
BRDA:99,3,0,0
BRDA:99,3,1,0
BRDA:115,4,0,0
BRDA:115,4,1,0
BRDA:116,5,0,0
BRDA:116,5,1,0
BRF:12
BRH:0
end_of_record
TN:
SF:/Users/andeladeveloper/Documents/CODEBASE/eventmanager/client/src/store/reducers/authReducer.js
FN:10,reducer
FNF:1
FNH:0
FNDA:0,reducer
DA:1,0
DA:2,0
DA:5,0
DA:10,0
DA:11,0
DA:13,0
DA:17,0
LF:7
LH:0
BRDA:10,0,0,0
BRDA:10,0,1,0
BRDA:10,1,0,0
BRDA:10,1,1,0
BRDA:12,2,0,0
BRDA:12,2,1,0
BRF:6
BRH:0
end_of_record
TN:
SF:/Users/andeladeveloper/Documents/CODEBASE/eventmanager/client/src/store/reducers/centerReducer.js
FN:11,reducer
FNF:1
FNH:0
FNDA:0,reducer
DA:1,0
DA:3,0
DA:11,0
DA:12,0
DA:14,0
DA:20,0
DA:26,0
DA:32,0
DA:38,0
DA:43,0
LF:10
LH:0
BRDA:11,0,0,0
BRDA:11,0,1,0
BRDA:11,1,0,0
BRDA:11,1,1,0
BRDA:13,2,0,0
BRDA:13,2,1,0
BRDA:13,2,2,0
BRDA:13,2,3,0
BRDA:13,2,4,0
BRDA:13,2,5,0
BRF:10
BRH:0
end_of_record
TN:
SF:/Users/andeladeveloper/Documents/CODEBASE/eventmanager/client/src/store/reducers/eventReducer.js
FN:13,reducer
FNF:1
FNH:0
FNDA:0,reducer
DA:1,0
DA:3,0
DA:13,0
DA:14,0
DA:16,0
DA:22,0
DA:28,0
DA:34,0
DA:40,0
DA:46,0
DA:51,0
LF:11
LH:0
BRDA:13,0,0,0
BRDA:13,0,1,0
BRDA:13,1,0,0
BRDA:13,1,1,0
BRDA:15,2,0,0
BRDA:15,2,1,0
BRDA:15,2,2,0
BRDA:15,2,3,0
BRDA:15,2,4,0
BRDA:15,2,5,0
BRDA:15,2,6,0
BRF:11
BRH:0
end_of_record
TN:
SF:/Users/andeladeveloper/Documents/CODEBASE/eventmanager/client/src/store/reducers/userReducer.js
FN:8,reducer
FNF:1
FNH:0
FNDA:0,reducer
DA:1,0
DA:3,0
DA:8,0
DA:9,0
DA:11,0
DA:17,0
DA:23,0
DA:28,0
LF:8
LH:0
BRDA:8,0,0,0
BRDA:8,0,1,0
BRDA:8,1,0,0
BRDA:8,1,1,0
BRDA:10,2,0,0
BRDA:10,2,1,0
BRDA:10,2,2,0
BRDA:10,2,3,0
BRF:8
BRH:0
end_of_record
