TN:
SF:/Users/andeladeveloper/Documents/CODEBASE/eventmanager/client/coverage/lcov-report/block-navigation.js
FN:1,init
FN:16,toggleClass
FN:21,makeCurrent
FN:28,goToPrevious
FN:39,goToNext
FN:49,jump
FNF:6
FNH:0
FNDA:0,init
FNDA:0,toggleClass
FNDA:0,makeCurrent
FNDA:0,goToPrevious
FNDA:0,goToNext
FNDA:0,jump
DA:1,0
DA:3,0
DA:6,0
DA:9,0
DA:12,0
DA:17,0
DA:18,0
DA:22,0
DA:23,0
DA:24,0
DA:29,0
DA:30,0
DA:31,0
DA:32,0
DA:33,0
DA:36,0
DA:40,0
DA:42,0
DA:43,0
DA:46,0
DA:49,0
DA:50,0
DA:53,0
DA:54,0
DA:58,0
DA:59,0
DA:63,0
LF:27
LH:0
BRDA:30,0,0,0
BRDA:30,0,1,0
BRDA:30,1,0,0
BRDA:30,1,1,0
BRDA:32,2,0,0
BRDA:32,2,1,0
BRDA:42,3,0,0
BRDA:42,3,1,0
BRDA:42,4,0,0
BRDA:42,4,1,0
BRDA:51,5,0,0
BRDA:51,5,1,0
BRDA:51,5,2,0
BRDA:51,5,3,0
BRDA:51,5,4,0
BRF:15
BRH:0
end_of_record
TN:
SF:/Users/andeladeveloper/Documents/CODEBASE/eventmanager/client/coverage/lcov-report/prettify.js
FN:1,(anonymous_0)
FN:1,k
FN:1,ab
FN:1,T
FN:1,X
FN:1,(anonymous_5)
FN:1,W
FN:1,(anonymous_7)
FN:1,a
FN:1,aa
FN:1,B
FN:1,o
FN:1,g
FN:1,(anonymous_13)
FN:1,W
FN:1,i
FN:1,Q
FN:1,ae
FN:1,ad
FN:1,ai
FN:1,D
FN:1,c
FN:1,q
FN:1,d
FN:1,y
FN:1,b
FN:1,Y
FN:1,now
FN:1,U
FNF:29
FNH:0
FNDA:0,(anonymous_0)
FNDA:0,k
FNDA:0,ab
FNDA:0,T
FNDA:0,X
FNDA:0,(anonymous_5)
FNDA:0,W
FNDA:0,(anonymous_7)
FNDA:0,a
FNDA:0,aa
FNDA:0,B
FNDA:0,o
FNDA:0,g
FNDA:0,(anonymous_13)
FNDA:0,W
FNDA:0,i
FNDA:0,Q
FNDA:0,ae
FNDA:0,ad
FNDA:0,ai
FNDA:0,D
FNDA:0,c
FNDA:0,q
FNDA:0,d
FNDA:0,y
FNDA:0,b
FNDA:0,Y
FNDA:0,now
FNDA:0,U
DA:1,0
LF:1
LH:0
BRDA:1,0,0,0
BRDA:1,0,1,0
BRDA:1,1,0,0
BRDA:1,1,1,0
BRDA:1,2,0,0
BRDA:1,2,1,0
BRDA:1,3,0,0
BRDA:1,3,1,0
BRDA:1,4,0,0
BRDA:1,4,1,0
BRDA:1,5,0,0
BRDA:1,5,1,0
BRDA:1,6,0,0
BRDA:1,6,1,0
BRDA:1,7,0,0
BRDA:1,7,1,0
BRDA:1,8,0,0
BRDA:1,8,1,0
BRDA:1,9,0,0
BRDA:1,9,1,0
BRDA:1,10,0,0
BRDA:1,10,1,0
BRDA:1,11,0,0
BRDA:1,11,1,0
BRDA:1,11,2,0
BRDA:1,11,3,0
BRDA:1,12,0,0
BRDA:1,12,1,0
BRDA:1,13,0,0
BRDA:1,13,1,0
BRDA:1,14,0,0
BRDA:1,14,1,0
BRDA:1,15,0,0
BRDA:1,15,1,0
BRDA:1,16,0,0
BRDA:1,16,1,0
BRDA:1,17,0,0
BRDA:1,17,1,0
BRDA:1,18,0,0
BRDA:1,18,1,0
BRDA:1,19,0,0
BRDA:1,19,1,0
BRDA:1,20,0,0
BRDA:1,20,1,0
BRDA:1,21,0,0
BRDA:1,21,1,0
BRDA:1,22,0,0
BRDA:1,22,1,0
BRDA:1,23,0,0
BRDA:1,23,1,0
BRDA:1,24,0,0
BRDA:1,24,1,0
BRDA:1,25,0,0
BRDA:1,25,1,0
BRDA:1,26,0,0
BRDA:1,26,1,0
BRDA:1,27,0,0
BRDA:1,27,1,0
BRDA:1,28,0,0
BRDA:1,28,1,0
BRDA:1,29,0,0
BRDA:1,29,1,0
BRDA:1,30,0,0
BRDA:1,30,1,0
BRDA:1,31,0,0
BRDA:1,31,1,0
BRDA:1,32,0,0
BRDA:1,32,1,0
BRDA:1,33,0,0
BRDA:1,33,1,0
BRDA:1,34,0,0
BRDA:1,34,1,0
BRDA:1,35,0,0
BRDA:1,35,1,0
BRDA:1,36,0,0
BRDA:1,36,1,0
BRDA:1,37,0,0
BRDA:1,37,1,0
BRDA:1,38,0,0
BRDA:1,38,1,0
BRDA:1,39,0,0
BRDA:1,39,1,0
BRDA:1,40,0,0
BRDA:1,40,1,0
BRDA:1,41,0,0
BRDA:1,41,1,0
BRDA:1,42,0,0
BRDA:1,42,1,0
BRDA:1,43,0,0
BRDA:1,43,1,0
BRDA:1,44,0,0
BRDA:1,44,1,0
BRDA:1,45,0,0
BRDA:1,45,1,0
BRDA:1,46,0,0
BRDA:1,46,1,0
BRDA:1,47,0,0
BRDA:1,47,1,0
BRDA:1,48,0,0
BRDA:1,48,1,0
BRDA:1,49,0,0
BRDA:1,49,1,0
BRDA:1,49,2,0
BRDA:1,50,0,0
BRDA:1,50,1,0
BRDA:1,51,0,0
BRDA:1,51,1,0
BRDA:1,52,0,0
BRDA:1,52,1,0
BRDA:1,53,0,0
BRDA:1,53,1,0
BRDA:1,54,0,0
BRDA:1,54,1,0
BRDA:1,55,0,0
BRDA:1,55,1,0
BRDA:1,56,0,0
BRDA:1,56,1,0
BRDA:1,57,0,0
BRDA:1,57,1,0
BRDA:1,58,0,0
BRDA:1,58,1,0
BRDA:1,59,0,0
BRDA:1,59,1,0
BRDA:1,60,0,0
BRDA:1,60,1,0
BRDA:1,61,0,0
BRDA:1,61,1,0
BRDA:1,62,0,0
BRDA:1,62,1,0
BRDA:1,63,0,0
BRDA:1,63,1,0
BRDA:1,64,0,0
BRDA:1,64,1,0
BRDA:1,65,0,0
BRDA:1,65,1,0
BRDA:1,66,0,0
BRDA:1,66,1,0
BRDA:1,67,0,0
BRDA:1,67,1,0
BRDA:1,68,0,0
BRDA:1,68,1,0
BRDA:1,69,0,0
BRDA:1,69,1,0
BRDA:1,70,0,0
BRDA:1,70,1,0
BRDA:1,71,0,0
BRDA:1,71,1,0
BRDA:1,72,0,0
BRDA:1,72,1,0
BRDA:1,73,0,0
BRDA:1,73,1,0
BRDA:1,74,0,0
BRDA:1,74,1,0
BRDA:1,75,0,0
BRDA:1,75,1,0
BRDA:1,76,0,0
BRDA:1,76,1,0
BRDA:1,77,0,0
BRDA:1,77,1,0
BRDA:1,78,0,0
BRDA:1,78,1,0
BRDA:1,79,0,0
BRDA:1,79,1,0
BRDA:1,80,0,0
BRDA:1,80,1,0
BRDA:1,81,0,0
BRDA:1,81,1,0
BRDA:1,82,0,0
BRDA:1,82,1,0
BRDA:1,83,0,0
BRDA:1,83,1,0
BRDA:1,84,0,0
BRDA:1,84,1,0
BRDA:1,85,0,0
BRDA:1,85,1,0
BRDA:1,86,0,0
BRDA:1,86,1,0
BRDA:1,87,0,0
BRDA:1,87,1,0
BRDA:1,88,0,0
BRDA:1,88,1,0
BRDA:1,88,2,0
BRDA:1,89,0,0
BRDA:1,89,1,0
BRDA:1,90,0,0
BRDA:1,90,1,0
BRDA:1,91,0,0
BRDA:1,91,1,0
BRDA:1,92,0,0
BRDA:1,92,1,0
BRDA:1,93,0,0
BRDA:1,93,1,0
BRDA:1,94,0,0
BRDA:1,94,1,0
BRDA:1,95,0,0
BRDA:1,95,1,0
BRDA:1,96,0,0
BRDA:1,96,1,0
BRDA:1,97,0,0
BRDA:1,97,1,0
BRDA:1,98,0,0
BRDA:1,98,1,0
BRDA:1,99,0,0
BRDA:1,99,1,0
BRDA:1,100,0,0
BRDA:1,100,1,0
BRDA:1,101,0,0
BRDA:1,101,1,0
BRDA:1,102,0,0
BRDA:1,102,1,0
BRDA:1,103,0,0
BRDA:1,103,1,0
BRDA:1,104,0,0
BRDA:1,104,1,0
BRDA:1,105,0,0
BRDA:1,105,1,0
BRDA:1,106,0,0
BRDA:1,106,1,0
BRDA:1,107,0,0
BRDA:1,107,1,0
BRDA:1,108,0,0
BRDA:1,108,1,0
BRDA:1,109,0,0
BRDA:1,109,1,0
BRDA:1,110,0,0
BRDA:1,110,1,0
BRDA:1,111,0,0
BRDA:1,111,1,0
BRDA:1,112,0,0
BRDA:1,112,1,0
BRDA:1,113,0,0
BRDA:1,113,1,0
BRDA:1,114,0,0
BRDA:1,114,1,0
BRDA:1,115,0,0
BRDA:1,115,1,0
BRDA:1,116,0,0
BRDA:1,116,1,0
BRDA:1,117,0,0
BRDA:1,117,1,0
BRDA:1,118,0,0
BRDA:1,118,1,0
BRDA:1,119,0,0
BRDA:1,119,1,0
BRDA:1,120,0,0
BRDA:1,120,1,0
BRDA:1,121,0,0
BRDA:1,121,1,0
BRDA:1,122,0,0
BRDA:1,122,1,0
BRDA:1,123,0,0
BRDA:1,123,1,0
BRDA:1,124,0,0
BRDA:1,124,1,0
BRDA:1,125,0,0
BRDA:1,125,1,0
BRDA:1,126,0,0
BRDA:1,126,1,0
BRDA:1,127,0,0
BRDA:1,127,1,0
BRDA:1,127,2,0
BRDA:1,128,0,0
BRDA:1,128,1,0
BRDA:1,129,0,0
BRDA:1,129,1,0
BRDA:1,130,0,0
BRDA:1,130,1,0
BRDA:1,130,2,0
BRDA:1,130,3,0
BRDA:1,130,4,0
BRDA:1,131,0,0
BRDA:1,131,1,0
BRDA:1,132,0,0
BRDA:1,132,1,0
BRDA:1,133,0,0
BRDA:1,133,1,0
BRDA:1,134,0,0
BRDA:1,134,1,0
BRDA:1,135,0,0
BRDA:1,135,1,0
BRDA:1,136,0,0
BRDA:1,136,1,0
BRDA:1,137,0,0
BRDA:1,137,1,0
BRF:284
BRH:0
end_of_record
TN:
SF:/Users/andeladeveloper/Documents/CODEBASE/eventmanager/client/coverage/lcov-report/sorter.js
FN:1,(anonymous_0)
FN:10,getTable
FN:12,getTableHeader
FN:14,getTableBody
FN:16,getNthColumn
FN:19,loadColumns
FN:43,loadRowData
FN:62,loadData
FN:71,sortByIndex
FN:73,sorter
FN:85,finalSorter
FN:102,removeSortIndicators
FN:110,addSortIndicators
FN:114,enableUI
FN:117,ithSorter
FN:120,(anonymous_15)
FN:147,(anonymous_16)
FNF:17
FNH:0
FNDA:0,(anonymous_0)
FNDA:0,getTable
FNDA:0,getTableHeader
FNDA:0,getTableBody
FNDA:0,getNthColumn
FNDA:0,loadColumns
FNDA:0,loadRowData
FNDA:0,loadData
FNDA:0,sortByIndex
FNDA:0,sorter
FNDA:0,finalSorter
FNDA:0,removeSortIndicators
FNDA:0,addSortIndicators
FNDA:0,enableUI
FNDA:0,ithSorter
FNDA:0,(anonymous_15)
FNDA:0,(anonymous_16)
DA:1,0
DA:4,0
DA:10,0
DA:12,0
DA:14,0
DA:16,0
DA:20,0
DA:22,0
DA:26,0
DA:27,0
DA:28,0
DA:33,0
DA:34,0
DA:35,0
DA:36,0
DA:39,0
DA:44,0
DA:47,0
DA:50,0
DA:51,0
DA:52,0
DA:53,0
DA:54,0
DA:55,0
DA:57,0
DA:59,0
DA:63,0
DA:66,0
DA:67,0
DA:72,0
DA:73,0
DA:74,0
DA:75,0
DA:76,0
DA:78,0
DA:79,0
DA:80,0
DA:81,0
DA:84,0
DA:85,0
DA:86,0
DA:90,0
DA:91,0
DA:92,0
DA:95,0
DA:97,0
DA:98,0
DA:103,0
DA:104,0
DA:106,0
DA:107,0
DA:111,0
DA:117,0
DA:118,0
DA:120,0
DA:121,0
DA:123,0
DA:124,0
DA:126,0
DA:127,0
DA:128,0
DA:129,0
DA:130,0
DA:133,0
DA:134,0
DA:137,0
DA:138,0
DA:139,0
DA:141,0
DA:147,0
DA:148,0
DA:149,0
DA:151,0
DA:152,0
DA:153,0
DA:154,0
DA:158,0
LF:77
LH:0
BRDA:31,0,0,0
BRDA:31,0,1,0
BRDA:34,1,0,0
BRDA:34,1,1,0
BRDA:54,2,0,0
BRDA:54,2,1,0
BRDA:76,3,0,0
BRDA:76,3,1,0
BRDA:76,4,0,0
BRDA:76,4,1,0
BRDA:84,5,0,0
BRDA:84,5,1,0
BRDA:111,6,0,0
BRDA:111,6,1,0
BRDA:123,7,0,0
BRDA:123,7,1,0
BRDA:134,8,0,0
BRDA:134,8,1,0
BRDA:138,9,0,0
BRDA:138,9,1,0
BRDA:148,10,0,0
BRDA:148,10,1,0
BRF:22
BRH:0
end_of_record
TN:
SF:/Users/andeladeveloper/Documents/CODEBASE/eventmanager/client/public/bundle.js
FN:1,(anonymous_0)
FN:6,__webpack_require__
FN:37,(anonymous_2)
FN:48,(anonymous_3)
FN:50,getDefault
FN:51,getModuleExports
FN:57,(anonymous_6)
FN:68,(anonymous_7)
FN:75,(anonymous_8)
FN:81,(anonymous_9)
FN:87,(anonymous_10)
FN:93,(anonymous_11)
FN:100,(anonymous_12)
FN:106,(anonymous_13)
FN:113,(anonymous_14)
FN:120,(anonymous_15)
FN:127,(anonymous_16)
FN:134,(anonymous_17)
FN:140,(anonymous_18)
FN:146,(anonymous_19)
FN:153,(anonymous_20)
FN:159,(anonymous_21)
FN:166,(anonymous_22)
FN:172,(anonymous_23)
FN:179,(anonymous_24)
FN:186,(anonymous_25)
FN:192,(anonymous_26)
FN:198,(anonymous_27)
FN:205,(anonymous_28)
FN:212,(anonymous_29)
FN:219,(anonymous_30)
FN:225,(anonymous_31)
FN:231,(anonymous_32)
FN:238,(anonymous_33)
FN:245,(anonymous_34)
FN:252,(anonymous_35)
FN:259,(anonymous_36)
FN:265,(anonymous_37)
FN:272,(anonymous_38)
FN:278,(anonymous_39)
FN:285,(anonymous_40)
FN:291,(anonymous_41)
FN:297,(anonymous_42)
FN:304,(anonymous_43)
FN:311,(anonymous_44)
FN:318,(anonymous_45)
FN:324,(anonymous_46)
FN:331,(anonymous_47)
FN:337,(anonymous_48)
FN:343,(anonymous_49)
FN:349,(anonymous_50)
FN:356,(anonymous_51)
FN:362,(anonymous_52)
FN:368,(anonymous_53)
FN:375,(anonymous_54)
FN:382,(anonymous_55)
FN:389,(anonymous_56)
FN:396,(anonymous_57)
FN:403,(anonymous_58)
FN:410,(anonymous_59)
FN:417,(anonymous_60)
FN:424,(anonymous_61)
FN:431,(anonymous_62)
FN:438,(anonymous_63)
FN:445,(anonymous_64)
FN:451,(anonymous_65)
FN:457,(anonymous_66)
FN:463,(anonymous_67)
FN:469,(anonymous_68)
FN:476,(anonymous_69)
FN:483,(anonymous_70)
FN:490,(anonymous_71)
FN:497,(anonymous_72)
FN:503,(anonymous_73)
FN:509,(anonymous_74)
FN:515,(anonymous_75)
FN:522,(anonymous_76)
FN:528,(anonymous_77)
FN:534,(anonymous_78)
FN:541,(anonymous_79)
FN:547,(anonymous_80)
FN:553,(anonymous_81)
FN:560,(anonymous_82)
FN:567,(anonymous_83)
FN:574,(anonymous_84)
FN:581,(anonymous_85)
FN:588,(anonymous_86)
FN:595,(anonymous_87)
FN:602,(anonymous_88)
FN:609,(anonymous_89)
FN:616,(anonymous_90)
FN:623,(anonymous_91)
FN:630,(anonymous_92)
FN:637,(anonymous_93)
FN:644,(anonymous_94)
FN:651,(anonymous_95)
FN:658,(anonymous_96)
FN:665,(anonymous_97)
FN:672,(anonymous_98)
FN:679,(anonymous_99)
FN:686,(anonymous_100)
FN:692,(anonymous_101)
FN:698,(anonymous_102)
FN:704,(anonymous_103)
FN:710,(anonymous_104)
FN:717,(anonymous_105)
FN:723,(anonymous_106)
FN:730,(anonymous_107)
FN:737,(anonymous_108)
FN:743,(anonymous_109)
FN:750,(anonymous_110)
FN:756,(anonymous_111)
FN:762,(anonymous_112)
FN:769,(anonymous_113)
FN:775,(anonymous_114)
FN:781,(anonymous_115)
FN:787,(anonymous_116)
FN:793,(anonymous_117)
FN:799,(anonymous_118)
FN:805,(anonymous_119)
FN:811,(anonymous_120)
FN:817,(anonymous_121)
FN:823,(anonymous_122)
FN:829,(anonymous_123)
FN:835,(anonymous_124)
FN:841,(anonymous_125)
FN:847,(anonymous_126)
FN:854,(anonymous_127)
FN:861,(anonymous_128)
FN:868,(anonymous_129)
FN:875,(anonymous_130)
FN:881,(anonymous_131)
FN:887,(anonymous_132)
FN:893,(anonymous_133)
FN:899,(anonymous_134)
FN:905,(anonymous_135)
FN:911,(anonymous_136)
FN:917,(anonymous_137)
FN:923,(anonymous_138)
FN:929,(anonymous_139)
FN:935,(anonymous_140)
FN:941,(anonymous_141)
FN:947,(anonymous_142)
FN:953,(anonymous_143)
FN:960,(anonymous_144)
FN:967,(anonymous_145)
FN:974,(anonymous_146)
FN:981,(anonymous_147)
FN:988,(anonymous_148)
FN:995,(anonymous_149)
FN:1001,(anonymous_150)
FN:1008,(anonymous_151)
FN:1015,(anonymous_152)
FN:1022,(anonymous_153)
FN:1029,(anonymous_154)
FN:1036,(anonymous_155)
FN:1043,(anonymous_156)
FN:1050,(anonymous_157)
FN:1057,(anonymous_158)
FN:1064,(anonymous_159)
FN:1071,(anonymous_160)
FN:1078,(anonymous_161)
FN:1085,(anonymous_162)
FN:1092,(anonymous_163)
FN:1099,(anonymous_164)
FN:1106,(anonymous_165)
FN:1113,(anonymous_166)
FN:1120,(anonymous_167)
FN:1127,(anonymous_168)
FN:1134,(anonymous_169)
FN:1141,(anonymous_170)
FN:1148,(anonymous_171)
FN:1155,(anonymous_172)
FN:1162,(anonymous_173)
FN:1169,(anonymous_174)
FN:1176,(anonymous_175)
FN:1183,(anonymous_176)
FN:1190,(anonymous_177)
FN:1197,(anonymous_178)
FN:1204,(anonymous_179)
FN:1211,(anonymous_180)
FN:1218,(anonymous_181)
FN:1224,(anonymous_182)
FN:1230,(anonymous_183)
FN:1237,(anonymous_184)
FN:1244,(anonymous_185)
FN:1251,(anonymous_186)
FN:1258,(anonymous_187)
FN:1265,(anonymous_188)
FN:1272,(anonymous_189)
FN:1279,(anonymous_190)
FN:1286,(anonymous_191)
FN:1293,(anonymous_192)
FN:1300,(anonymous_193)
FN:1307,(anonymous_194)
FN:1314,(anonymous_195)
FN:1321,(anonymous_196)
FN:1328,(anonymous_197)
FN:1335,(anonymous_198)
FN:1342,(anonymous_199)
FN:1349,(anonymous_200)
FN:1356,(anonymous_201)
FN:1363,(anonymous_202)
FN:1370,(anonymous_203)
FN:1377,(anonymous_204)
FN:1384,(anonymous_205)
FN:1391,(anonymous_206)
FN:1398,(anonymous_207)
FN:1405,(anonymous_208)
FN:1412,(anonymous_209)
FN:1419,(anonymous_210)
FN:1426,(anonymous_211)
FN:1432,(anonymous_212)
FN:1439,(anonymous_213)
FN:1446,(anonymous_214)
FN:1453,(anonymous_215)
FN:1460,(anonymous_216)
FN:1467,(anonymous_217)
FN:1474,(anonymous_218)
FN:1481,(anonymous_219)
FN:1488,(anonymous_220)
FN:1495,(anonymous_221)
FN:1502,(anonymous_222)
FN:1508,(anonymous_223)
FN:1515,(anonymous_224)
FN:1522,(anonymous_225)
FN:1528,(anonymous_226)
FN:1535,(anonymous_227)
FN:1541,(anonymous_228)
FN:1548,(anonymous_229)
FN:1554,(anonymous_230)
FN:1560,(anonymous_231)
FN:1566,(anonymous_232)
FN:1573,(anonymous_233)
FN:1579,(anonymous_234)
FN:1585,(anonymous_235)
FN:1591,(anonymous_236)
FN:1597,(anonymous_237)
FN:1603,(anonymous_238)
FN:1609,(anonymous_239)
FN:1616,(anonymous_240)
FN:1623,(anonymous_241)
FN:1630,(anonymous_242)
FN:1636,(anonymous_243)
FN:1642,(anonymous_244)
FN:1648,(anonymous_245)
FN:1654,(anonymous_246)
FN:1661,(anonymous_247)
FN:1667,(anonymous_248)
FN:1673,(anonymous_249)
FN:1679,(anonymous_250)
FN:1686,(anonymous_251)
FN:1693,(anonymous_252)
FN:1699,(anonymous_253)
FN:1705,(anonymous_254)
FN:1711,(anonymous_255)
FN:1717,(anonymous_256)
FN:1723,(anonymous_257)
FN:1729,(anonymous_258)
FN:1735,(anonymous_259)
FN:1741,(anonymous_260)
FN:1747,(anonymous_261)
FN:1753,(anonymous_262)
FN:1760,(anonymous_263)
FN:1767,(anonymous_264)
FN:1774,(anonymous_265)
FN:1781,(anonymous_266)
FN:1788,(anonymous_267)
FN:1794,(anonymous_268)
FN:1800,(anonymous_269)
FN:1806,(anonymous_270)
FN:1812,(anonymous_271)
FN:1818,(anonymous_272)
FN:1824,(anonymous_273)
FN:1830,(anonymous_274)
FN:1836,(anonymous_275)
FN:1842,(anonymous_276)
FN:1849,(anonymous_277)
FN:1856,(anonymous_278)
FN:1863,(anonymous_279)
FN:1870,(anonymous_280)
FN:1877,(anonymous_281)
FN:1884,(anonymous_282)
FN:1891,(anonymous_283)
FN:1898,(anonymous_284)
FN:1905,(anonymous_285)
FN:1912,(anonymous_286)
FN:1919,(anonymous_287)
FN:1926,(anonymous_288)
FN:1932,(anonymous_289)
FN:1939,(anonymous_290)
FN:1946,(anonymous_291)
FN:1953,(anonymous_292)
FN:1960,(anonymous_293)
FN:1967,(anonymous_294)
FN:1974,(anonymous_295)
FN:1981,(anonymous_296)
FN:1988,(anonymous_297)
FN:1994,(anonymous_298)
FN:2000,(anonymous_299)
FN:2006,(anonymous_300)
FN:2012,(anonymous_301)
FN:2018,(anonymous_302)
FN:2024,(anonymous_303)
FN:2030,(anonymous_304)
FN:2036,(anonymous_305)
FN:2042,(anonymous_306)
FN:2048,(anonymous_307)
FN:2055,(anonymous_308)
FN:2061,(anonymous_309)
FN:2067,(anonymous_310)
FN:2073,(anonymous_311)
FN:2079,(anonymous_312)
FN:2085,(anonymous_313)
FN:2091,(anonymous_314)
FN:2097,(anonymous_315)
FN:2104,(anonymous_316)
FN:2111,(anonymous_317)
FN:2118,(anonymous_318)
FN:2124,(anonymous_319)
FN:2130,(anonymous_320)
FN:2136,(anonymous_321)
FN:2142,(anonymous_322)
FN:2148,(anonymous_323)
FN:2154,(anonymous_324)
FN:2160,(anonymous_325)
FN:2166,(anonymous_326)
FN:2172,(anonymous_327)
FN:2178,(anonymous_328)
FN:2184,(anonymous_329)
FN:2191,(anonymous_330)
FN:2197,(anonymous_331)
FN:2204,(anonymous_332)
FN:2211,(anonymous_333)
FN:2218,(anonymous_334)
FN:2225,(anonymous_335)
FN:2232,(anonymous_336)
FN:2239,(anonymous_337)
FN:2246,(anonymous_338)
FN:2253,(anonymous_339)
FN:2260,(anonymous_340)
FN:2267,(anonymous_341)
FN:2274,(anonymous_342)
FN:2281,(anonymous_343)
FN:2288,(anonymous_344)
FN:2295,(anonymous_345)
FN:2302,(anonymous_346)
FN:2309,(anonymous_347)
FN:2316,(anonymous_348)
FN:2323,(anonymous_349)
FN:2330,(anonymous_350)
FN:2337,(anonymous_351)
FN:2344,(anonymous_352)
FN:2350,(anonymous_353)
FN:2357,(anonymous_354)
FN:2364,(anonymous_355)
FN:2371,(anonymous_356)
FN:2378,(anonymous_357)
FN:2385,(anonymous_358)
FN:2392,(anonymous_359)
FN:2399,(anonymous_360)
FN:2406,(anonymous_361)
FN:2413,(anonymous_362)
FN:2420,(anonymous_363)
FN:2427,(anonymous_364)
FN:2434,(anonymous_365)
FN:2441,(anonymous_366)
FN:2448,(anonymous_367)
FN:2455,(anonymous_368)
FN:2462,(anonymous_369)
FN:2469,(anonymous_370)
FN:2476,(anonymous_371)
FN:2482,(anonymous_372)
FN:2488,(anonymous_373)
FN:2494,(anonymous_374)
FN:2500,(anonymous_375)
FN:2506,(anonymous_376)
FN:2512,(anonymous_377)
FN:2518,(anonymous_378)
FN:2525,(anonymous_379)
FN:2532,(anonymous_380)
FN:2539,(anonymous_381)
FN:2546,(anonymous_382)
FN:2552,(anonymous_383)
FN:2558,(anonymous_384)
FNF:385
FNH:0
FNDA:0,(anonymous_0)
FNDA:0,__webpack_require__
FNDA:0,(anonymous_2)
FNDA:0,(anonymous_3)
FNDA:0,getDefault
FNDA:0,getModuleExports
FNDA:0,(anonymous_6)
FNDA:0,(anonymous_7)
FNDA:0,(anonymous_8)
FNDA:0,(anonymous_9)
FNDA:0,(anonymous_10)
FNDA:0,(anonymous_11)
FNDA:0,(anonymous_12)
FNDA:0,(anonymous_13)
FNDA:0,(anonymous_14)
FNDA:0,(anonymous_15)
FNDA:0,(anonymous_16)
FNDA:0,(anonymous_17)
FNDA:0,(anonymous_18)
FNDA:0,(anonymous_19)
FNDA:0,(anonymous_20)
FNDA:0,(anonymous_21)
FNDA:0,(anonymous_22)
FNDA:0,(anonymous_23)
FNDA:0,(anonymous_24)
FNDA:0,(anonymous_25)
FNDA:0,(anonymous_26)
FNDA:0,(anonymous_27)
FNDA:0,(anonymous_28)
FNDA:0,(anonymous_29)
FNDA:0,(anonymous_30)
FNDA:0,(anonymous_31)
FNDA:0,(anonymous_32)
FNDA:0,(anonymous_33)
FNDA:0,(anonymous_34)
FNDA:0,(anonymous_35)
FNDA:0,(anonymous_36)
FNDA:0,(anonymous_37)
FNDA:0,(anonymous_38)
FNDA:0,(anonymous_39)
FNDA:0,(anonymous_40)
FNDA:0,(anonymous_41)
FNDA:0,(anonymous_42)
FNDA:0,(anonymous_43)
FNDA:0,(anonymous_44)
FNDA:0,(anonymous_45)
FNDA:0,(anonymous_46)
FNDA:0,(anonymous_47)
FNDA:0,(anonymous_48)
FNDA:0,(anonymous_49)
FNDA:0,(anonymous_50)
FNDA:0,(anonymous_51)
FNDA:0,(anonymous_52)
FNDA:0,(anonymous_53)
FNDA:0,(anonymous_54)
FNDA:0,(anonymous_55)
FNDA:0,(anonymous_56)
FNDA:0,(anonymous_57)
FNDA:0,(anonymous_58)
FNDA:0,(anonymous_59)
FNDA:0,(anonymous_60)
FNDA:0,(anonymous_61)
FNDA:0,(anonymous_62)
FNDA:0,(anonymous_63)
FNDA:0,(anonymous_64)
FNDA:0,(anonymous_65)
FNDA:0,(anonymous_66)
FNDA:0,(anonymous_67)
FNDA:0,(anonymous_68)
FNDA:0,(anonymous_69)
FNDA:0,(anonymous_70)
FNDA:0,(anonymous_71)
FNDA:0,(anonymous_72)
FNDA:0,(anonymous_73)
FNDA:0,(anonymous_74)
FNDA:0,(anonymous_75)
FNDA:0,(anonymous_76)
FNDA:0,(anonymous_77)
FNDA:0,(anonymous_78)
FNDA:0,(anonymous_79)
FNDA:0,(anonymous_80)
FNDA:0,(anonymous_81)
FNDA:0,(anonymous_82)
FNDA:0,(anonymous_83)
FNDA:0,(anonymous_84)
FNDA:0,(anonymous_85)
FNDA:0,(anonymous_86)
FNDA:0,(anonymous_87)
FNDA:0,(anonymous_88)
FNDA:0,(anonymous_89)
FNDA:0,(anonymous_90)
FNDA:0,(anonymous_91)
FNDA:0,(anonymous_92)
FNDA:0,(anonymous_93)
FNDA:0,(anonymous_94)
FNDA:0,(anonymous_95)
FNDA:0,(anonymous_96)
FNDA:0,(anonymous_97)
FNDA:0,(anonymous_98)
FNDA:0,(anonymous_99)
FNDA:0,(anonymous_100)
FNDA:0,(anonymous_101)
FNDA:0,(anonymous_102)
FNDA:0,(anonymous_103)
FNDA:0,(anonymous_104)
FNDA:0,(anonymous_105)
FNDA:0,(anonymous_106)
FNDA:0,(anonymous_107)
FNDA:0,(anonymous_108)
FNDA:0,(anonymous_109)
FNDA:0,(anonymous_110)
FNDA:0,(anonymous_111)
FNDA:0,(anonymous_112)
FNDA:0,(anonymous_113)
FNDA:0,(anonymous_114)
FNDA:0,(anonymous_115)
FNDA:0,(anonymous_116)
FNDA:0,(anonymous_117)
FNDA:0,(anonymous_118)
FNDA:0,(anonymous_119)
FNDA:0,(anonymous_120)
FNDA:0,(anonymous_121)
FNDA:0,(anonymous_122)
FNDA:0,(anonymous_123)
FNDA:0,(anonymous_124)
FNDA:0,(anonymous_125)
FNDA:0,(anonymous_126)
FNDA:0,(anonymous_127)
FNDA:0,(anonymous_128)
FNDA:0,(anonymous_129)
FNDA:0,(anonymous_130)
FNDA:0,(anonymous_131)
FNDA:0,(anonymous_132)
FNDA:0,(anonymous_133)
FNDA:0,(anonymous_134)
FNDA:0,(anonymous_135)
FNDA:0,(anonymous_136)
FNDA:0,(anonymous_137)
FNDA:0,(anonymous_138)
FNDA:0,(anonymous_139)
FNDA:0,(anonymous_140)
FNDA:0,(anonymous_141)
FNDA:0,(anonymous_142)
FNDA:0,(anonymous_143)
FNDA:0,(anonymous_144)
FNDA:0,(anonymous_145)
FNDA:0,(anonymous_146)
FNDA:0,(anonymous_147)
FNDA:0,(anonymous_148)
FNDA:0,(anonymous_149)
FNDA:0,(anonymous_150)
FNDA:0,(anonymous_151)
FNDA:0,(anonymous_152)
FNDA:0,(anonymous_153)
FNDA:0,(anonymous_154)
FNDA:0,(anonymous_155)
FNDA:0,(anonymous_156)
FNDA:0,(anonymous_157)
FNDA:0,(anonymous_158)
FNDA:0,(anonymous_159)
FNDA:0,(anonymous_160)
FNDA:0,(anonymous_161)
FNDA:0,(anonymous_162)
FNDA:0,(anonymous_163)
FNDA:0,(anonymous_164)
FNDA:0,(anonymous_165)
FNDA:0,(anonymous_166)
FNDA:0,(anonymous_167)
FNDA:0,(anonymous_168)
FNDA:0,(anonymous_169)
FNDA:0,(anonymous_170)
FNDA:0,(anonymous_171)
FNDA:0,(anonymous_172)
FNDA:0,(anonymous_173)
FNDA:0,(anonymous_174)
FNDA:0,(anonymous_175)
FNDA:0,(anonymous_176)
FNDA:0,(anonymous_177)
FNDA:0,(anonymous_178)
FNDA:0,(anonymous_179)
FNDA:0,(anonymous_180)
FNDA:0,(anonymous_181)
FNDA:0,(anonymous_182)
FNDA:0,(anonymous_183)
FNDA:0,(anonymous_184)
FNDA:0,(anonymous_185)
FNDA:0,(anonymous_186)
FNDA:0,(anonymous_187)
FNDA:0,(anonymous_188)
FNDA:0,(anonymous_189)
FNDA:0,(anonymous_190)
FNDA:0,(anonymous_191)
FNDA:0,(anonymous_192)
FNDA:0,(anonymous_193)
FNDA:0,(anonymous_194)
FNDA:0,(anonymous_195)
FNDA:0,(anonymous_196)
FNDA:0,(anonymous_197)
FNDA:0,(anonymous_198)
FNDA:0,(anonymous_199)
FNDA:0,(anonymous_200)
FNDA:0,(anonymous_201)
FNDA:0,(anonymous_202)
FNDA:0,(anonymous_203)
FNDA:0,(anonymous_204)
FNDA:0,(anonymous_205)
FNDA:0,(anonymous_206)
FNDA:0,(anonymous_207)
FNDA:0,(anonymous_208)
FNDA:0,(anonymous_209)
FNDA:0,(anonymous_210)
FNDA:0,(anonymous_211)
FNDA:0,(anonymous_212)
FNDA:0,(anonymous_213)
FNDA:0,(anonymous_214)
FNDA:0,(anonymous_215)
FNDA:0,(anonymous_216)
FNDA:0,(anonymous_217)
FNDA:0,(anonymous_218)
FNDA:0,(anonymous_219)
FNDA:0,(anonymous_220)
FNDA:0,(anonymous_221)
FNDA:0,(anonymous_222)
FNDA:0,(anonymous_223)
FNDA:0,(anonymous_224)
FNDA:0,(anonymous_225)
FNDA:0,(anonymous_226)
FNDA:0,(anonymous_227)
FNDA:0,(anonymous_228)
FNDA:0,(anonymous_229)
FNDA:0,(anonymous_230)
FNDA:0,(anonymous_231)
FNDA:0,(anonymous_232)
FNDA:0,(anonymous_233)
FNDA:0,(anonymous_234)
FNDA:0,(anonymous_235)
FNDA:0,(anonymous_236)
FNDA:0,(anonymous_237)
FNDA:0,(anonymous_238)
FNDA:0,(anonymous_239)
FNDA:0,(anonymous_240)
FNDA:0,(anonymous_241)
FNDA:0,(anonymous_242)
FNDA:0,(anonymous_243)
FNDA:0,(anonymous_244)
FNDA:0,(anonymous_245)
FNDA:0,(anonymous_246)
FNDA:0,(anonymous_247)
FNDA:0,(anonymous_248)
FNDA:0,(anonymous_249)
FNDA:0,(anonymous_250)
FNDA:0,(anonymous_251)
FNDA:0,(anonymous_252)
FNDA:0,(anonymous_253)
FNDA:0,(anonymous_254)
FNDA:0,(anonymous_255)
FNDA:0,(anonymous_256)
FNDA:0,(anonymous_257)
FNDA:0,(anonymous_258)
FNDA:0,(anonymous_259)
FNDA:0,(anonymous_260)
FNDA:0,(anonymous_261)
FNDA:0,(anonymous_262)
FNDA:0,(anonymous_263)
FNDA:0,(anonymous_264)
FNDA:0,(anonymous_265)
FNDA:0,(anonymous_266)
FNDA:0,(anonymous_267)
FNDA:0,(anonymous_268)
FNDA:0,(anonymous_269)
FNDA:0,(anonymous_270)
FNDA:0,(anonymous_271)
FNDA:0,(anonymous_272)
FNDA:0,(anonymous_273)
FNDA:0,(anonymous_274)
FNDA:0,(anonymous_275)
FNDA:0,(anonymous_276)
FNDA:0,(anonymous_277)
FNDA:0,(anonymous_278)
FNDA:0,(anonymous_279)
FNDA:0,(anonymous_280)
FNDA:0,(anonymous_281)
FNDA:0,(anonymous_282)
FNDA:0,(anonymous_283)
FNDA:0,(anonymous_284)
FNDA:0,(anonymous_285)
FNDA:0,(anonymous_286)
FNDA:0,(anonymous_287)
FNDA:0,(anonymous_288)
FNDA:0,(anonymous_289)
FNDA:0,(anonymous_290)
FNDA:0,(anonymous_291)
FNDA:0,(anonymous_292)
FNDA:0,(anonymous_293)
FNDA:0,(anonymous_294)
FNDA:0,(anonymous_295)
FNDA:0,(anonymous_296)
FNDA:0,(anonymous_297)
FNDA:0,(anonymous_298)
FNDA:0,(anonymous_299)
FNDA:0,(anonymous_300)
FNDA:0,(anonymous_301)
FNDA:0,(anonymous_302)
FNDA:0,(anonymous_303)
FNDA:0,(anonymous_304)
FNDA:0,(anonymous_305)
FNDA:0,(anonymous_306)
FNDA:0,(anonymous_307)
FNDA:0,(anonymous_308)
FNDA:0,(anonymous_309)
FNDA:0,(anonymous_310)
FNDA:0,(anonymous_311)
FNDA:0,(anonymous_312)
FNDA:0,(anonymous_313)
FNDA:0,(anonymous_314)
FNDA:0,(anonymous_315)
FNDA:0,(anonymous_316)
FNDA:0,(anonymous_317)
FNDA:0,(anonymous_318)
FNDA:0,(anonymous_319)
FNDA:0,(anonymous_320)
FNDA:0,(anonymous_321)
FNDA:0,(anonymous_322)
FNDA:0,(anonymous_323)
FNDA:0,(anonymous_324)
FNDA:0,(anonymous_325)
FNDA:0,(anonymous_326)
FNDA:0,(anonymous_327)
FNDA:0,(anonymous_328)
FNDA:0,(anonymous_329)
FNDA:0,(anonymous_330)
FNDA:0,(anonymous_331)
FNDA:0,(anonymous_332)
FNDA:0,(anonymous_333)
FNDA:0,(anonymous_334)
FNDA:0,(anonymous_335)
FNDA:0,(anonymous_336)
FNDA:0,(anonymous_337)
FNDA:0,(anonymous_338)
FNDA:0,(anonymous_339)
FNDA:0,(anonymous_340)
FNDA:0,(anonymous_341)
FNDA:0,(anonymous_342)
FNDA:0,(anonymous_343)
FNDA:0,(anonymous_344)
FNDA:0,(anonymous_345)
FNDA:0,(anonymous_346)
FNDA:0,(anonymous_347)
FNDA:0,(anonymous_348)
FNDA:0,(anonymous_349)
FNDA:0,(anonymous_350)
FNDA:0,(anonymous_351)
FNDA:0,(anonymous_352)
FNDA:0,(anonymous_353)
FNDA:0,(anonymous_354)
FNDA:0,(anonymous_355)
FNDA:0,(anonymous_356)
FNDA:0,(anonymous_357)
FNDA:0,(anonymous_358)
FNDA:0,(anonymous_359)
FNDA:0,(anonymous_360)
FNDA:0,(anonymous_361)
FNDA:0,(anonymous_362)
FNDA:0,(anonymous_363)
FNDA:0,(anonymous_364)
FNDA:0,(anonymous_365)
FNDA:0,(anonymous_366)
FNDA:0,(anonymous_367)
FNDA:0,(anonymous_368)
FNDA:0,(anonymous_369)
FNDA:0,(anonymous_370)
FNDA:0,(anonymous_371)
FNDA:0,(anonymous_372)
FNDA:0,(anonymous_373)
FNDA:0,(anonymous_374)
FNDA:0,(anonymous_375)
FNDA:0,(anonymous_376)
FNDA:0,(anonymous_377)
FNDA:0,(anonymous_378)
FNDA:0,(anonymous_379)
FNDA:0,(anonymous_380)
FNDA:0,(anonymous_381)
FNDA:0,(anonymous_382)
FNDA:0,(anonymous_383)
FNDA:0,(anonymous_384)
DA:1,0
DA:3,0
DA:9,0
DA:10,0
DA:13,0
DA:20,0
DA:23,0
DA:26,0
DA:31,0
DA:34,0
DA:37,0
DA:38,0
DA:39,0
DA:48,0
DA:49,0
DA:50,0
DA:51,0
DA:52,0
DA:53,0
DA:57,0
DA:60,0
DA:63,0
DA:71,0
DA:77,0
DA:83,0
DA:89,0
DA:96,0
DA:102,0
DA:109,0
DA:116,0
DA:123,0
DA:130,0
DA:136,0
DA:142,0
DA:149,0
DA:155,0
DA:162,0
DA:168,0
DA:175,0
DA:182,0
DA:188,0
DA:194,0
DA:201,0
DA:208,0
DA:215,0
DA:221,0
DA:227,0
DA:234,0
DA:241,0
DA:248,0
DA:255,0
DA:261,0
DA:268,0
DA:274,0
DA:281,0
DA:287,0
DA:293,0
DA:300,0
DA:307,0
DA:314,0
DA:320,0
DA:327,0
DA:333,0
DA:339,0
DA:345,0
DA:352,0
DA:358,0
DA:364,0
DA:371,0
DA:378,0
DA:385,0
DA:392,0
DA:399,0
DA:406,0
DA:413,0
DA:420,0
DA:427,0
DA:434,0
DA:441,0
DA:447,0
DA:453,0
DA:459,0
DA:465,0
DA:472,0
DA:479,0
DA:486,0
DA:493,0
DA:499,0
DA:505,0
DA:511,0
DA:518,0
DA:524,0
DA:530,0
DA:537,0
DA:543,0
DA:549,0
DA:556,0
DA:563,0
DA:570,0
DA:577,0
DA:584,0
DA:591,0
DA:598,0
DA:605,0
DA:612,0
DA:619,0
DA:626,0
DA:633,0
DA:640,0
DA:647,0
DA:654,0
DA:661,0
DA:668,0
DA:675,0
DA:682,0
DA:688,0
DA:694,0
DA:700,0
DA:706,0
DA:713,0
DA:719,0
DA:726,0
DA:733,0
DA:739,0
DA:746,0
DA:752,0
DA:758,0
DA:765,0
DA:771,0
DA:777,0
DA:783,0
DA:789,0
DA:795,0
DA:801,0
DA:807,0
DA:813,0
DA:819,0
DA:825,0
DA:831,0
DA:837,0
DA:843,0
DA:850,0
DA:857,0
DA:864,0
DA:871,0
DA:877,0
DA:883,0
DA:889,0
DA:895,0
DA:901,0
DA:907,0
DA:913,0
DA:919,0
DA:925,0
DA:931,0
DA:937,0
DA:943,0
DA:949,0
DA:956,0
DA:963,0
DA:970,0
DA:977,0
DA:984,0
DA:991,0
DA:997,0
DA:1004,0
DA:1011,0
DA:1018,0
DA:1025,0
DA:1032,0
DA:1039,0
DA:1046,0
DA:1053,0
DA:1060,0
DA:1067,0
DA:1074,0
DA:1081,0
DA:1088,0
DA:1095,0
DA:1102,0
DA:1109,0
DA:1116,0
DA:1123,0
DA:1130,0
DA:1137,0
DA:1144,0
DA:1151,0
DA:1158,0
DA:1165,0
DA:1172,0
DA:1179,0
DA:1186,0
DA:1193,0
DA:1200,0
DA:1207,0
DA:1214,0
DA:1220,0
DA:1226,0
DA:1233,0
DA:1240,0
DA:1247,0
DA:1254,0
DA:1261,0
DA:1268,0
DA:1275,0
DA:1282,0
DA:1289,0
DA:1296,0
DA:1303,0
DA:1310,0
DA:1317,0
DA:1324,0
DA:1331,0
DA:1338,0
DA:1345,0
DA:1352,0
DA:1359,0
DA:1366,0
DA:1373,0
DA:1380,0
DA:1387,0
DA:1394,0
DA:1401,0
DA:1408,0
DA:1415,0
DA:1422,0
DA:1428,0
DA:1435,0
DA:1442,0
DA:1449,0
DA:1456,0
DA:1463,0
DA:1470,0
DA:1477,0
DA:1484,0
DA:1491,0
DA:1498,0
DA:1504,0
DA:1511,0
DA:1518,0
DA:1524,0
DA:1531,0
DA:1537,0
DA:1544,0
DA:1550,0
DA:1556,0
DA:1562,0
DA:1569,0
DA:1575,0
DA:1581,0
DA:1587,0
DA:1593,0
DA:1599,0
DA:1605,0
DA:1612,0
DA:1619,0
DA:1626,0
DA:1632,0
DA:1638,0
DA:1644,0
DA:1650,0
DA:1657,0
DA:1663,0
DA:1669,0
DA:1675,0
DA:1682,0
DA:1689,0
DA:1695,0
DA:1701,0
DA:1707,0
DA:1713,0
DA:1719,0
DA:1725,0
DA:1731,0
DA:1737,0
DA:1743,0
DA:1749,0
DA:1756,0
DA:1763,0
DA:1770,0
DA:1777,0
DA:1784,0
DA:1790,0
DA:1796,0
DA:1802,0
DA:1808,0
DA:1814,0
DA:1820,0
DA:1826,0
DA:1832,0
DA:1838,0
DA:1845,0
DA:1852,0
DA:1859,0
DA:1866,0
DA:1873,0
DA:1880,0
DA:1887,0
DA:1894,0
DA:1901,0
DA:1908,0
DA:1915,0
DA:1922,0
DA:1928,0
DA:1935,0
DA:1942,0
DA:1949,0
DA:1956,0
DA:1963,0
DA:1970,0
DA:1977,0
DA:1984,0
DA:1990,0
DA:1996,0
DA:2002,0
DA:2008,0
DA:2014,0
DA:2020,0
DA:2026,0
DA:2032,0
DA:2038,0
DA:2044,0
DA:2051,0
DA:2057,0
DA:2063,0
DA:2069,0
DA:2075,0
DA:2081,0
DA:2087,0
DA:2093,0
DA:2100,0
DA:2107,0
DA:2114,0
DA:2120,0
DA:2126,0
DA:2132,0
DA:2138,0
DA:2144,0
DA:2150,0
DA:2156,0
DA:2162,0
DA:2168,0
DA:2174,0
DA:2180,0
DA:2187,0
DA:2193,0
DA:2200,0
DA:2207,0
DA:2214,0
DA:2221,0
DA:2228,0
DA:2235,0
DA:2242,0
DA:2249,0
DA:2256,0
DA:2263,0
DA:2270,0
DA:2277,0
DA:2284,0
DA:2291,0
DA:2298,0
DA:2305,0
DA:2312,0
DA:2319,0
DA:2326,0
DA:2333,0
DA:2340,0
DA:2346,0
DA:2353,0
DA:2360,0
DA:2367,0
DA:2374,0
DA:2381,0
DA:2388,0
DA:2395,0
DA:2402,0
DA:2409,0
DA:2416,0
DA:2423,0
DA:2430,0
DA:2437,0
DA:2444,0
DA:2451,0
DA:2458,0
DA:2465,0
DA:2472,0
DA:2478,0
DA:2484,0
DA:2490,0
DA:2496,0
DA:2502,0
DA:2508,0
DA:2514,0
DA:2521,0
DA:2528,0
DA:2535,0
DA:2542,0
DA:2548,0
DA:2554,0
DA:2561,0
LF:400
LH:0
BRDA:9,0,0,0
BRDA:9,0,1,0
BRDA:38,1,0,0
BRDA:38,1,1,0
BRDA:50,2,0,0
BRDA:50,2,1,0
BRDA:49,3,0,0
BRDA:49,3,1,0
BRF:8
BRH:0
end_of_record
TN:
SF:/Users/andeladeveloper/Documents/CODEBASE/eventmanager/client/src/App.js
FN:38,App
FNF:1
FNH:0
FNDA:0,App
DA:1,0
DA:2,0
DA:3,0
DA:4,0
DA:5,0
DA:6,0
DA:7,0
DA:8,0
DA:9,0
DA:10,0
DA:11,0
DA:13,0
DA:14,0
DA:15,0
DA:16,0
DA:17,0
DA:20,0
DA:22,0
DA:26,0
DA:27,0
DA:34,0
DA:35,0
DA:38,0
LF:23
LH:0
BRDA:26,0,0,0
BRDA:26,0,1,0
BRF:2
BRH:0
end_of_record
TN:
SF:/Users/andeladeveloper/Documents/CODEBASE/eventmanager/client/src/index.js
FNF:0
FNH:0
DA:1,0
DA:2,0
DA:3,0
DA:6,0
LF:4
LH:0
BRF:0
BRH:0
end_of_record
TN:
SF:/Users/andeladeveloper/Documents/CODEBASE/eventmanager/client/src/components/NotFound.js
FN:4,notFound
FNF:1
FNH:0
FNDA:0,notFound
DA:1,0
DA:2,0
DA:4,0
LF:3
LH:0
BRF:0
BRH:0
end_of_record
TN:
SF:/Users/andeladeveloper/Documents/CODEBASE/eventmanager/client/src/components/Auth/adminHOC.js
FN:7,(anonymous_4)
FN:7,componentWillMount
FN:7,render
FN:21,mapStateToProps
FNF:4
FNH:0
FNDA:0,(anonymous_4)
FNDA:0,componentWillMount
FNDA:0,render
FNDA:0,mapStateToProps
DA:2,0
DA:3,0
DA:4,0
DA:5,0
DA:7,0
DA:10,0
DA:11,0
DA:12,0
DA:16,0
DA:21,0
DA:25,0
LF:11
LH:0
BRDA:7,0,0,0
BRDA:7,0,1,0
BRDA:10,1,0,0
BRDA:10,1,1,0
BRF:4
BRH:0
end_of_record
TN:
SF:/Users/andeladeveloper/Documents/CODEBASE/eventmanager/client/src/components/Auth/auth.js
FN:3,setAuthToken
FNF:1
FNH:0
FNDA:0,setAuthToken
DA:1,0
DA:4,0
DA:5,0
DA:7,0
LF:4
LH:0
BRDA:4,0,0,0
BRDA:4,0,1,0
BRF:2
BRH:0
end_of_record
TN:
SF:/Users/andeladeveloper/Documents/CODEBASE/eventmanager/client/src/components/Auth/authHOC.js
FN:9,(anonymous_4)
FN:9,componentWillMount
FN:9,render
FN:23,mapStateToProps
FNF:4
FNH:0
FNDA:0,(anonymous_4)
FNDA:0,componentWillMount
FNDA:0,render
FNDA:0,mapStateToProps
DA:2,0
DA:3,0
DA:4,0
DA:5,0
DA:9,0
DA:12,0
DA:13,0
DA:14,0
DA:18,0
DA:23,0
DA:27,0
LF:11
LH:0
BRDA:9,0,0,0
BRDA:9,0,1,0
BRDA:12,1,0,0
BRDA:12,1,1,0
BRF:4
BRH:0
end_of_record
TN:
SF:/Users/andeladeveloper/Documents/CODEBASE/eventmanager/client/src/components/Center/PickCenter.js
FN:13,(anonymous_12)
FN:24,selectCenter
FN:49,mapStateToProps
FN:53,mapDispatchToProps
FN:54,onInitCenters
FNF:5
FNH:0
FNDA:0,(anonymous_12)
FNDA:0,selectCenter
FNDA:0,mapStateToProps
FNDA:0,mapDispatchToProps
FNDA:0,onInitCenters
DA:1,0
DA:2,0
DA:3,0
DA:4,0
DA:5,0
DA:9,0
DA:12,0
DA:13,0
DA:24,0
DA:27,0
DA:38,0
DA:49,0
DA:53,0
DA:54,0
LF:14
LH:0
BRF:0
BRH:0
end_of_record
TN:
SF:/Users/andeladeveloper/Documents/CODEBASE/eventmanager/client/src/components/Center/ViewCenters.js
FN:26,(anonymous_12)
FN:53,mapStateToProps
FN:58,mapDispatchToProps
FN:59,onInitCenters
FNF:4
FNH:0
FNDA:0,(anonymous_12)
FNDA:0,mapStateToProps
FNDA:0,mapDispatchToProps
FNDA:0,onInitCenters
DA:1,0
DA:2,0
DA:3,0
DA:4,0
DA:5,0
DA:6,0
DA:7,0
DA:12,0
DA:17,0
DA:24,0
DA:26,0
DA:35,0
DA:47,0
DA:53,0
DA:58,0
DA:59,0
LF:16
LH:0
BRDA:26,0,0,0
BRDA:26,0,1,0
BRDA:24,1,0,0
BRDA:24,1,1,0
BRF:4
BRH:0
end_of_record
TN:
SF:/Users/andeladeveloper/Documents/CODEBASE/eventmanager/client/src/components/Center/getCenter.js
FN:4,getCenter
FNF:1
FNH:0
FNDA:0,getCenter
DA:1,0
DA:2,0
DA:4,0
DA:23,0
LF:4
LH:0
BRF:0
BRH:0
end_of_record
TN:
SF:/Users/andeladeveloper/Documents/CODEBASE/eventmanager/client/src/components/Center/Form/CenterForm.js
FN:5,centerFrom
FN:103,(anonymous_2)
FN:106,onClick
FNF:3
FNH:0
FNDA:0,centerFrom
FNDA:0,(anonymous_2)
FNDA:0,onClick
DA:1,0
DA:2,0
DA:3,0
DA:5,0
DA:103,0
DA:106,0
DA:129,0
LF:7
LH:0
BRF:0
BRH:0
end_of_record
TN:
SF:/Users/andeladeveloper/Documents/CODEBASE/eventmanager/client/src/components/Event/ViewEvents.js
FN:22,(anonymous_12)
FN:51,mapStateToProps
FN:56,mapDispatchToProps
FN:57,onInitEvent
FNF:4
FNH:0
FNDA:0,(anonymous_12)
FNDA:0,mapStateToProps
FNDA:0,mapDispatchToProps
FNDA:0,onInitEvent
DA:1,0
DA:2,0
DA:3,0
DA:4,0
DA:5,0
DA:6,0
DA:7,0
DA:12,0
DA:16,0
DA:22,0
DA:32,0
DA:44,0
DA:51,0
DA:56,0
DA:57,0
LF:15
LH:0
BRDA:22,0,0,0
BRDA:22,0,1,0
BRDA:22,1,0,0
BRDA:22,1,1,0
BRF:4
BRH:0
end_of_record
TN:
SF:/Users/andeladeveloper/Documents/CODEBASE/eventmanager/client/src/components/Event/getEvent.js
FN:5,display
FNF:1
FNH:0
FNDA:0,display
DA:1,0
DA:2,0
DA:5,0
DA:22,0
LF:4
LH:0
BRF:0
BRH:0
end_of_record
TN:
SF:/Users/andeladeveloper/Documents/CODEBASE/eventmanager/client/src/components/Event/Form/EventForm.js
FN:5,eventForm
FN:76,selectCenter
FNF:2
FNH:0
FNDA:0,eventForm
FNDA:0,selectCenter
DA:1,0
DA:2,0
DA:3,0
DA:5,0
DA:76,0
DA:88,0
LF:6
LH:0
BRF:0
BRH:0
end_of_record
TN:
SF:/Users/andeladeveloper/Documents/CODEBASE/eventmanager/client/src/components/Route/Route.js
FN:23,routers
FNF:1
FNH:0
FNDA:0,routers
DA:1,0
DA:2,0
DA:3,0
DA:4,0
DA:5,0
DA:6,0
DA:7,0
DA:8,0
DA:9,0
DA:10,0
DA:11,0
DA:12,0
DA:13,0
DA:14,0
DA:15,0
DA:16,0
DA:17,0
DA:18,0
DA:19,0
DA:20,0
DA:23,0
LF:21
LH:0
BRF:0
BRH:0
end_of_record
TN:
SF:/Users/andeladeveloper/Documents/CODEBASE/eventmanager/client/src/components/UI/Footer.js
FN:3,footer
FNF:1
FNH:0
FNDA:0,footer
DA:1,0
DA:3,0
LF:2
LH:0
BRF:0
BRH:0
end_of_record
TN:
SF:/Users/andeladeveloper/Documents/CODEBASE/eventmanager/client/src/components/UI/Home.js
FN:6,home
FNF:1
FNH:0
FNDA:0,home
DA:1,0
DA:2,0
DA:3,0
DA:6,0
LF:4
LH:0
BRF:0
BRH:0
end_of_record
TN:
SF:/Users/andeladeveloper/Documents/CODEBASE/eventmanager/client/src/components/User/EmailVerify.js
FN:36,mapDispatchToProps
FN:37,initemailverify
FNF:2
FNH:0
FNDA:0,mapDispatchToProps
FNDA:0,initemailverify
DA:1,0
DA:2,0
DA:3,0
DA:4,0
DA:8,0
DA:13,0
DA:16,0
DA:26,0
DA:36,0
DA:37,0
LF:10
LH:0
BRF:0
BRH:0
end_of_record
TN:
SF:/Users/andeladeveloper/Documents/CODEBASE/eventmanager/client/src/components/User/TextField.js
FN:4,TextField
FNF:1
FNH:0
FNDA:0,TextField
DA:1,0
DA:2,0
DA:4,0
DA:22,0
LF:4
LH:0
BRF:0
BRH:0
end_of_record
TN:
SF:/Users/andeladeveloper/Documents/CODEBASE/eventmanager/client/src/store/actions/actionsTypes.js
FNF:0
FNH:0
DA:1,0
DA:2,0
DA:3,0
DA:4,0
DA:7,0
DA:8,0
DA:9,0
DA:10,0
DA:11,0
DA:12,0
DA:13,0
DA:15,0
DA:16,0
DA:17,0
DA:18,0
DA:19,0
DA:20,0
DA:23,0
LF:18
LH:0
BRF:0
BRH:0
end_of_record
TN:
SF:/Users/andeladeveloper/Documents/CODEBASE/eventmanager/client/src/store/actions/centerAction.js
FN:6,getAllCenters
FN:13,getSingleCenter
FN:20,addCenters
FN:27,editCenter
FN:34,centerError
FN:43,initCenters
FN:44,(anonymous_8)
FN:46,(anonymous_9)
FN:49,(anonymous_10)
FN:56,getOneCenter
FN:57,(anonymous_12)
FN:59,(anonymous_13)
FN:62,(anonymous_14)
FN:71,initPostCenters
FN:72,(anonymous_16)
FN:74,(anonymous_17)
FN:79,(anonymous_18)
FN:81,(anonymous_19)
FN:88,initEditCenter
FN:89,(anonymous_21)
FN:91,(anonymous_22)
FN:96,(anonymous_23)
FN:98,(anonymous_24)
FN:108,initDeleteCenter
FN:109,(anonymous_26)
FN:111,(anonymous_27)
FN:115,(anonymous_28)
FNF:27
FNH:0
FNDA:0,getAllCenters
FNDA:0,getSingleCenter
FNDA:0,addCenters
FNDA:0,editCenter
FNDA:0,centerError
FNDA:0,initCenters
FNDA:0,(anonymous_8)
FNDA:0,(anonymous_9)
FNDA:0,(anonymous_10)
FNDA:0,getOneCenter
FNDA:0,(anonymous_12)
FNDA:0,(anonymous_13)
FNDA:0,(anonymous_14)
FNDA:0,initPostCenters
FNDA:0,(anonymous_16)
FNDA:0,(anonymous_17)
FNDA:0,(anonymous_18)
FNDA:0,(anonymous_19)
FNDA:0,initEditCenter
FNDA:0,(anonymous_21)
FNDA:0,(anonymous_22)
FNDA:0,(anonymous_23)
FNDA:0,(anonymous_24)
FNDA:0,initDeleteCenter
FNDA:0,(anonymous_26)
FNDA:0,(anonymous_27)
FNDA:0,(anonymous_28)
DA:2,0
DA:3,0
DA:4,0
DA:6,0
DA:7,0
DA:13,0
DA:14,0
DA:20,0
DA:21,0
DA:27,0
DA:28,0
DA:34,0
DA:35,0
DA:43,0
DA:44,0
DA:45,0
DA:47,0
DA:50,0
DA:56,0
DA:57,0
DA:58,0
DA:60,0
DA:63,0
DA:71,0
DA:72,0
DA:73,0
DA:75,0
DA:76,0
DA:77,0
DA:80,0
DA:81,0
DA:82,0
DA:88,0
DA:89,0
DA:90,0
DA:92,0
DA:93,0
DA:94,0
DA:97,0
DA:98,0
DA:99,0
DA:108,0
DA:109,0
DA:110,0
DA:112,0
DA:113,0
DA:116,0
DA:117,0
LF:48
LH:0
BRDA:81,0,0,0
BRDA:81,0,1,0
BRDA:98,1,0,0
BRDA:98,1,1,0
BRF:4
BRH:0
end_of_record
TN:
SF:/Users/andeladeveloper/Documents/CODEBASE/eventmanager/client/src/store/actions/eventAction.js
FN:6,getAllEvent
FN:13,getOneEvent
FN:21,postEvent
FN:28,editEvent
FN:35,deleteEvent
FN:43,eventError
FN:50,initEvents
FN:51,(anonymous_11)
FN:53,(anonymous_12)
FN:56,(anonymous_13)
FN:63,initGetOneEvent
FN:64,(anonymous_15)
FN:66,(anonymous_16)
FN:69,(anonymous_17)
FN:77,initPostEvent
FN:78,(anonymous_19)
FN:80,(anonymous_20)
FN:85,(anonymous_21)
FN:87,(anonymous_22)
FN:97,initEditEvent
FN:98,(anonymous_24)
FN:100,(anonymous_25)
FN:105,(anonymous_26)
FN:107,(anonymous_27)
FN:115,initDeleteEvent
FN:116,(anonymous_29)
FN:118,(anonymous_30)
FN:123,(anonymous_31)
FNF:28
FNH:0
FNDA:0,getAllEvent
FNDA:0,getOneEvent
FNDA:0,postEvent
FNDA:0,editEvent
FNDA:0,deleteEvent
FNDA:0,eventError
FNDA:0,initEvents
FNDA:0,(anonymous_11)
FNDA:0,(anonymous_12)
FNDA:0,(anonymous_13)
FNDA:0,initGetOneEvent
FNDA:0,(anonymous_15)
FNDA:0,(anonymous_16)
FNDA:0,(anonymous_17)
FNDA:0,initPostEvent
FNDA:0,(anonymous_19)
FNDA:0,(anonymous_20)
FNDA:0,(anonymous_21)
FNDA:0,(anonymous_22)
FNDA:0,initEditEvent
FNDA:0,(anonymous_24)
FNDA:0,(anonymous_25)
FNDA:0,(anonymous_26)
FNDA:0,(anonymous_27)
FNDA:0,initDeleteEvent
FNDA:0,(anonymous_29)
FNDA:0,(anonymous_30)
FNDA:0,(anonymous_31)
DA:2,0
DA:3,0
DA:4,0
DA:6,0
DA:7,0
DA:13,0
DA:14,0
DA:15,0
DA:21,0
DA:22,0
DA:28,0
DA:29,0
DA:35,0
DA:36,0
DA:43,0
DA:44,0
DA:50,0
DA:51,0
DA:52,0
DA:54,0
DA:57,0
DA:63,0
DA:64,0
DA:65,0
DA:67,0
DA:70,0
DA:77,0
DA:78,0
DA:79,0
DA:81,0
DA:82,0
DA:83,0
DA:86,0
DA:87,0
DA:88,0
DA:97,0
DA:98,0
DA:99,0
DA:101,0
DA:102,0
DA:103,0
DA:106,0
DA:107,0
DA:108,0
DA:115,0
DA:116,0
DA:117,0
DA:119,0
DA:120,0
DA:121,0
DA:124,0
DA:125,0
LF:52
LH:0
BRDA:14,0,0,0
BRDA:14,0,1,0
BRDA:87,1,0,0
BRDA:87,1,1,0
BRDA:107,2,0,0
BRDA:107,2,1,0
BRF:6
BRH:0
end_of_record
TN:
SF:/Users/andeladeveloper/Documents/CODEBASE/eventmanager/client/src/store/actions/userAction.js
FN:7,signUpUser
FN:15,logIn
FN:22,setUser
FN:30,userError
FN:38,initUser
FN:39,(anonymous_7)
FN:41,(anonymous_8)
FN:46,(anonymous_9)
FN:48,(anonymous_10)
FN:57,initUserLogin
FN:58,(anonymous_12)
FN:60,(anonymous_13)
FN:68,(anonymous_14)
FN:70,(anonymous_15)
FN:79,initUserLogout
FN:80,(anonymous_17)
FN:89,initconfirmPassword
FN:90,(anonymous_19)
FN:92,(anonymous_20)
FN:96,(anonymous_21)
FN:98,(anonymous_22)
FN:107,initpasswordreset
FN:108,(anonymous_24)
FN:110,(anonymous_25)
FN:113,(anonymous_26)
FN:115,(anonymous_27)
FN:124,initemailverify
FN:125,(anonymous_29)
FN:127,(anonymous_30)
FN:130,(anonymous_31)
FNF:30
FNH:0
FNDA:0,signUpUser
FNDA:0,logIn
FNDA:0,setUser
FNDA:0,userError
FNDA:0,initUser
FNDA:0,(anonymous_7)
FNDA:0,(anonymous_8)
FNDA:0,(anonymous_9)
FNDA:0,(anonymous_10)
FNDA:0,initUserLogin
FNDA:0,(anonymous_12)
FNDA:0,(anonymous_13)
FNDA:0,(anonymous_14)
FNDA:0,(anonymous_15)
FNDA:0,initUserLogout
FNDA:0,(anonymous_17)
FNDA:0,initconfirmPassword
FNDA:0,(anonymous_19)
FNDA:0,(anonymous_20)
FNDA:0,(anonymous_21)
FNDA:0,(anonymous_22)
FNDA:0,initpasswordreset
FNDA:0,(anonymous_24)
FNDA:0,(anonymous_25)
FNDA:0,(anonymous_26)
FNDA:0,(anonymous_27)
FNDA:0,initemailverify
FNDA:0,(anonymous_29)
FNDA:0,(anonymous_30)
FNDA:0,(anonymous_31)
DA:2,0
DA:3,0
DA:4,0
DA:5,0
DA:7,0
DA:8,0
DA:15,0
DA:16,0
DA:22,0
DA:23,0
DA:30,0
DA:31,0
DA:38,0
DA:39,0
DA:40,0
DA:42,0
DA:43,0
DA:44,0
DA:47,0
DA:48,0
DA:51,0
DA:57,0
DA:58,0
DA:59,0
DA:61,0
DA:62,0
DA:63,0
DA:64,0
DA:65,0
DA:66,0
DA:69,0
DA:70,0
DA:73,0
DA:79,0
DA:80,0
DA:81,0
DA:82,0
DA:83,0
DA:84,0
DA:89,0
DA:90,0
DA:91,0
DA:93,0
DA:94,0
DA:97,0
DA:98,0
DA:101,0
DA:107,0
DA:108,0
DA:109,0
DA:111,0
DA:112,0
DA:114,0
DA:115,0
DA:118,0
DA:124,0
DA:125,0
DA:126,0
DA:128,0
DA:129,0
DA:131,0
DA:132,0
DA:133,0
LF:63
LH:0
BRDA:48,0,0,0
BRDA:48,0,1,0
BRDA:70,1,0,0
BRDA:70,1,1,0
BRDA:98,2,0,0
BRDA:98,2,1,0
BRDA:99,3,0,0
BRDA:99,3,1,0
BRDA:115,4,0,0
BRDA:115,4,1,0
BRDA:116,5,0,0
BRDA:116,5,1,0
BRF:12
BRH:0
end_of_record
TN:
SF:/Users/andeladeveloper/Documents/CODEBASE/eventmanager/client/src/store/reducers/authReducer.js
FN:10,reducer
FNF:1
FNH:0
FNDA:0,reducer
DA:1,0
DA:2,0
DA:5,0
DA:10,0
DA:11,0
DA:13,0
DA:17,0
LF:7
LH:0
BRDA:10,0,0,0
BRDA:10,0,1,0
BRDA:10,1,0,0
BRDA:10,1,1,0
BRDA:12,2,0,0
BRDA:12,2,1,0
BRF:6
BRH:0
end_of_record
TN:
SF:/Users/andeladeveloper/Documents/CODEBASE/eventmanager/client/src/store/reducers/centerReducer.js
FN:11,reducer
FNF:1
FNH:0
FNDA:0,reducer
DA:1,0
DA:3,0
DA:11,0
DA:12,0
DA:14,0
DA:20,0
DA:26,0
DA:32,0
DA:38,0
DA:43,0
LF:10
LH:0
BRDA:11,0,0,0
BRDA:11,0,1,0
BRDA:11,1,0,0
BRDA:11,1,1,0
BRDA:13,2,0,0
BRDA:13,2,1,0
BRDA:13,2,2,0
BRDA:13,2,3,0
BRDA:13,2,4,0
BRDA:13,2,5,0
BRF:10
BRH:0
end_of_record
TN:
SF:/Users/andeladeveloper/Documents/CODEBASE/eventmanager/client/src/store/reducers/eventReducer.js
FN:13,reducer
FNF:1
FNH:0
FNDA:0,reducer
DA:1,0
DA:3,0
DA:13,0
DA:14,0
DA:16,0
DA:22,0
DA:28,0
DA:34,0
DA:40,0
DA:46,0
DA:51,0
LF:11
LH:0
BRDA:13,0,0,0
BRDA:13,0,1,0
BRDA:13,1,0,0
BRDA:13,1,1,0
BRDA:15,2,0,0
BRDA:15,2,1,0
BRDA:15,2,2,0
BRDA:15,2,3,0
BRDA:15,2,4,0
BRDA:15,2,5,0
BRDA:15,2,6,0
BRF:11
BRH:0
end_of_record
TN:
SF:/Users/andeladeveloper/Documents/CODEBASE/eventmanager/client/src/store/reducers/userReducer.js
FN:8,reducer
FNF:1
FNH:0
FNDA:0,reducer
DA:1,0
DA:3,0
DA:8,0
DA:9,0
DA:11,0
DA:17,0
DA:23,0
DA:28,0
LF:8
LH:0
BRDA:8,0,0,0
BRDA:8,0,1,0
BRDA:8,1,0,0
BRDA:8,1,1,0
BRDA:10,2,0,0
BRDA:10,2,1,0
BRDA:10,2,2,0
BRDA:10,2,3,0
BRF:8
BRH:0
end_of_record
TN:
SF:/Users/andeladeveloper/Documents/CODEBASE/eventmanager/client/test/testConfig.js
FN:11,openUploadWidget
FN:19,(anonymous_2)
FN:21,(anonymous_3)
FNF:3
FNH:0
FNDA:0,openUploadWidget
FNDA:0,(anonymous_2)
FNDA:0,(anonymous_3)
DA:1,0
DA:2,0
DA:3,0
DA:5,0
DA:7,0
DA:8,0
DA:9,0
DA:10,0
DA:12,0
DA:15,0
DA:18,0
DA:19,0
DA:21,0
DA:22,0
DA:24,0
LF:15
LH:0
BRF:0
BRH:0
end_of_record
TN:
SF:/Users/andeladeveloper/Documents/CODEBASE/eventmanager/client/test/mocks/localStorage.js
FN:2,MockLocalStorage
FNF:1
FNH:0
FNDA:0,MockLocalStorage
DA:2,0
DA:3,0
DA:7,0
DA:11,0
DA:15,0
DA:19,0
DA:23,0
LF:7
LH:0
BRDA:11,0,0,0
BRDA:11,0,1,0
BRF:2
BRH:0
end_of_record
